2025-05-14 05:05:03,651 - INFO - Total 486 links found indansu.txt
2025-05-14 05:05:03,651 - INFO - Processing batch 0 to 8
2025-05-14 05:05:12,134 - INFO - ✅ Saved txt: download_dansu/3_Chi-thi-18-CT-UBND-2024-goi-cong-dan-nhap-ngu-thuc-hien-tham-gia-Cong-an-nhan-dan-Thanh-Hoa-9A96C.txt
2025-05-14 05:05:12,454 - INFO - ✅ Saved txt: download_dansu/1_Chi-thi-15-CT-UBND-2024-tuyen-chon-cong-dan-thuc-hien-nghia-vu-tham-gia-Cong-an-Ho-Chi-Minh-9B07F.txt
2025-05-14 05:05:12,683 - INFO - ✅ Saved txt: download_dansu/4_Nghi-dinh-152-2024-ND-CP-sua-doi-Nghi-dinh-62-2015-ND-CP-duoc-sua-doi-tai-Nghi-dinh-33-2020-ND-CP-9A48E.txt
2025-05-14 05:05:14,159 - INFO - ✅ Saved txt: download_dansu/0_Van-ban-hop-nhat-10-VBHN-VPQH-2025-Luat-Thi-hanh-an-dan-su-26-2008-QH12-9EA61.txt
2025-05-14 05:05:14,282 - INFO - ✅ Saved txt: download_dansu/2_Van-ban-hop-nhat-6994-VBHN-BTP-2024-Nghi-dinh-quy-dinh-chi-tiet-Luat-Thi-hanh-an-dan-su-9ADA4.txt
2025-05-14 05:05:14,602 - INFO - ✅ Saved txt: download_dansu/6_Chi-thi-07-CT-UBND-2024-goi-cong-dan-nhap-ngu-Lao-Cai-2025-9AB00.txt
2025-05-14 05:05:14,898 - INFO - ✅ Saved txt: download_dansu/7_Quyet-dinh-1939-QD-UBND-2024-Quy-che-phoi-hop-trong-cong-tac-quan-ly-nguoi-nuoc-ngoai-Bac-Kan-9B8FA.txt
2025-05-14 05:05:14,941 - INFO - ✅ Saved txt: download_dansu/5_Quyet-dinh-63-2024-QD-UBND-sua-doi-Quy-che-quan-ly-nguoi-nuoc-ngoai-tren-dia-ban-tinh-Cao-Bang-9A498.txt
2025-05-14 05:05:26,942 - INFO - Processing batch 8 to 16
2025-05-14 05:05:33,380 - INFO - ✅ Saved txt: download_dansu/9_Chi-thi-29-CT-UBND-2024-goi-cong-dan-nhap-ngu-thuc-hien-nghia-vu-Cong-an-nhan-dan-Nam-Dinh-98C21.txt
2025-05-14 05:05:33,937 - INFO - ✅ Saved txt: download_dansu/12_Quyet-dinh-1863-QD-UBND-2024-thu-tuc-hanh-chinh-Quan-ly-xuat-nhap-canh-Uy-ban-tinh-Vinh-Long-990DF.txt
2025-05-14 05:05:33,972 - INFO - ✅ Saved txt: download_dansu/8_Chi-thi-10-CT-UBND-2024-goi-cong-dan-thuc-hien-nghia-vu-tham-gia-Cong-an-nhan-dan-Ha-Noi-98D77.txt
2025-05-14 05:05:34,518 - INFO - ✅ Saved txt: download_dansu/11_Quyet-dinh-1040-QD-TTg-2024-Ke-hoach-thuc-hien-Hiep-dinh-Tuong-tro-Tu-phap-dan-su-Viet-Nam-Thai-Lan-98BA4.txt
2025-05-14 05:05:34,785 - INFO - ✅ Saved txt: download_dansu/10_Chi-thi-20-CT-UBND-2024-goi-cong-dan-thuc-hien-nghia-vu-tham-gia-Cong-an-nhan-dan-Hue-2025-98D3B.txt
2025-05-14 05:05:35,315 - INFO - ✅ Saved txt: download_dansu/13_Chi-thi-11-CT-CTUBND-2024-tuyen-chon-cong-dan-thuc-hien-nghia-vu-Cong-an-nam-2025-Vinh-Phuc-98DF5.txt
2025-05-14 05:05:35,632 - INFO - ✅ Saved txt: download_dansu/15_Cong-van-4567-BGDDT-CNTT-2024-tang-cuong-bao-ve-du-lieu-ca-nhan-an-toan-thong-tin-mang-97DE2.txt
2025-05-14 05:05:35,640 - INFO - ✅ Saved txt: download_dansu/14_Cong-van-3854-VKSTC-V9-2024-giai-dap-vuong-mac-kiem-sat-viec-giai-quyet-vu-viec-hon-nhan-gia-dinh-986B1.txt
2025-05-14 05:05:47,641 - INFO - Processing batch 16 to 24
2025-05-14 05:05:55,251 - INFO - ✅ Saved txt: download_dansu/19_Quyet-dinh-900-QD-BTP-2024-Ke-hoach-so-ket-05-nam-thuc-hien-Nghi-dinh-19-2019-ND-CP-95555.txt
2025-05-14 05:05:55,494 - INFO - ✅ Saved txt: download_dansu/20_Quyet-dinh-19-2024-QD-UBND-2024-phoi-hop-quan-ly-dang-ky-bao-dam-bang-quyen-su-dung-dat-Dong-Nai-94B13.txt
2025-05-14 05:05:55,827 - INFO - ✅ Saved txt: download_dansu/16_Cong-van-3945-TCHQ-TXNK-2024-tai-san-the-chap-98480.txt
2025-05-14 05:05:56,115 - INFO - ✅ Saved txt: download_dansu/18_Nghi-dinh-69-2024-ND-CP-quy-dinh-dinh-danh-xac-thuc-dien-tu-91DBD.txt
2025-05-14 05:05:56,593 - INFO - ✅ Saved txt: download_dansu/17_Quyet-dinh-5283-QD-BCA-2024-cong-bo-thu-tuc-hanh-chinh-linh-vuc-quan-ly-xuat-nhap-canh-97296.txt
2025-05-14 05:05:56,835 - INFO - ✅ Saved txt: download_dansu/21_Quyet-dinh-678-QD-BTP-2024-kiem-tra-cong-tac-dang-ky-bien-phap-bao-dam-bang-quyen-su-dung-dat-94D2E.txt
2025-05-14 05:05:56,988 - INFO - ✅ Saved txt: download_dansu/22_Quyet-dinh-285-QD-TTg-2024-Ke-hoach-thuc-hien-Hiep-dinh-Tuong-tro-tu-phap-dan-su-Viet-Nam-Lao-93D3E.txt
2025-05-14 05:05:58,237 - INFO - ✅ Saved txt: download_dansu/23_Cong-van-1083-VKSTC-V9-2024-giai-dap-vuong-mac-cong-tac-kiem-sat-vu-viec-dan-su-93A71.txt
2025-05-14 05:06:10,239 - INFO - Processing batch 24 to 32
2025-05-14 05:06:17,196 - INFO - ✅ Saved txt: download_dansu/24_Quyet-dinh-113-QD-UBND-2024-Noi-quy-Hoi-nghi-cung-cap-thong-tin-bao-chi-cong-tac-nhan-quyen-Kon-Tum-92EAD.txt
2025-05-14 05:06:17,603 - INFO - ✅ Saved txt: download_dansu/26_Quyet-dinh-265-QD-UBND-2024-uy-quyen-So-Tu-phap-giai-quyet-thu-tuc-hanh-chinh-Nuoi-con-nuoi-Tien-Giang-92625.txt
2025-05-14 05:06:18,069 - INFO - ✅ Saved txt: download_dansu/25_Quyet-dinh-1277-QD-UBND-2024-giai-quyet-thu-tuc-hanh-chinh-truc-tuyen-Dang-ky-ket-hon-Uy-ban-xa-Ha-Noi-96130.txt
2025-05-14 05:06:18,123 - INFO - ✅ Saved txt: download_dansu/27_Quyet-dinh-174-QD-TTg-2024-phe-duyet-Bao-cao-thuc-thi-Cong-uoc-chong-tra-tan-92263.txt
2025-05-14 05:06:18,522 - INFO - ✅ Saved txt: download_dansu/28_Quyet-dinh-493-QD-UBND-2024-giai-quyet-thu-tuc-hanh-chinh-Dang-ky-ket-hon-Uy-ban-xa-Ho-Chi-Minh-9270F.txt
2025-05-14 05:06:18,707 - INFO - ✅ Saved txt: download_dansu/29_Quyet-dinh-492-QD-UBND-2024-giai-quyet-thu-tuc-hanh-chinh-Dang-ky-ket-hon-Uy-ban-quan-Ho-Chi-Minh-92710.txt
2025-05-14 05:06:19,363 - INFO - ✅ Saved txt: download_dansu/30_Quyet-dinh-256-QD-UBND-2024-phoi-hop-quan-ly-dang-ky-bao-dam-bang-quyen-su-dung-dat-Can-Tho-93360.txt
2025-05-14 05:06:19,599 - INFO - ✅ Saved txt: download_dansu/31_Quyet-dinh-189-QD-UBND-2024-thu-tuc-hanh-chinh-dang-ky-bien-phap-bao-dam-So-Tai-nguyen-Ben-Tre-928D3.txt
2025-05-14 05:06:31,600 - INFO - Processing batch 32 to 40
2025-05-14 05:06:38,706 - INFO - ✅ Saved txt: download_dansu/36_Quyet-dinh-5962-QD-UBND-2023-cong-bo-thu-tuc-hanh-chinh-linh-vuc-nuoi-con-nuoi-So-Tu-phap-Ho-Chi-Minh-916BC.txt
2025-05-14 05:06:39,835 - INFO - ✅ Saved txt: download_dansu/34_Quyet-dinh-157-QD-UBND-2024-giai-quyet-thu-tuc-hanh-chinh-dat-dai-So-Tai-nguyen-Quang-Tri-93D77.txt
2025-05-14 05:06:41,094 - INFO - ✅ Saved txt: download_dansu/32_Quyet-dinh-106-QD-CT-2024-cong-bo-thu-tuc-hanh-chinh-truc-tuyen-Ho-tich-So-Tu-phap-Vinh-Phuc-92CA0.txt
2025-05-14 05:06:41,096 - INFO - ✅ Saved txt: download_dansu/35_Quyet-dinh-28-QD-UBND-2024-giai-quyet-thu-tuc-dang-ky-bien-phap-bao-dam-So-Tai-nguyen-Vinh-Long-939D7.txt
2025-05-14 05:06:41,343 - INFO - ✅ Saved txt: download_dansu/33_Quyet-dinh-241-QD-UBND-2024-dang-ky-bien-phap-bao-dam-bang-quyen-su-dung-dat-Hue-91A62.txt
2025-05-14 05:06:41,935 - INFO - ✅ Saved txt: download_dansu/38_Quyet-dinh-2813-QD-BTC-2023-Quy-che-bao-ve-du-lieu-ca-nhan-tai-Bo-Tai-chinh-9127D.txt
2025-05-14 05:06:43,590 - INFO - ✅ Saved txt: download_dansu/39_Quyet-dinh-11846-QD-UBND-2023-cong-bo-thu-tuc-hanh-chinh-Nuoi-con-nuoi-So-Tu-phap-Long-An-92E0C.txt
2025-05-14 05:06:43,590 - INFO - ✅ Saved txt: download_dansu/37_Quyet-dinh-3011-QD-BTP-2023-Chuong-trinh-cong-tac-trong-tam-linh-vuc-thi-hanh-an-dan-su-2024-90BE3.txt
2025-05-14 05:06:55,591 - INFO - Processing batch 40 to 48
2025-05-14 05:07:02,374 - INFO - ✅ Saved txt: download_dansu/40_Quyet-dinh-2330-QD-UBND-2023-cong-bo-thu-tuc-hanh-chinh-Gia-dinh-So-Van-hoa-Yen-Bai-8FFF6.txt
2025-05-14 05:07:02,482 - INFO - ✅ Saved txt: download_dansu/41_Quyet-dinh-2216-QD-UBND-2023-cong-bo-thu-tuc-hanh-chinh-Ho-tich-cua-Uy-ban-cap-huyen-Bac-Lieu-922B1.txt
2025-05-14 05:07:02,622 - INFO - ✅ Saved txt: download_dansu/44_Cong-van-9452-VPCP-PL-2023-cong-tac-thi-hanh-Luat-Tiep-can-thong-tin-9011E.txt
2025-05-14 05:07:02,869 - INFO - ✅ Saved txt: download_dansu/42_Quyet-dinh-2592-QD-UBND-2023-cong-bo-thu-tuc-hanh-chinh-Ho-tich-So-Tu-phap-Hung-Yen-8FDBC.txt
2025-05-14 05:07:03,382 - INFO - ✅ Saved txt: download_dansu/43_Quyet-dinh-3092-QD-UBND-2023-cong-bo-thu-tuc-hanh-chinh-nuoi-con-nuoi-nganh-Tu-phap-Dong-Nai-8FE69.txt
2025-05-14 05:07:04,397 - INFO - ✅ Saved txt: download_dansu/45_Quyet-dinh-3407-QD-UBND-2023-quy-trinh-dich-vu-cong-truc-tuyen-Ho-tich-Uy-ban-huyen-Quang-Binh-90075.txt
2025-05-14 05:07:04,493 - INFO - ✅ Saved txt: download_dansu/46_Quyet-dinh-3405-QD-UBND-2023-quy-trinh-dich-vu-cong-truc-tuyen-Nuoi-con-nuoi-Uy-ban-xa-Quang-Binh-90074.txt
2025-05-14 05:07:04,710 - INFO - ✅ Saved txt: download_dansu/47_Quyet-dinh-1457-QD-UBND-2023-cong-bo-28-thu-tuc-hanh-chinh-ho-tich-So-Tu-phap-Tuyen-Quang-8FAFA.txt
2025-05-14 05:07:16,711 - INFO - Processing batch 48 to 56
2025-05-14 05:07:23,316 - INFO - ✅ Saved txt: download_dansu/51_Cong-van-9106-VPCP-DMDN-2023-tu-cach-phap-nhan-cong-ty-Uy-ban-tinh-quan-ly-Thanh-Hoa-8F735.txt
2025-05-14 05:07:23,630 - INFO - ✅ Saved txt: download_dansu/48_Cong-van-5191-BVHTTDL-BQTG-2023-tinh-hinh-trien-khai-Quyet-dinh-88-QD-TTg-8FB91.txt
2025-05-14 05:07:23,721 - INFO - ✅ Saved txt: download_dansu/49_Quyet-dinh-1927-QD-UBND-2023-trien-khai-dang-ky-nghia-vu-quan-su-Binh-Phuoc-8FA9A.txt
2025-05-14 05:07:24,451 - INFO - ✅ Saved txt: download_dansu/52_Quyet-dinh-2915-QD-UBND-2023-cong-bo-thu-tuc-hanh-chinh-cong-chung-So-Tu-phap-Thai-Nguyen-8F7B3.txt
2025-05-14 05:07:25,052 - INFO - ✅ Saved txt: download_dansu/50_Quyet-dinh-1726-QD-UBND-2023-cong-bo%CC%81-thu-tuc-hanh-chinh-cong-chung-So-Tu-phap-Quang-Ngai-8F6BD.txt
2025-05-14 05:07:25,294 - INFO - ✅ Saved txt: download_dansu/54_Quyet-dinh-1879-QD-UBND-2023-cong-bo-thu-tuc-hanh-chinh-cong-chung-nganh-Tu-phap-Binh-Phuoc-8F7AD.txt
2025-05-14 05:07:25,305 - INFO - ✅ Saved txt: download_dansu/55_Quyet-dinh-3784-QD-UBND-2023-cong-bo-thu-tuc-hanh-chinh-bien-phap-bao-dam-So-Tu-phap-Nghe-An-8F6C6.txt
2025-05-14 05:07:25,346 - INFO - ✅ Saved txt: download_dansu/53_Quyet-dinh-2676-QD-UBND-2023-cong-bo-thu-tuc-hanh-chinh-So-Tu-phap-Hai-Duong-8F9EE.txt
2025-05-14 05:07:37,347 - INFO - Processing batch 56 to 64
2025-05-14 05:07:44,536 - INFO - ✅ Saved txt: download_dansu/56_Quyet-dinh-2671-QD-UBND-2023-thu-tuc-hanh-chinh-linh-vuc-nuoi-con-nuoi-So-Tu-phap-Hoa-Binh-8F77A.txt
2025-05-14 05:07:44,716 - INFO - ✅ Saved txt: download_dansu/59_Quyet-dinh-1353-QD-CTN-2023-cho-tro-lai-quoc-tich-Viet-Nam-voi-Juan-Shih-Yu-8F9E5.txt
2025-05-14 05:07:44,849 - INFO - ✅ Saved txt: download_dansu/57_Quyet-dinh-1566-QD-UBND-2023-cong-bo-thu-tuc-hanh-chinh-nuoi-con-nuoi-So-Tu-phap-Phu-Yen-8F47F.txt
2025-05-14 05:07:46,709 - INFO - ✅ Saved txt: download_dansu/61_Quyet-dinh-997-QD-UBND-2023-cong-bo-14-thu-tuc-hanh-chinh-ho-tich-Uy-ban-huyen-xa-Gia-Lai-8EF20.txt
2025-05-14 05:07:46,826 - INFO - ✅ Saved txt: download_dansu/63_Quyet-dinh-38-2023-QD-UBND-phoi-hop-quan-ly-dang-ky-bao-dam-bang-quyen-su-dung-dat-An-Giang-8FCAA.txt
2025-05-14 05:07:46,863 - INFO - ✅ Saved txt: download_dansu/62_Thong-bao-11-2024-TB-LPQT-Hiep-dinh-mien-thi-thuc-ho-chieu-ngoai-giao-Viet-Nam-Mong-Co-9373A.txt
2025-05-14 05:07:46,864 - INFO - ✅ Saved txt: download_dansu/60_Quyet-dinh-10479-QD-UBND-2023-cong-bo-thu-tuc-hanh-chinh-linh-vuc-ho-tich-So-Tu-phap-Long-An-8FE91.txt
2025-05-14 05:07:47,264 - INFO - ✅ Saved txt: download_dansu/58_Quyet-dinh-2727-QD-UBND-2023-cong-bo-thu-tuc-hanh-chinh-ho-tich-So-Tu-phap-Quang-Tri-8F7EB.txt
2025-05-14 05:07:59,265 - INFO - Processing batch 64 to 72
2025-05-14 05:08:06,280 - INFO - ✅ Saved txt: download_dansu/66_Quyet-dinh-2303-QD-BTP-2023-cong-bo-thu-tuc-hanh-chinh-linh-vuc-thi-hanh-an-dan-su-8E86F.txt
2025-05-14 05:08:06,296 - INFO - ✅ Saved txt: download_dansu/67_Thong-tu-61-2023-TT-BTC-thu-nop-quan-ly-va-su-dung-phi-linh-vuc-dang-ky-giao-dich-bao-dam-8DCCE.txt
2025-05-14 05:08:06,339 - INFO - ✅ Saved txt: download_dansu/64_Quyet-dinh-2635-QD-UBND-2023-chat-luong-cong-tac-thi-hanh-an-dan-su-ban-an-kinh-doanh-Soc-Trang-8E956.txt
2025-05-14 05:08:06,435 - INFO - ✅ Saved txt: download_dansu/68_Van-ban-hop-nhat-4510-VBHN-BTP-2023-Thong-tu-huong-dan-Nghi-dinh-87-2020-ND-CP-8DCDC.txt
2025-05-14 05:08:06,533 - INFO - ✅ Saved txt: download_dansu/65_Quyet-dinh-2502-QD-UBND-2023-lien-thong-dien-tu-02-nhom-thu-tuc-hanh-chinh-Can-Tho-8F1D5.txt
2025-05-14 05:08:07,197 - INFO - ✅ Saved txt: download_dansu/71_Cong-van-2916-BCA-A05-2023-tang-cuong-cong-tac-bao-ve-du-lieu-ca-nhan-8DB01.txt
2025-05-14 05:08:07,353 - INFO - ✅ Saved txt: download_dansu/69_Van-ban-hop-nhat-4371-VBHN-BTP-2023-Quyet-dinh-chuc-nang-nhiem-vu-Tong-cuc-Thi-hanh-an-dan-su-8D9DD.txt
2025-05-14 05:08:07,472 - INFO - ✅ Saved txt: download_dansu/70_Cong-van-1568-UBDT-PC-2023-theo-doi-tinh-hinh-thi-hanh-tro-giup-phap-ly-dan-toc-thieu-so-8D5E4.txt
2025-05-14 05:08:19,473 - INFO - Processing batch 72 to 80
2025-05-14 05:08:26,897 - INFO - ✅ Saved txt: download_dansu/75_Van-ban-hop-nhat-44-VBHN-BGTVT-2023-Thong-tu-boi-thuong-van-chuyen-hanh-khach-duong-hang-khong-8C4FB.txt
2025-05-14 05:08:27,448 - INFO - ✅ Saved txt: download_dansu/76_Quyet-dinh-727-QD-TCTHADS-2023-nang-cao-hieu-qua-thi-hanh-an-dan-su-kinh-doanh-thuong-mai-8DAB5.txt
2025-05-14 05:08:27,653 - INFO - ✅ Saved txt: download_dansu/73_Quyet-dinh-971-QD-UBND-2023-Ke-hoach-thoi-gian-nam-hoc-2023-2024-giao-duc-mam-non-Dak-Nong-8CD10.txt
2025-05-14 05:08:27,822 - INFO - ✅ Saved txt: download_dansu/74_Quyet-dinh-2941-QD-UBND-2023-thuc-hien-Nghi-dinh-bao-ve-du-lieu-ca-nhan-Binh-Dinh-8C70F.txt
2025-05-14 05:08:28,270 - INFO - ✅ Saved txt: download_dansu/72_Thong-tu-04-2023-TT-BTP-huong-dan-thuc-hien-thu-tuc-ve-quan-ly-hanh-chinh-8CA2F.txt
2025-05-14 05:08:28,740 - INFO - ✅ Saved txt: download_dansu/78_Nghi-quyet-34-NQ-HDND-2023-ket-qua-giam-sat-chap-hanh-phap-luat-xet-xu-vu-an-dan-su-Long-An-8F03B.txt
2025-05-14 05:08:28,872 - INFO - ✅ Saved txt: download_dansu/77_Quyet-dinh-4977-QD-BCA-2023-cong-bo-thu-tuc-hanh-chinh-linh-vuc-quan-ly-xuat-nhap-canh-8BE7B.txt
2025-05-14 05:08:28,979 - INFO - ✅ Saved txt: download_dansu/79_Quyet-dinh-1597-QD-UBND-2023-quy-trinh-thu-tuc-hanh-chinh-linh-vuc-Dang-ky-bien-phap-bao-dam-Vinh-Long-8BF63.txt
2025-05-14 05:08:40,979 - INFO - Processing batch 80 to 88
2025-05-14 05:08:47,677 - INFO - ✅ Saved txt: download_dansu/80_Nghi-quyet-13-2023-NQ-HDND-muc-thu-quan-ly-va-su-dung-phi-dang-ky-bien-phap-bao-dam-Bac-Ninh-8C168.txt
2025-05-14 05:08:47,813 - INFO - ✅ Saved txt: download_dansu/82_Lenh-07-2023-L-CTN-cong-bo-Luat-Giao-dich-dien-tu-2023-8BD7B.txt
2025-05-14 05:08:47,986 - INFO - ✅ Saved txt: download_dansu/81_Cong-van-2637-VKSTC-V11-2023-giai-dap-kho-khan-cong-tac-kiem-sat-thi-hanh-an-dan-su-8BADD.txt
2025-05-14 05:08:48,263 - INFO - ✅ Saved txt: download_dansu/83_Quyet-dinh-1904-QD-UBND-2023-Quy-trinh-noi-bo-thu-tuc-hanh-chinh-dang-ky-bien-phap-bao-dam-Nghe-An-8B91B.txt
2025-05-14 05:08:48,329 - INFO - ✅ Saved txt: download_dansu/84_Quyet-dinh-588-2023-QD-CTN-phe-chuan-Hiep-dinh-Tuong-tro-tu-phap-dan-su-Viet-Nam-Lao-93D5E.txt
2025-05-14 05:08:48,845 - INFO - ✅ Saved txt: download_dansu/85_Quyet-dinh-1155-QD-UBND-2023-tuyen-truyen-pho-bien-Cong-uoc-quoc-te-ve-quyen-dan-su-Vinh-Long-8A84F.txt
2025-05-14 05:08:48,903 - INFO - ✅ Saved txt: download_dansu/86_Quyet-dinh-1154-QD-UBND-2023-pho-bien-trong-can-bo-cong-chuc-Cong-uoc-chong-tra-tan-Vinh-Long-8A84E.txt
2025-05-14 05:08:49,092 - INFO - ✅ Saved txt: download_dansu/87_Quyet-dinh-1140-QD-UBND-2023-thu-tuc-hanh-chinh-Dang-ky-bien-phap-bao-dam-cap-huyen-Soc-Trang-8A493.txt
2025-05-14 05:09:01,093 - INFO - Processing batch 88 to 96
2025-05-14 05:09:08,114 - INFO - ✅ Saved txt: download_dansu/89_Quyet-dinh-550-QD-UBND-2023-thu-tuc-hanh-chinh-bien-phap-bao-dam-So-Tai-nguyen-An-Giang-8A877.txt
2025-05-14 05:09:08,267 - INFO - ✅ Saved txt: download_dansu/91_Nghi-dinh-13-2023-ND-CP-bao-ve-du-lieu-ca-nhan-71921.txt
2025-05-14 05:09:08,677 - INFO - ✅ Saved txt: download_dansu/90_Nghi-quyet-01-2023-NQ-HDND-muc-thu-phi-dang-ky-giao-dich-bao-dam-quyen-su-dung-dat-Ho-Chi-Minh-8AAC1.txt
2025-05-14 05:09:09,611 - INFO - ✅ Saved txt: download_dansu/92_Quyet-dinh-818-QD-UBND-2023-thu-tuc-hanh-chinh-bien-phap-bao-dam-So-Tai-nguyen-Khanh-Hoa-89F22.txt
2025-05-14 05:09:09,651 - INFO - ✅ Saved txt: download_dansu/93_Quyet-dinh-529-QD-UBND-2023-tang-cuong-thuc-thi-Cong-uoc-chong-tra-tan-Son-La-89633.txt
2025-05-14 05:09:10,000 - INFO - ✅ Saved txt: download_dansu/94_Quyet-dinh-170-QD-UBND-2023-giai-quyet-thu-tuc-hanh-chinh-Tro-giup-phap-ly-So-Tu-phap-Kon-Tum-8951E.txt
2025-05-14 05:09:10,010 - INFO - ✅ Saved txt: download_dansu/95_Quyet-dinh-551-QD-UBND-2023-thu-tuc-hanh-chinh-dang-ky-ket-hon-truc-tuyen-So-Tu-phap-Lai-Chau-8945C.txt
2025-05-14 05:09:11,588 - INFO - ✅ Saved txt: download_dansu/88_Quyet-dinh-913-QD-UBND-2023-tang-cuong-thuc-thi-hieu-qua-Cong-uoc-chong-tra-tan-Vinh-Long-89D4C.txt
2025-05-14 05:09:23,589 - INFO - Processing batch 96 to 104
2025-05-14 05:09:30,689 - INFO - ✅ Saved txt: download_dansu/100_Quyet-dinh-712-QD-UBND-2023-cong-bo-thu-tuc-hanh-chinh-bien-phap-bao-dam-So-Tu-phap-Hung-Yen-8944A.txt
2025-05-14 05:09:30,691 - INFO - ✅ Saved txt: download_dansu/99_Quyet-dinh-344-QD-UBND-2023-thu-tuc-hanh-chinh-dang-ky-bien-phap-bao-dam-So-Tu-phap-Phu-Yen-8A53A.txt
2025-05-14 05:09:30,793 - INFO - ✅ Saved txt: download_dansu/96_Quyet-dinh-771-QD-UBND-2023-giai-quyet-thu-tuc-hanh-chinh-Dang-ky-ket-hon-Uy-ban-Soc-Trang-89C97.txt
2025-05-14 05:09:30,897 - INFO - ✅ Saved txt: download_dansu/97_Quyet-dinh-502-QD-UBND-2023-thu-tuc-hanh-chinh-dang-ky-bien-phap-bao-dam-So-Tai-nguyen-Bac-Kan-895A1.txt
2025-05-14 05:09:31,158 - INFO - ✅ Saved txt: download_dansu/98_Quyet-dinh-427-QD-UBND-2023-giai-quyet-thu-tuc-hanh-chinh-bien-phap-bao-dam-So-Tai-nguyen-Son-La-88EBE.txt
2025-05-14 05:09:32,163 - INFO - ✅ Saved txt: download_dansu/101_Quyet-dinh-113-QD-UBND-2023-thu-tuc-hanh-chinh-dang-ky-bien-phap-bao-dam-So-Tu-phap-Kon-Tum-88A1A.txt
2025-05-14 05:09:33,148 - INFO - ✅ Saved txt: download_dansu/103_Quyet-dinh-428-QD-UBND-2023-cong-bo-thu-tuc-hanh-chinh-linh-vuc-dat-dai-So-Tai-nguyen-Lang-Son-895F6.txt
2025-05-14 05:09:33,220 - INFO - ✅ Saved txt: download_dansu/102_Quyet-dinh-414-QD-UBND-2023-thu-tuc-hanh-chinh-dang-ky-bien-phap-bao-dam-So-Tu-phap-Bac-Kan-88A52.txt
2025-05-14 05:09:45,221 - INFO - Processing batch 104 to 112
2025-05-14 05:09:51,911 - INFO - ✅ Saved txt: download_dansu/105_Nghi-quyet-01-2023-NQ-HDND-bai-bo-le-phi-dang-ky-cu-tru-tai-mot-so-nghi-quyet-Lao-Cai-894B5.txt
2025-05-14 05:09:51,964 - INFO - ✅ Saved txt: download_dansu/107_Cong-van-546-BHXH-CNTT-2023-trien-khai-ho-tro-lien-thong-du-lieu-giay-chung-sinh-88C7D.txt
2025-05-14 05:09:52,384 - INFO - ✅ Saved txt: download_dansu/106_Quyet-dinh-303-QD-UBND-2023-thu-tuc-hanh-chinh-dang-ky-bien-phap-bao-dam-So-Tu-phap-Quang-Ngai-8862A.txt
2025-05-14 05:09:52,477 - INFO - ✅ Saved txt: download_dansu/104_Quyet-dinh-240-QD-UBND-2023-tiep-nhan-thu-tuc-hanh-chinh-bien-phap-bao-dam-So-Tu-phap-Cao-Bang-88C23.txt
2025-05-14 05:09:53,451 - INFO - ✅ Saved txt: download_dansu/108_Quyet-dinh-414-QD-UBND-2023-thu-tuc-hanh-chinh-bien-phap-bao-dam-So-Tai-nguyen-Soc-Trang-88489.txt
2025-05-14 05:09:54,055 - INFO - ✅ Saved txt: download_dansu/110_Quyet-dinh-403-QD-UBND-2023-giai-quyet-thu-tuc-hanh-chinh-Dang-ky-bao-dam-So-Tai-nguyen-Hue-88009.txt
2025-05-14 05:09:54,322 - INFO - ✅ Saved txt: download_dansu/109_Cong-van-507-BHXH-CNTT-2023-ho-tro-lien-thong-du-lieu-giay-giay-kham-suc-khoe-lai-xe-88C7B.txt
2025-05-14 05:09:54,531 - INFO - ✅ Saved txt: download_dansu/111_Cong-van-606-VKSTC-V11-2023-giai-dap-vuong-mac-kiem-sat-thi-hanh-an-dan-su-hanh-chinh-88A9D.txt
2025-05-14 05:10:06,532 - INFO - Processing batch 112 to 120
2025-05-14 05:10:13,637 - INFO - ✅ Saved txt: download_dansu/112_Quyet-dinh-387-QD-UBND-2023-cong-bo-thu-tuc-hanh-chinh-linh-vuc-ho-tich-So-Tu-phap-Binh-Duong-8969E.txt
2025-05-14 05:10:13,790 - INFO - ✅ Saved txt: download_dansu/116_Quyet-dinh-355-QD-UBND-2023-thu-tuc-hanh-chinh-dang-ky-bien-phap-bao-dam-So-Tai-nguyen-Khanh-Hoa-87BD1.txt
2025-05-14 05:10:13,922 - INFO - ✅ Saved txt: download_dansu/113_Quyet-dinh-223-QD-UBND-2023-thu-tuc-hanh-chinh-dang-ky-bien-phap-bao-dam-So-Tu-phap-Ha-Nam-87C36.txt
2025-05-14 05:10:14,067 - INFO - ✅ Saved txt: download_dansu/114_Quyet-dinh-308-QD-UBND-2023-thu-tuc-hanh-chinh-Dang-ky-bien-phap-bao-dam-Uy-ban-xa-Quang-Binh-87C44.txt
2025-05-14 05:10:14,241 - INFO - ✅ Saved txt: download_dansu/115_Quyet-dinh-280-QD-UBND-2023-thu-tuc-hanh-chinh-linh-vuc-Nuoi-con-nuoi-So-Tu-phap-Vung-Tau-896A2.txt
2025-05-14 05:10:14,933 - INFO - ✅ Saved txt: download_dansu/117_Quyet-dinh-84-QD-UBND-2023-giai-quyet-thu-tuc-hanh-chinh-dang-ky-bien-phap-bao-dam-Tuyen-Quang-878D4.txt
2025-05-14 05:10:15,083 - INFO - ✅ Saved txt: download_dansu/118_Quyet-dinh-87-QD-TTg-2023-thuc-thi-hieu-qua-Cong-uoc-chong-tra-tan-cua-Uy-ban-chong-tra-tan-876E7.txt
2025-05-14 05:10:15,207 - INFO - ✅ Saved txt: download_dansu/119_Quyet-dinh-65-QD-UBND-2023-cong-bo-thu-tuc-hanh-chinh-dang-ky-bien-phap-bao-dam-Gia-Lai-87388.txt
2025-05-14 05:10:27,207 - INFO - Processing batch 120 to 128
2025-05-14 05:10:33,815 - INFO - ✅ Saved txt: download_dansu/121_Quyet-dinh-240-QD-CT-2023-cong-bo-thu-tuc-hanh-chinh-bien-phap-bao-dam-So-Tu-phap-Vinh-Phuc-877D3.txt
2025-05-14 05:10:34,007 - INFO - ✅ Saved txt: download_dansu/124_Quyet-dinh-232-QD-UBND-2023-cong-bo-thu-tuc-hanh-chinh-bien-phap-bao-dam-So-Tu-phap-Can-Tho-86F90.txt
2025-05-14 05:10:34,294 - INFO - ✅ Saved txt: download_dansu/120_Quyet-dinh-62-QD-UBND-2023-cong-bo-thu-tuc-hanh-chinh-dang-ky-bien-phap-bao-dam-Tuyen-Quang-872A9.txt
2025-05-14 05:10:35,366 - INFO - ✅ Saved txt: download_dansu/126_Quyet-dinh-118-QD-UBND-2023-cong-bo-thu-tuc-hanh-chinh-dang-ky-bien-phap-bao-dam-Bac-Giang-86CE3.txt
2025-05-14 05:10:35,497 - INFO - ✅ Saved txt: download_dansu/125_Quyet-dinh-127-QD-UBND-2023-thu-tuc-hanh-chinh-dang-ky-bien-phap-bao-dam-So-Tai-nguyen-Ben-Tre-87AFA.txt
2025-05-14 05:10:35,498 - INFO - ✅ Saved txt: download_dansu/122_Quyet-dinh-116-QD-UBND-2023-cong-bo-thu-tuc-hanh-chinh-dang-ky-bien-phap-bao-dam-Ninh-Thuan-8737C.txt
2025-05-14 05:10:35,773 - INFO - ✅ Saved txt: download_dansu/127_Quyet-dinh-177-QD-UBND-2023-cong-bo-thu-tuc-hanh-chinh-linh-vuc-ho-tich-Uy-ban-Phu-Tho-8739F.txt
2025-05-14 05:10:35,776 - INFO - ✅ Saved txt: download_dansu/123_Quyet-dinh-128-QD-UBND-2023-cong-bo%CC%81-thu-tuc-hanh-chinh-Dang-ky-bien-phap-bao-dam-Dien-Bien-87095.txt
2025-05-14 05:10:47,776 - INFO - Processing batch 128 to 136
2025-05-14 05:10:54,857 - INFO - ✅ Saved txt: download_dansu/132_Quyet-dinh-79-QD-UBND-2023-cong-bo-thu-tuc-hanh-chinh-bien-phap-bao-dam-So-Tu-phap-Thai-Nguyen-86CEF.txt
2025-05-14 05:10:55,050 - INFO - ✅ Saved txt: download_dansu/128_Quyet-dinh-308-QD-UBND-2023-cong-bo-thu-tuc-hanh-chinh-dang-ky-bien-phap-bao-dam-Thanh-Hoa-86BC6.txt
2025-05-14 05:10:55,177 - INFO - ✅ Saved txt: download_dansu/129_Quyet-dinh-98-QD-UBND-2023-thu-tuc-hanh-chinh-Dang-ky-bien-phap-bao-dam-So-Tu-phap-Vinh-Long-87836.txt
2025-05-14 05:10:55,260 - INFO - ✅ Saved txt: download_dansu/131_Quyet-dinh-224-QD-UBND-2023-cong-bo-thu-tuc-hanh-chinh-Dang-ky-bien-phap-bao-dam-Hue-86C0C.txt
2025-05-14 05:10:56,139 - INFO - ✅ Saved txt: download_dansu/130_Quyet-dinh-136-QD-UBND-2023-cong-bo-thu-tuc-hanh-chinh-dang-ky-bien-phap-bao-dam-Lam-Dong-8717F.txt
2025-05-14 05:10:56,474 - INFO - ✅ Saved txt: download_dansu/135_Quyet-dinh-115-QD-UBND-2023-giai-quyet-thu-tuc-linh-vuc-ly-lich-tu-phap-So-Tu-phap-Binh-Thuan-86F3A.txt
2025-05-14 05:10:56,499 - INFO - ✅ Saved txt: download_dansu/133_Quyet-dinh-58-QD-BTP-2023-Ke-hoach-cong-tac-cua-Cuc-Dang-ky-giao-dich-bao-dam-86CCF.txt
2025-05-14 05:10:56,545 - INFO - ✅ Saved txt: download_dansu/134_Quyet-dinh-69-QD-UBND-2023-cong-bo-thu-tuc-hanh-chinh-dang-ky-bien-phap-bao-dam-Ca-Mau-86967.txt
2025-05-14 05:11:08,546 - INFO - Processing batch 136 to 144
2025-05-14 05:11:14,957 - INFO - ✅ Saved txt: download_dansu/137_Quyet-dinh-94-QD-UBND-2023-thu-tuc-hanh-chinh-dang-ky-bien-phap-bao-dam-So-Tai-nguyen-Dong-Nai-87C1C.txt
2025-05-14 05:11:15,279 - INFO - ✅ Saved txt: download_dansu/138_Quyet-dinh-113-QD-UBND-2023-cong-bo-thu-tuc-hanh-chinh-dang-ky-bien-phap-bao-dam-Son-La-86A4D.txt
2025-05-14 05:11:15,383 - INFO - ✅ Saved txt: download_dansu/136_Quyet-dinh-43-QD-BTP-2023-Ke-hoach-thuc-hien-Nghi-dinh-99-2022-ND-CP-86CE1.txt
2025-05-14 05:11:15,826 - INFO - ✅ Saved txt: download_dansu/139_Quyet-dinh-53-QD-UBND-2023-cong-bo-thu-tuc-hanh-chinh-bien-phap-bao-dam-So-Tu-phap-An-Giang-86BC9.txt
2025-05-14 05:11:16,651 - INFO - ✅ Saved txt: download_dansu/140_Thong-bao-51-2023-TB-LPQT-hieu-luc-Hiep-dinh-tuong-tro-tu-phap-dan-su-Viet-Nam-Lao-91BA8.txt
2025-05-14 05:11:16,801 - INFO - ✅ Saved txt: download_dansu/141_Quyet-dinh-278-QD-UBND-2023-cong-bo-thu-tuc-hanh-chinh-bien-phap-bao-dam-So-Tai-nguyen-Long-An-8749C.txt
2025-05-14 05:11:17,194 - INFO - ✅ Saved txt: download_dansu/143_Quyet-dinh-2766-QD-UBND-2022-cong-bo-thu-tuc-hanh-chinh-dang-ky-bien-phap-bao-dam-Yen-Bai-86527.txt
2025-05-14 05:11:17,788 - INFO - ✅ Saved txt: download_dansu/142_Quyet-dinh-40-QD-UBND-2023-cong-bo-thu-tuc-hanh-chinh-dang-ky-bien-phap-bao-dam-Hoa-Binh-86419.txt
2025-05-14 05:11:29,789 - INFO - Processing batch 144 to 152
2025-05-14 05:11:36,558 - INFO - ✅ Saved txt: download_dansu/148_Chi-thi-05-CT-VKSTC-2022-nang-cao-chat-luong-kiem-sat-giai-quyet-vu-an-hanh-chinh-vu-viec-dan-su-821AF.txt
2025-05-14 05:11:36,877 - INFO - ✅ Saved txt: download_dansu/146_Quyet-dinh-2426-QD-BTP-2022-Chuong-trinh-cong-tac-trong-tam-linh-vuc-thi-hanh-an-dan-su-2023-8530B.txt
2025-05-14 05:11:37,108 - INFO - ✅ Saved txt: download_dansu/144_Quyet-dinh-3370-QD-UBND-2022-cong-bo-thu-tuc-hanh-chinh-ho-tich-thuoc-So-Tu-phap-Quang-Tri-87B36.txt
2025-05-14 05:11:38,232 - INFO - ✅ Saved txt: download_dansu/147_Nghi-dinh-99-2022-ND-CP-dang-ky-bien-phap-bao-dam-84673.txt
2025-05-14 05:11:38,456 - INFO - ✅ Saved txt: download_dansu/149_Nghi-quyet-02-2022-NQ-HDTP-huong-dan-Bo-luat-Dan-su-boi-thuong-thiet-hai-ngoai-hop-dong-761D7.txt
2025-05-14 05:11:38,531 - INFO - ✅ Saved txt: download_dansu/150_Quyet-dinh-2845-QD-UBND-2022-cong-bo-thu-tuc-hanh-chinh-ky-quy-bao-dam-So-Dau-tu-Thanh-Hoa-80C60.txt
2025-05-14 05:11:38,956 - INFO - ✅ Saved txt: download_dansu/145_Quyet-dinh-2521-QD-BTP-2022-Chuong-trinh-khung-dao-tao-chung-nghiep-vu-thi-hanh-an-dan-su-85F44.txt
2025-05-14 05:11:39,125 - INFO - ✅ Saved txt: download_dansu/151_Thong-bao-22-2023-TB-LPQT-Thoa-thuan-hop-tac-phong-chong-toi-pham-buon-ban-nguoi-Ac-hen-ti-na-8E7BC.txt
2025-05-14 05:11:51,126 - INFO - Processing batch 152 to 160
2025-05-14 05:11:57,571 - INFO - ✅ Saved txt: download_dansu/156_Quyet-dinh-353-QD-BTP-2022-thuc-hien-Dieu-55-56-57-Luat-Thi-hanh-an-dan-su-7CB16.txt
2025-05-14 05:11:57,909 - INFO - ✅ Saved txt: download_dansu/154_Cong-van-69-TANDTC-HTQT-2022-tong-ket-tap-huan-nghiep-vu-tuong-tro-tu-phap-nuoc-ngoai-7D187.txt
2025-05-14 05:11:59,067 - INFO - ✅ Saved txt: download_dansu/155_Quyet-dinh-492-QD-UBND-2022-bai-bo-Quyet-dinh-2894-QD-UBND-Ha-Giang-7D05F.txt
2025-05-14 05:11:59,211 - INFO - ✅ Saved txt: download_dansu/157_Cong-dien-201-CD-TTg-2022-bao-ho-cong-dan-Viet-Nam-tai-Ucraina-7B3ED.txt
2025-05-14 05:11:59,311 - INFO - ✅ Saved txt: download_dansu/153_Quyet-dinh-27-2022-QD-UBND-phoi-hop-dang-ky-khai-sinh-va-thuong-tru-tre-duoi-6-tuoi-Hai-Phong-7DA3F.txt
2025-05-14 05:11:59,506 - INFO - ✅ Saved txt: download_dansu/158_Thong-tu-13-2021-TT-BTP-quy-trinh-xu-ly-giai-quyet-don-khieu-nai-kien-nghi-trong-thi-hanh-an-dan-su-7A23A.txt
2025-05-14 05:11:59,593 - INFO - ✅ Saved txt: download_dansu/152_Huong-dan-30-HD-VKSTC-2022-kiem-sat-vu-an-tranh-chap-chia-tai-san-chung-cua-vo-chong-khi-ly-hon-84362.txt
2025-05-14 05:12:05,571 - ERROR - ❌ Error saving document TXT 159: Message: 
Stacktrace:
#0 0x56d25ad5178a <unknown>
#1 0x56d25a7f40a0 <unknown>
#2 0x56d25a8459b0 <unknown>
#3 0x56d25a845ba1 <unknown>
#4 0x56d25a893ea4 <unknown>
#5 0x56d25a86b3cd <unknown>
#6 0x56d25a8912a0 <unknown>
#7 0x56d25a86b173 <unknown>
#8 0x56d25a837d4b <unknown>
#9 0x56d25a8389b1 <unknown>
#10 0x56d25ad1693b <unknown>
#11 0x56d25ad1a83a <unknown>
#12 0x56d25acfe692 <unknown>
#13 0x56d25ad1b3c4 <unknown>
#14 0x56d25ace34cf <unknown>
#15 0x56d25ad3f568 <unknown>
#16 0x56d25ad3f746 <unknown>
#17 0x56d25ad505f6 <unknown>
#18 0x75909048f609 start_thread

2025-05-14 05:12:13,845 - ERROR - ❌ Error saving document TXT 159: Message: 
Stacktrace:
#0 0x56d25ad5178a <unknown>
#1 0x56d25a7f40a0 <unknown>
#2 0x56d25a8459b0 <unknown>
#3 0x56d25a845ba1 <unknown>
#4 0x56d25a893ea4 <unknown>
#5 0x56d25a86b3cd <unknown>
#6 0x56d25a8912a0 <unknown>
#7 0x56d25a86b173 <unknown>
#8 0x56d25a837d4b <unknown>
#9 0x56d25a8389b1 <unknown>
#10 0x56d25ad1693b <unknown>
#11 0x56d25ad1a83a <unknown>
#12 0x56d25acfe692 <unknown>
#13 0x56d25ad1b3c4 <unknown>
#14 0x56d25ace34cf <unknown>
#15 0x56d25ad3f568 <unknown>
#16 0x56d25ad3f746 <unknown>
#17 0x56d25ad505f6 <unknown>
#18 0x75909048f609 start_thread

2025-05-14 05:12:19,858 - INFO - ✅ Saved txt: download_dansu/159_Thong-tu-lien-tich-12-2021-TTLT-BTP-VKSNDTC-TANDTC-thong-ke-thi-hanh-an-dan-su-7AD21.txt
2025-05-14 05:12:31,858 - INFO - Processing batch 160 to 168
2025-05-14 05:12:38,380 - INFO - ✅ Saved txt: download_dansu/161_Nghi-quyet-01-2021-NQ-HDTP-huong-dan-ap-dung-Dieu-201-cua-Bo-luat-Hinh-su-73350.txt
2025-05-14 05:12:38,446 - INFO - ✅ Saved txt: download_dansu/163_Cong-van-165-TANDTC-HTQT-2021-tong-ket-cong-tac-tuong-tro-tu-phap-ve-dan-su-7901D.txt
2025-05-14 05:12:38,727 - INFO - ✅ Saved txt: download_dansu/162_Quyet-dinh-1804-QD-BTP-2021-Chuong-trinh-trong-tam-linh-vuc-thi-hanh-an-dan-su-2022-7946B.txt
2025-05-14 05:12:38,860 - INFO - ✅ Saved txt: download_dansu/164_Quyet-dinh-410-QD-VKSTC-2021-He-thong-bieu-mau-to-tung-nghiep-vu-tai-Toa-an-nhan-dan-791C1.txt
2025-05-14 05:12:40,201 - INFO - ✅ Saved txt: download_dansu/165_Cong-van-4733-VKSTC-V12-2021-kiem-sat-ve-giai-quyet-khieu-nai-trong-to-tung-dan-su-78F75.txt
2025-05-14 05:12:40,211 - INFO - ✅ Saved txt: download_dansu/160_Quyet-dinh-3521-QD-CT-2021-thu-tuc-hanh-chinh-giao-dich-bao-dam-Uy-ban-huyen-Vinh-Phuc-7D524.txt
2025-05-14 05:12:40,247 - INFO - ✅ Saved txt: download_dansu/167_Cong-van-860-HTQTCT-CT-2021-huong-dan-nghiep-vu-chung-thuc-chu-ky-8187B.txt
2025-05-14 05:12:40,774 - INFO - ✅ Saved txt: download_dansu/166_Thong-tu-06-2021-TT-BTP-2021-bai-bo-van-ban-ve-cong-tac-can-bo-linh-vuc-thi-hanh-an-dan-su-781E4.txt
2025-05-14 05:12:52,775 - INFO - Processing batch 168 to 176
2025-05-14 05:12:59,476 - INFO - ✅ Saved txt: download_dansu/168_Chi-thi-07-CT-VKSTC-2021-tang-cuong-khang-nghi-phuc-tham-giam-doc-tham-vu-an-hanh-chinh-76339.txt
2025-05-14 05:12:59,503 - INFO - ✅ Saved txt: download_dansu/172_Chi-thi-13-CT-UBND-2021-day-manh-Du-an-san-xuat-cap-va-quan-ly-Can-cuoc-cong-dan-Hue-730F0.txt
2025-05-14 05:12:59,629 - INFO - ✅ Saved txt: download_dansu/171_Cong-van-358-HTQTCT-CT-2021-chung-thuc-chu-ky-tren-Giay-uy-quyen-7351B.txt
2025-05-14 05:12:59,700 - INFO - ✅ Saved txt: download_dansu/169_Chi-thi-09-CT-UBND-2021-tang-cuong-cong-tac-thi-hanh-an-dan-su-tinh-Hai-Duong-74FEB.txt
2025-05-14 05:12:59,793 - INFO - ✅ Saved txt: download_dansu/170_Huong-dan-24-HD-VKSTC-2021-cong-tac-kiem-sat-viec-giai-quyet-vu-an-tranh-chap-chia-di-san-thua-ke-74893.txt
2025-05-14 05:13:00,544 - INFO - ✅ Saved txt: download_dansu/173_Cong-van-25-TANDTC-PC-2021-ra-soat-quy-dinh-ve-dang-ky-bien-phap-bao-dam-72EAE.txt
2025-05-14 05:13:00,732 - INFO - ✅ Saved txt: download_dansu/175_Cong-van-8139-CTHN-TTHT-2021-chinh-sach-thue-voi-hop-dong-truyen-thong-Cuc-Thue-Ha-Noi-72790.txt
2025-05-14 05:13:00,961 - INFO - ✅ Saved txt: download_dansu/174_Nghi-dinh-21-2021-ND-CP-huong-dan-Bo-luat-Dan-su-bao-dam-thuc-hien-nghia-vu-72465.txt
2025-05-14 05:13:12,963 - INFO - Processing batch 176 to 184
2025-05-14 05:13:19,704 - INFO - ✅ Saved txt: download_dansu/176_Quyet-dinh-196-QD-TCTHADS-2021-Quy-che-kiem-tra-trong-thi-hanh-an-dan-su-76C78.txt
2025-05-14 05:13:20,074 - INFO - ✅ Saved txt: download_dansu/178_Quyet-dinh-265-QD-UBND-2021-trien-khai-cong-tac-dang-ky-bien-phap-bao-dam-tinh-Dak-Nong-72461.txt
2025-05-14 05:13:20,154 - INFO - ✅ Saved txt: download_dansu/180_Quyet-dinh-191-QD-UBND-2021-cong-bo-thu-tuc-hanh-chinh-bien-phap-bao-dam-So-Tu-phap-Ca-Mau-71A23.txt
2025-05-14 05:13:20,856 - INFO - ✅ Saved txt: download_dansu/179_Van-ban-hop-nhat-290-VBHN-BTP-2021-Thong-tu-dang-ky-cung-cap-thong-tin-bien-phap-bao-dam-72779.txt
2025-05-14 05:13:20,965 - INFO - ✅ Saved txt: download_dansu/177_Quyet-dinh-269-QD-BTP-2021-De-an-The-che-hoa-day-du-quyen-so-huu-tai-san-cua-to-chuc-71DF4.txt
2025-05-14 05:13:21,416 - INFO - ✅ Saved txt: download_dansu/181_Quyet-dinh-120-QD-TTg-2021-The-che-hoa-day-du-quyen-so-huu-tai-san-cua-to-chuc-trong-Hien-phap-712EA.txt
2025-05-14 05:13:21,750 - INFO - ✅ Saved txt: download_dansu/182_Huong-dan-08-HD-VKSTC-2021-cong-tac-kiem-sat-thi-hanh-an-dan-su-thi-hanh-an-hanh-chinh-70F03.txt
2025-05-14 05:13:21,830 - INFO - ✅ Saved txt: download_dansu/183_Quyet-dinh-61-2020-QD-UBND-bai-bo-quy-dinh-ve-phi-dang-ky-giao-dich-bao-dam-tinh-An-Giang-70ECB.txt
2025-05-14 05:13:33,831 - INFO - Processing batch 184 to 192
2025-05-14 05:13:41,397 - INFO - ✅ Saved txt: download_dansu/185_Thong-tu-06-2020-TT-BTP-sua-doi-Thong-tu-08-2018-TT-BTP-cung-cap-thong-tin-bien-phap-bao-dam-70652.txt
2025-05-14 05:13:41,763 - INFO - ✅ Saved txt: download_dansu/188_Nghi-quyet-16-2020-NQ-HDND-phi-dang-ky-bien-phap-bao-dam-bang-quyen-su-dung-dat-tinh-Ninh-Thuan-70485.txt
2025-05-14 05:13:42,002 - INFO - ✅ Saved txt: download_dansu/187_Quyet-dinh-35-2020-QD-UBND-quan-ly-su-dung-chung-thu-so-chu-ky-so-tinh-Vinh-Long-70586.txt
2025-05-14 05:13:42,180 - INFO - ✅ Saved txt: download_dansu/186_Cong-van-5989-BXD-QLN-2020-huong-dan-thu-tuc-ky-hop-dong-mua-ban-nha-o-co-san-tai-du-an-7058F.txt
2025-05-14 05:13:42,703 - INFO - ✅ Saved txt: download_dansu/184_Cong-van-5814-VKSTC-V14-2020-cong-tac-kiem-sat-viec-giai-quyet-cac-vu-viec-dan-su-7240D.txt
2025-05-14 05:13:43,222 - INFO - ✅ Saved txt: download_dansu/189_Nghi-quyet-14-2020-NQ-HDND-su-dung-phi-dang-ky-giao-dich-bao-dam-tinh-Binh-Duong-70581.txt
2025-05-14 05:13:43,353 - INFO - ✅ Saved txt: download_dansu/191_Nghi-quyet-21-2020-NQ-HDND-su-dung-phi-dang-ky-giao-dich-bao-dam-bang-quyen-su-dung-dat-An-Giang-705CC.txt
2025-05-14 05:13:43,391 - INFO - ✅ Saved txt: download_dansu/190_Quyet-dinh-5562-QD-UBND-2020-cong-bo-thu-tuc-hanh-chinh-bien-phap-bao-dam-cap-Thanh-pho-Ha-Noi-705E9.txt
2025-05-14 05:13:55,393 - INFO - Processing batch 192 to 200
2025-05-14 05:14:02,067 - INFO - ✅ Saved txt: download_dansu/192_Lenh-12-2020-L-CTN-cong-bo-Luat-Cu-tru-2020-707C2.txt
2025-05-14 05:14:02,865 - INFO - ✅ Saved txt: download_dansu/195_Cong-van-3817-BTP-PLDSKT-2020-tra-loi-kien-nghi-ve-uy-quyen-giao-dich-dan-su-74620.txt
2025-05-14 05:14:02,970 - INFO - ✅ Saved txt: download_dansu/194_Cong-van-181-TANDTC-HTQT-2020-tong-dat-van-ban-to-tung-cho-duong-su-o-nuoc-ngoai-trong-dan-su-6F7CC.txt
2025-05-14 05:14:03,333 - INFO - ✅ Saved txt: download_dansu/196_Cong-van-3800-BTP-PLQT-2020-cap-nhat-thong-tin-tuong-tro-tu-phap-trong-linh-vuc-dan-su-6F57B.txt
2025-05-14 05:14:03,517 - INFO - ✅ Saved txt: download_dansu/193_Van-ban-hop-nhat-14-VBHN-BGTVT-2020-Thong-tu-boi-thuong-van-chuyen-hanh-khach-70423.txt
2025-05-14 05:14:04,103 - INFO - ✅ Saved txt: download_dansu/197_Quyet-dinh-19-2020-QD-UBND-bai-bo-Quyet-dinh-39-2012-QD-UBND-tinh-Ba-Ria-Vung-Tau-7003B.txt
2025-05-14 05:14:05,034 - INFO - ✅ Saved txt: download_dansu/198_Quyet-dinh-363-QD-VKSTC-2020-huong-dan-hoat-dong-Kiem-sat-vien-tai-phien-toa-dan-su-phuc-tham-6F2D9.txt
2025-05-14 05:14:05,976 - INFO - ✅ Saved txt: download_dansu/199_Quyet-dinh-18-2020-QD-UBND-dang-ky-the-chap-quyen-su-dung-dat-tai-san-gan-lien-voi-dat-Bac-Kan-6F078.txt
2025-05-14 05:14:17,976 - INFO - Processing batch 200 to 208
2025-05-14 05:14:24,872 - INFO - ✅ Saved txt: download_dansu/201_Quyet-dinh-1778-QD-UBND-2020-giai-quyet-thu-tuc-hanh-chinh-giao-dich-bao-dam-Van-phong-dat-dai-Ca-Mau-718F4.txt
2025-05-14 05:14:24,991 - INFO - ✅ Saved txt: download_dansu/203_Quyet-dinh-1368-QD-TTg-2020-phe-duyet-chu-truong-dau-tu-du-an-cap-va-quan-ly-Can-cuoc-cong-dan-6E43A.txt
2025-05-14 05:14:25,007 - INFO - ✅ Saved txt: download_dansu/204_Nghi-dinh-97-2020-ND-CP-tang-muc-gioi-han-trach-nhiem-boi-thuong-thiet-hai-van-chuyen-hang-khong-6E234.txt
2025-05-14 05:14:25,922 - INFO - ✅ Saved txt: download_dansu/200_Nghi-quyet-02-2020-NQ-HDTP-ap-dung-bien-phap-khan-cap-tam-thoi-cua-Bo-luat-To-tung-dan-su-6FCBF.txt
2025-05-14 05:14:26,325 - INFO - ✅ Saved txt: download_dansu/202_Quyet-dinh-1893-QD-BTP-2020-Ke-hoach-thuc-hien-Nghi-dinh-82-2020-ND-CP-6F8B1.txt
2025-05-14 05:14:26,687 - INFO - ✅ Saved txt: download_dansu/206_Quyet-dinh-2617-QD-UBND-2020-cong-bo-thu-tuc-hanh-chinh-bien-phap-bao-dam-Van-phong-dat-dai-Ha-Tinh-6EDCA.txt
2025-05-14 05:14:27,107 - INFO - ✅ Saved txt: download_dansu/207_Quyet-dinh-213-QD-TANDTC-2020-thuc-hien-Cong-uoc-La-Hay-thu-thap-chung-cu-o-nuoc-ngoai-6DD08.txt
2025-05-14 05:14:29,173 - INFO - ✅ Saved txt: download_dansu/205_Thong-tu-78-2020-TT-BTC-huong-dan-ke-toan-nghiep-vu-thi-hanh-an-dan-su-6E34C.txt
2025-05-14 05:14:41,174 - INFO - Processing batch 208 to 216
2025-05-14 05:14:47,581 - INFO - ✅ Saved txt: download_dansu/212_Chi-thi-09-CT-UBND-2020-tang-cuong-cong-tac-quan-ly-nha-nuoc-ve-ho-tich-tinh-Vinh-Phuc-6DD82.txt
2025-05-14 05:14:47,885 - INFO - ✅ Saved txt: download_dansu/211_Cong-van-290-LS-BHCD-2020-dua-cong-dan-o-nuoc-ngoai-ve-nuoc-vi-ly-do-dac-biet-can-thiet-tu-27-7-6D5E5.txt
2025-05-14 05:14:47,905 - INFO - ✅ Saved txt: download_dansu/209_Nghi-quyet-113-NQ-CP-2020-dam-phan-Hiep-dinh-Tuong-tro-Tu-phap-giua-Viet-Nam-Thai-Lan-6D833.txt
2025-05-14 05:14:48,114 - INFO - ✅ Saved txt: download_dansu/208_Quyet-dinh-1713-QD-UBND-2020-giai-quyet-thu-tuc-hanh-chinh-ve-quoc-tich-So-Tu-phap-Son-La-72C49.txt
2025-05-14 05:14:48,603 - INFO - ✅ Saved txt: download_dansu/210_Quyet-dinh-697-QD-UBND-2020-Quan-ly-su-dung-Nhan-hieu-chung-nhan-Sam-Ngoc-Linh-Kon-Tum-6F69A.txt
2025-05-14 05:14:48,857 - INFO - ✅ Saved txt: download_dansu/213_Quyet-dinh-924-QD-TTg-2020-thuc-hien-Cong-uoc-La-Hay-1970-thu-thap-chung-cu-o-nuoc-ngoai-6CF59.txt
2025-05-14 05:14:49,123 - INFO - ✅ Saved txt: download_dansu/214_Chi-thi-07-CT-UBND-2020-tang-cuong-cong-tac-thi-hanh-an-dan-su-tinh-Vinh-Phuc-6DD80.txt
2025-05-14 05:14:49,162 - INFO - ✅ Saved txt: download_dansu/215_Quyet-dinh-553-QD-UBND-2020-cong-bo-thu-tuc-hanh-chinh-bien-phap-bao-dam-So-Tu-phap-Gia-Lai-6FDB8.txt
2025-05-14 05:15:01,162 - INFO - Processing batch 216 to 224
2025-05-14 05:15:07,797 - INFO - ✅ Saved txt: download_dansu/218_Cong-van-4050-VPCP-CN-2020-van-chuyen-cong-dan-Viet-Nam-o-nuoc-ngoai-ve-nuoc-6C6A8.txt
2025-05-14 05:15:08,055 - INFO - ✅ Saved txt: download_dansu/216_Cong-van-1846-BCA-V03-2020-thay-doi-so-Chung-minh-nhan-dan-9-so-sang-Can-cuoc-cong-dan-12-so-6D3C7.txt
2025-05-14 05:15:08,120 - INFO - ✅ Saved txt: download_dansu/219_Quyet-dinh-1092-QD-UBND-2020-Pho-bien-Cong-uoc-quoc-te-quyen-dan-su-cho-can-bo-Vinh-Long-6CA5F.txt
2025-05-14 05:15:08,392 - INFO - ✅ Saved txt: download_dansu/220_Quyet-dinh-09-2020-QD-UBND-Quy-che-Phoi-hop-quan-ly-nguoi-nuoc-ngoai-cu-tru-tinh-Cao-Bang-6D50F.txt
2025-05-14 05:15:08,876 - INFO - ✅ Saved txt: download_dansu/217_Quyet-dinh-16-2020-QD-UBND-bai-bo-Quyet-dinh-51-2015-QD-UBND-su-dung-chu-ky-so-Lao-Cai-6CBCA.txt
2025-05-14 05:15:09,192 - INFO - ✅ Saved txt: download_dansu/221_Chi-thi-8-CT-UBND-2020-tang-cuong-nang-cao-hieu-qua-cong-tac-thi-hanh-an-dan-su-tinh-Bac-Giang-6DE67.txt
2025-05-14 05:15:09,413 - INFO - ✅ Saved txt: download_dansu/222_Quyet-dinh-813-QD-BTP-2020-so-ket-cong-tac-thi-hanh-an-dan-su-theo-doi-thi-hanh-an-hanh-chinh-6B760.txt
2025-05-14 05:15:09,460 - INFO - ✅ Saved txt: download_dansu/223_Quyet-dinh-07-2020-QD-UBND-bai-bo-Chi-thi-Quy-pham-phap-luat-Thi-hanh-an-dan-su-Binh-Phuoc-6D3AB.txt
2025-05-14 05:15:21,460 - INFO - Processing batch 224 to 232
2025-05-14 05:15:28,950 - INFO - ✅ Saved txt: download_dansu/225_Quyet-dinh-1478-QD-TCTHADS-2019-Quy-trinh-tiep-nhan-vat-chung-trong-thi-hanh-an-dan-su-71E32.txt
2025-05-14 05:15:29,090 - INFO - ✅ Saved txt: download_dansu/224_Nghi-dinh-33-2020-ND-CP-sua-doi-Nghi-dinh-62-2015-ND-CP-huong-dan-Luat-Thi-hanh-an-dan-su-64F25.txt
2025-05-14 05:15:29,388 - INFO - ✅ Saved txt: download_dansu/227_Quyet-dinh-796-QD-SGDHN-2019-niem-yet-hop-dong-tuong-lai-tai-So-Giao-dich-Chung-khoan-Ha-Noi-730B2.txt
2025-05-14 05:15:29,488 - INFO - ✅ Saved txt: download_dansu/228_Huong-dan-33-HD-VKSTC-2019-phat-hien-vi-pham-cua-ban-an-giai-quyet-cac-vu-viec-dan-su-71CD3.txt
2025-05-14 05:15:30,009 - INFO - ✅ Saved txt: download_dansu/226_Cong-van-6183-VKSTC-V14-2019-giai-dap-vuong-mac-ve-phap-luat-ve-dan-su-6ED29.txt
2025-05-14 05:15:30,579 - INFO - ✅ Saved txt: download_dansu/230_Quyet-dinh-1068-QD-TTg-2019-Chien-luoc-so-huu-tri-tue-den-2030-67185.txt
2025-05-14 05:15:30,770 - INFO - ✅ Saved txt: download_dansu/231_Quyet-dinh-1041-QD-TTg-Ke-hoach-trien-khai-thi-hanh-Luat-Thi-hanh-an-hinh-su-nam-2019-6716E.txt
2025-05-14 05:15:30,951 - INFO - ✅ Saved txt: download_dansu/229_Quyet-dinh-458-QD-VKSTC-2019-hoat-dong-cua-Kiem-sat-vien-tham-gia-phien-toa-dan-su-so-tham-67EA2.txt
2025-05-14 05:15:42,952 - INFO - Processing batch 232 to 240
2025-05-14 05:15:49,887 - INFO - ✅ Saved txt: download_dansu/234_Cong-uoc-190-Cham-dut-Bao-luc-va-Quay-roi-nam-2019-8E2E5.txt
2025-05-14 05:15:49,940 - INFO - ✅ Saved txt: download_dansu/236_Quyet-dinh-892-QD-UBND-2019-thuc-hien-Nghi-dinh-quy-dinh-ve-ho-hui-bieu-phuong-tinh-Vinh-Long-66AAF.txt
2025-05-14 05:15:50,116 - INFO - ✅ Saved txt: download_dansu/232_Nghi-quyet-15-NQ-HDND-2019-ket-qua-giam-sat-trong-cong-tac-thi-hanh-an-dan-su-Thua-Thien-Hue-67420.txt
2025-05-14 05:15:50,839 - INFO - ✅ Saved txt: download_dansu/233_Thong-tu-02-2019-TT-BVHTTDL-quy-trinh-giam-dinh-tu-phap-quyen-tac-gia-quyen-lien-quan-66468.txt
2025-05-14 05:15:51,025 - INFO - ✅ Saved txt: download_dansu/235_Thong-bao-64-2020-TB-LPQT-hieu-luc-Hiep-dinh-Pa-na-ma-mien-thi-thuc-nguoi-mang-ho-chieu-pho-thong-70A2D.txt
2025-05-14 05:15:51,532 - INFO - ✅ Saved txt: download_dansu/238_Quyet-dinh-468-QD-UBND-2019-cong-bo-thu-tuc-dang-ky-bien-phap-bao-dam-So-Tu-phap-Ho-Chi-Minh-634F9.txt
2025-05-14 05:15:51,632 - INFO - ✅ Saved txt: download_dansu/237_Nghi-dinh-19-2019-ND-CP-quy-dinh-ve-ho-hui-bieu-phuong-5E514.txt
2025-05-14 05:15:52,971 - INFO - ✅ Saved txt: download_dansu/239_Van-ban-hop-nhat-04-VBHN-BKHCN-2019-Nghi-dinh-huong-dan-Luat-So-huu-tri-tue-674B1.txt
2025-05-14 05:16:04,972 - INFO - Processing batch 240 to 248
2025-05-14 05:16:11,673 - INFO - ✅ Saved txt: download_dansu/240_Nghi-quyet-01-2019-NQ-HDTP-huong-dan-quy-dinh-cua-phap-luat-ve-lai-lai-suat-phat-vi-pham-59A1A.txt
2025-05-14 05:16:11,728 - INFO - ✅ Saved txt: download_dansu/242_Quyet-dinh-67-2018-QD-UBND-bai-bo-Quyet-dinh-56-2012-QD-UBND-Long-An-62123.txt
2025-05-14 05:16:11,790 - INFO - ✅ Saved txt: download_dansu/244_Quyet-dinh-2274-QD-UBND-2018-de-an-thu-phi-thong-tin-giao-dich-bang-quyen-su-dung-dat-An-Giang-60AAD.txt
2025-05-14 05:16:12,024 - INFO - ✅ Saved txt: download_dansu/243_Chi-thi-14-CT-UBND-2018-to-chuc-Tong-dieu-tra-dan-so-va-nha-o-Quang-Nam-2019-63495.txt
2025-05-14 05:16:12,097 - INFO - ✅ Saved txt: download_dansu/241_Thong-tu-18-2018-TT-BTP-sua-doi-Thong-tu-02-2017-TT-BTP-quan-ly-cong-chuc-thi-hanh-an-dan-su-63E3A.txt
2025-05-14 05:16:13,092 - INFO - ✅ Saved txt: download_dansu/247_Quyet-dinh-24-2018-QD-UBND-Quy-che-phoi-hop-quan-ly-dang-ky-bien-phap-bao-dam-Ha-Tinh-5E348.txt
2025-05-14 05:16:13,279 - INFO - ✅ Saved txt: download_dansu/245_Quyet-dinh-756-QD-UBND-2018-cong-bo-thu-tuc-dang-ky-bien-phap-bao-dam-Van-phong-dat-dai-Gia-Lai-5FA96.txt
2025-05-14 05:16:13,465 - INFO - ✅ Saved txt: download_dansu/246_Quyet-dinh-2057-QD-BTP-2018-thuc-hien-31-NQ-BCSD-nhiem-vu-thi-hanh-an-dan-su-hanh-chinh-5EF40.txt
2025-05-14 05:16:25,465 - INFO - Processing batch 248 to 256
2025-05-14 05:16:31,984 - INFO - ✅ Saved txt: download_dansu/252_Cong-van-82-TANDTC-PC-2018-phoi-hop-huong-dan-ap-dung-quy-dinh-cua-Bo-luat-To-tung-dan-su-5D056.txt
2025-05-14 05:16:32,710 - INFO - ✅ Saved txt: download_dansu/249_Quyet-dinh-1008-QD-UBND-2018-09-thu-tuc-hanh-chinh-bien-phap-bao-dam-So-Tai-nguyen-Phu-Yen-5D9CE.txt
2025-05-14 05:16:32,749 - INFO - ✅ Saved txt: download_dansu/250_Quyet-dinh-1051-QD-BTP-2018-Ke-hoach-to-chuc-Lop-Boi-duong-chuyen-sau-ve-phap-luat-dan-su-5D2E0.txt
2025-05-14 05:16:32,772 - INFO - ✅ Saved txt: download_dansu/251_Quyet-dinh-1498-QD-UBND-2018-thu-tuc-hanh-chinh-dang-ky-bao-dam-Van-phong-dat-dai-Quang-Binh-5F257.txt
2025-05-14 05:16:33,653 - INFO - ✅ Saved txt: download_dansu/253_Quyet-dinh-40-QD-TANDTC-2018-tang-cuong-hoa-giai-trong-giai-quyet-cac-tranh-chap-dan-su-5CD30.txt
2025-05-14 05:16:34,098 - INFO - ✅ Saved txt: download_dansu/255_Quyet-dinh-437-QD-UBND-2018-cong-bo-thu-tuc-dang-ky-bien-phap-bao-dam-So-Tu-phap-Cao-Bang-5EE67.txt
2025-05-14 05:16:34,145 - INFO - ✅ Saved txt: download_dansu/254_Cong-van-72-TANDTC-PC-2018-bo-sung-trien-khai-thi-diem-doi-moi-tang-cuong-hoa-giai-dan-su-5CBFF.txt
2025-05-14 05:16:36,051 - INFO - ✅ Saved txt: download_dansu/248_Thong-tu-08-2018-TT-BTP-huong-dan-dang-ky-cung-cap-thong-tin-ve-bien-phap-bao-dam-59C30.txt
2025-05-14 05:16:48,051 - INFO - Processing batch 256 to 264
2025-05-14 05:16:54,549 - INFO - ✅ Saved txt: download_dansu/257_Cong-van-66-BXD-QLN-2018-huong-dan-giao-dich-nha-o-cua-ca-nhan-nuoc-ngoai-5D3FA.txt
2025-05-14 05:16:55,464 - INFO - ✅ Saved txt: download_dansu/259_Quyet-dinh-585-QD-UBND-2018-thu-tuc-hanh-chinh-dang-ky-bien-phap-bao-dam-So-Tu-phap-Hue-5C3E6.txt
2025-05-14 05:16:55,711 - INFO - ✅ Saved txt: download_dansu/256_Quyet-dinh-567-QD-UBND-2018-thu-tuc-dang-ky-bien-phap-bao-dam-thuoc-So-Tai-nguyen-Bac-Lieu-60364.txt
2025-05-14 05:16:55,980 - INFO - ✅ Saved txt: download_dansu/258_Quyet-dinh-12-2018-QD-UBND-dang-ky-bien-phap-bao-dam-bang-quyen-su-dung-dat-Ben-Tre-5CC74.txt
2025-05-14 05:16:56,075 - INFO - ✅ Saved txt: download_dansu/260_Quyet-dinh-134-QD-UBND-2018-quang-ba-thuong-hieu-san-pham-nong-nghiep-va-lang-nghe-Bac-Ninh-5C46D.txt
2025-05-14 05:16:56,261 - INFO - ✅ Saved txt: download_dansu/261_Quyet-dinh-114-QD-UBND-2018-thuc-hien-102-2017-ND-CP-dang-ky-bien-phap-bao-dam-Hung-Yen-5C27F.txt
2025-05-14 05:16:56,572 - INFO - ✅ Saved txt: download_dansu/262_Huong-dan-14-HD-VKSTC-2018-cong-tac-kiem-sat-viec-giai-quyet-vu-viec-dan-su-hon-nhan-gia-dinh-5AF39.txt
2025-05-14 05:16:56,947 - INFO - ✅ Saved txt: download_dansu/263_Quyet-dinh-49-QD-TTg-2018-phe-duyet-Ke-hoach-chuan-bi-gia-nhap-Cong-uoc-La-Hay-5AEA9.txt
2025-05-14 05:17:08,955 - INFO - Processing batch 264 to 272
2025-05-14 05:17:15,028 - INFO - ✅ Saved txt: download_dansu/268_Nghi-quyet-36-2017-NQ-HDND-sua-doi-59-2016-NQ-HDND-62-2016-NQ-HD-Vung-Tau-5A738.txt
2025-05-14 05:17:15,734 - INFO - ✅ Saved txt: download_dansu/267_Quyet-dinh-77-2017-QD-UBND-quan-ly-dang-ky-bien-phap-bao-dam-bang-quyen-su-dung-dat-Nghe-An-5ACAA.txt
2025-05-14 05:17:16,140 - INFO - ✅ Saved txt: download_dansu/264_Cong-van-1193-CT-TTHT-2018-nghia-vu-thue-lien-quan-den-xu-ly-tai-san-dam-bao-Ha-Noi-5BE0F.txt
2025-05-14 05:17:16,399 - INFO - ✅ Saved txt: download_dansu/265_Nghi-quyet-131-2018-NQ-HDND-quy-dinh-phi-dang-ky-giao-dich-bao-dam-Kien-Giang-5B846.txt
2025-05-14 05:17:16,687 - INFO - ✅ Saved txt: download_dansu/269_Cong-van-5042-BTP-DKGDBD-2017-thi-hanh-phap-luat-ve-dang-ky-the-chap-quyen-su-dung-dat-59BE0.txt
2025-05-14 05:17:16,702 - INFO - ✅ Saved txt: download_dansu/266_Cong-van-70-VKSTC-V14-2018-giai-dap-vuong-mac-ap-dung-quy-dinh-Bo-luat-to-tung-dan-su-2015-6ED2B.txt
2025-05-14 05:17:16,913 - INFO - ✅ Saved txt: download_dansu/270_Quyet-dinh-5309-QD-UBND-2017-thi-hanh-phap-luat-dang-ky-the-chap-quyen-su-dung-dat-Ho-Chi-Minh-58DDB.txt
2025-05-14 05:17:17,489 - INFO - ✅ Saved txt: download_dansu/271_Quyet-dinh-364-QD-VKSTC-2017-Quy-che-cong-tac-kiem-sat-viec-giai-quyet-cac-vu-viec-dan-su-58A29.txt
2025-05-14 05:17:29,490 - INFO - Processing batch 272 to 280
2025-05-14 05:17:36,004 - INFO - ✅ Saved txt: download_dansu/274_Quyet-dinh-31-2017-QD-UBND-muc-thu-phi-dang-ky-giao-dich-bao-dam-Lang-Son-583D0.txt
2025-05-14 05:17:36,277 - INFO - ✅ Saved txt: download_dansu/275_Thong-tu-12-2017-TT-NHNN-sua-doi-01-2014-TT-NHNN-bao-quan-tien-mat-tai-san-quy-giay-to-co-gia-5809E.txt
2025-05-14 05:17:36,608 - INFO - ✅ Saved txt: download_dansu/276_Quyet-dinh-1212-QD-UBND-2017-Tang-cuong-bao-ho-quyen-tac-gia-quyen-lien-quan-Cao-Bang-59054.txt
2025-05-14 05:17:36,796 - INFO - ✅ Saved txt: download_dansu/273_Quyet-dinh-42-2017-QD-UBND-ty-le-phan-tram-duoc-trich-de-lai-cho-don-vi-to-chuc-thu-phi-Lang-Son-583F9.txt
2025-05-14 05:17:36,816 - INFO - ✅ Saved txt: download_dansu/272_Quyet-dinh-44-2017-QD-UBND-Quy-che-phoi-hop-trong-hoat-dong-thi-hanh-an-dan-su-Lam-Dong-586FB.txt
2025-05-14 05:17:37,339 - INFO - ✅ Saved txt: download_dansu/277_Quyet-dinh-2216-QD-UBND-2017-boi-duong-cho-thanh-vien-Ban-chi-dao-Thi-hanh-an-Vung-Tau-58741.txt
2025-05-14 05:17:37,339 - INFO - ✅ Saved txt: download_dansu/278_Cong-van-8273-VPCP-KTTH-2017-hoat-dong-bao-lanh-tin-dung-cho-doanh-nghiep-nho-vua-592CE.txt
2025-05-14 05:17:43,127 - ERROR - ❌ Error saving document TXT 279: Message: 
Stacktrace:
#0 0x5e295163d78a <unknown>
#1 0x5e29510e00a0 <unknown>
#2 0x5e29511319b0 <unknown>
#3 0x5e2951131ba1 <unknown>
#4 0x5e295117fea4 <unknown>
#5 0x5e29511573cd <unknown>
#6 0x5e295117d2a0 <unknown>
#7 0x5e2951157173 <unknown>
#8 0x5e2951123d4b <unknown>
#9 0x5e29511249b1 <unknown>
#10 0x5e295160293b <unknown>
#11 0x5e295160683a <unknown>
#12 0x5e29515ea692 <unknown>
#13 0x5e29516073c4 <unknown>
#14 0x5e29515cf4cf <unknown>
#15 0x5e295162b568 <unknown>
#16 0x5e295162b746 <unknown>
#17 0x5e295163c5f6 <unknown>
#18 0x76945c5ee609 start_thread

2025-05-14 05:17:51,401 - ERROR - ❌ Error saving document TXT 279: Message: 
Stacktrace:
#0 0x5e295163d78a <unknown>
#1 0x5e29510e00a0 <unknown>
#2 0x5e29511319b0 <unknown>
#3 0x5e2951131ba1 <unknown>
#4 0x5e295117fea4 <unknown>
#5 0x5e29511573cd <unknown>
#6 0x5e295117d2a0 <unknown>
#7 0x5e2951157173 <unknown>
#8 0x5e2951123d4b <unknown>
#9 0x5e29511249b1 <unknown>
#10 0x5e295160293b <unknown>
#11 0x5e295160683a <unknown>
#12 0x5e29515ea692 <unknown>
#13 0x5e29516073c4 <unknown>
#14 0x5e29515cf4cf <unknown>
#15 0x5e295162b568 <unknown>
#16 0x5e295162b746 <unknown>
#17 0x5e295163c5f6 <unknown>
#18 0x76945c5ee609 start_thread

2025-05-14 05:17:54,737 - INFO - ✅ Saved txt: download_dansu/279_Quyet-dinh-2087-QD-UBND-2017-thuc-hien-Chi-thi-05-CT-TTg-cong-tac-thi-hanh-an-dan-su-Quang-Tri-5786A.txt
2025-05-14 05:18:06,738 - INFO - Processing batch 280 to 288
2025-05-14 05:18:13,781 - INFO - ✅ Saved txt: download_dansu/281_Chi-thi-11-CT-UBND-2017-tang-cuong-cong-tac-thi-hanh-an-dan-su-hanh-chinh-Ha-Tinh-576FE.txt
2025-05-14 05:18:14,059 - INFO - ✅ Saved txt: download_dansu/282_Quyet-dinh-1465-QD-UBND-2017-sua-doi-1763-QD-UBND-dang-ky-giao-dich-bao-dam-dat-Phu-Yen-57CF0.txt
2025-05-14 05:18:14,107 - INFO - ✅ Saved txt: download_dansu/280_Quyet-dinh-1974-QD-UBND-2017-Ke-hoach-thuc-hien-05-CT-TTg-cong-tac-thi-hanh-an-dan-su-Dak-Lak-57F41.txt
2025-05-14 05:18:14,346 - INFO - ✅ Saved txt: download_dansu/283_Nghi-quyet-39-2017-NQ-HDND-trich-de-lai-thu-phi-giao-dich-bao-dam-bang-quyen-su-dung-dat-Lang-Son-57983.txt
2025-05-14 05:18:14,413 - INFO - ✅ Saved txt: download_dansu/284_Cong-van-678-HTQTCT-CT-2017-mau-hop-dong-van-ban-thuc-hien-quyen-cua-nguoi-su-dung-dat-58A2F.txt
2025-05-14 05:18:15,496 - INFO - ✅ Saved txt: download_dansu/285_Nghi-quyet-24-2017-NQ-HDND-muc-thu-che-do-thu-nop-su-dung-phi-dang-ky-giao-dich-Binh-Thuan-57533.txt
2025-05-14 05:18:15,559 - INFO - ✅ Saved txt: download_dansu/287_Quyet-dinh-1766-QD-UBND-2017-phap-luat-ve-dang-ky-the-chap-quyen-su-dung-dat-Binh-Duong-58757.txt
2025-05-14 05:18:17,172 - INFO - ✅ Saved txt: download_dansu/286_Cong-van-2368-BTP-PLQT-2017-huong-dan-quy-dinh-uy-thac-tu-phap-linh-vuc-dan-su-ra-nuoc-ngoai-5D15E.txt
2025-05-14 05:18:29,173 - INFO - Processing batch 288 to 296
2025-05-14 05:18:35,679 - INFO - ✅ Saved txt: download_dansu/288_Cong-van-42898-CT-TTHT-2017-chinh-sach-thue-doi-voi-tai-san-dam-bao-tien-vay-Ha-Noi-568FE.txt
2025-05-14 05:18:35,790 - INFO - ✅ Saved txt: download_dansu/289_Cong-van-2651-TCT-DNL-2017-chinh-sach-ban-tai-san-bao-dam-tien-vay-56AB1.txt
2025-05-14 05:18:35,851 - INFO - ✅ Saved txt: download_dansu/292_Cong-van-546-HTQTCT-CT-2017-chung-thuc-hop-dong-chuyen-nhuong-tang-cho-quyen-su-dung-dat-58A2E.txt
2025-05-14 05:18:36,415 - INFO - ✅ Saved txt: download_dansu/290_Cong-van-2562-TCT-DNL-2017-nghia-vu-thue-hoat-dong-khai-thac-tai-san-bao-dam-56A74.txt
2025-05-14 05:18:36,707 - INFO - ✅ Saved txt: download_dansu/291_Quyet-dinh-868-QD-UBND-2017-phoi-hop-quan-ly-Nha-nuoc-dang-ky-giao-dich-bao-dam-Ha-Nam-56191.txt
2025-05-14 05:18:37,029 - INFO - ✅ Saved txt: download_dansu/293_Quyet-dinh-836-QD-BTP-2017-Danh-muc-van-ban-het-hieu-luc-toan-bo-linh-vuc-thi-hanh-an-dan-su-56AE2.txt
2025-05-14 05:18:37,317 - INFO - ✅ Saved txt: download_dansu/295_Quyet-dinh-1971-QD-UBND-2017-thu-tuc-hanh-chinh-moi-bai-bo-dang-ky-giao-dich-bao-dam-Thanh-Hoa-575DC.txt
2025-05-14 05:18:37,322 - INFO - ✅ Saved txt: download_dansu/294_Quyet-dinh-1970-QD-UBND-2017-thu-tuc-hanh-chinh-moi-bai-bo-dang-ky-giao-dich-bao-dam-Thanh-Hoa-575DB.txt
2025-05-14 05:18:49,322 - INFO - Processing batch 296 to 304
2025-05-14 05:18:56,078 - INFO - ✅ Saved txt: download_dansu/297_Quyet-dinh-1121-QD-UBND-2017-Tang-cuong-quan-ly-phap-luat-bao-ho-quyen-tac-gia-Vinh-Long-58AB4.txt
2025-05-14 05:18:56,371 - INFO - ✅ Saved txt: download_dansu/296_Chi-thi-07-CT-UBND-2017-tang-cuong-cong-tac-thi-hanh-an-dan-su-Hung-Yen-5609D.txt
2025-05-14 05:18:56,523 - INFO - ✅ Saved txt: download_dansu/298_Cong-van-2087-TCT-TNCN-2017-nop-thue-thu-nhap-ca-nhan-nguoi-chet-de-lai-khi-di-san-da-duoc-chia-55769.txt
2025-05-14 05:18:56,540 - INFO - ✅ Saved txt: download_dansu/300_Quyet-dinh-536-QD-TCTHADS-2017-thuc-hien-ho-tro-truc-tuyen-thi-hanh-an-dan-su-56CB1.txt
2025-05-14 05:18:56,715 - INFO - ✅ Saved txt: download_dansu/299_Cong-van-139-BXD-QLN-2017-hop-dong-dat-coc-giu-cho-mua-ban-bat-dong-san-56347.txt
2025-05-14 05:18:57,073 - INFO - ✅ Saved txt: download_dansu/301_Quyet-dinh-537-QD-TCTHADS-2017-thuc-hien-quy-che-mot-cua-tai-cac-co-quan-thi-hanh-an-dan-su-56CB2.txt
2025-05-14 05:19:02,788 - ERROR - ❌ Error saving document TXT 302: Message: 
Stacktrace:
#0 0x61fa1fa6878a <unknown>
#1 0x61fa1f50b0a0 <unknown>
#2 0x61fa1f55c9b0 <unknown>
#3 0x61fa1f55cba1 <unknown>
#4 0x61fa1f5aaea4 <unknown>
#5 0x61fa1f5823cd <unknown>
#6 0x61fa1f5a82a0 <unknown>
#7 0x61fa1f582173 <unknown>
#8 0x61fa1f54ed4b <unknown>
#9 0x61fa1f54f9b1 <unknown>
#10 0x61fa1fa2d93b <unknown>
#11 0x61fa1fa3183a <unknown>
#12 0x61fa1fa15692 <unknown>
#13 0x61fa1fa323c4 <unknown>
#14 0x61fa1f9fa4cf <unknown>
#15 0x61fa1fa56568 <unknown>
#16 0x61fa1fa56746 <unknown>
#17 0x61fa1fa675f6 <unknown>
#18 0x783082428609 start_thread

2025-05-14 05:19:02,918 - ERROR - ❌ Error saving document TXT 303: Message: 
Stacktrace:
#0 0x5b46ffd3278a <unknown>
#1 0x5b46ff7d50a0 <unknown>
#2 0x5b46ff8269b0 <unknown>
#3 0x5b46ff826ba1 <unknown>
#4 0x5b46ff874ea4 <unknown>
#5 0x5b46ff84c3cd <unknown>
#6 0x5b46ff8722a0 <unknown>
#7 0x5b46ff84c173 <unknown>
#8 0x5b46ff818d4b <unknown>
#9 0x5b46ff8199b1 <unknown>
#10 0x5b46ffcf793b <unknown>
#11 0x5b46ffcfb83a <unknown>
#12 0x5b46ffcdf692 <unknown>
#13 0x5b46ffcfc3c4 <unknown>
#14 0x5b46ffcc44cf <unknown>
#15 0x5b46ffd20568 <unknown>
#16 0x5b46ffd20746 <unknown>
#17 0x5b46ffd315f6 <unknown>
#18 0x7ce3ac20e609 start_thread

2025-05-14 05:19:11,076 - ERROR - ❌ Error saving document TXT 302: Message: 
Stacktrace:
#0 0x61fa1fa6878a <unknown>
#1 0x61fa1f50b0a0 <unknown>
#2 0x61fa1f55c9b0 <unknown>
#3 0x61fa1f55cba1 <unknown>
#4 0x61fa1f5aaea4 <unknown>
#5 0x61fa1f5823cd <unknown>
#6 0x61fa1f5a82a0 <unknown>
#7 0x61fa1f582173 <unknown>
#8 0x61fa1f54ed4b <unknown>
#9 0x61fa1f54f9b1 <unknown>
#10 0x61fa1fa2d93b <unknown>
#11 0x61fa1fa3183a <unknown>
#12 0x61fa1fa15692 <unknown>
#13 0x61fa1fa323c4 <unknown>
#14 0x61fa1f9fa4cf <unknown>
#15 0x61fa1fa56568 <unknown>
#16 0x61fa1fa56746 <unknown>
#17 0x61fa1fa675f6 <unknown>
#18 0x783082428609 start_thread

2025-05-14 05:19:11,210 - ERROR - ❌ Error saving document TXT 303: Message: 
Stacktrace:
#0 0x5b46ffd3278a <unknown>
#1 0x5b46ff7d50a0 <unknown>
#2 0x5b46ff8269b0 <unknown>
#3 0x5b46ff826ba1 <unknown>
#4 0x5b46ff874ea4 <unknown>
#5 0x5b46ff84c3cd <unknown>
#6 0x5b46ff8722a0 <unknown>
#7 0x5b46ff84c173 <unknown>
#8 0x5b46ff818d4b <unknown>
#9 0x5b46ff8199b1 <unknown>
#10 0x5b46ffcf793b <unknown>
#11 0x5b46ffcfb83a <unknown>
#12 0x5b46ffcdf692 <unknown>
#13 0x5b46ffcfc3c4 <unknown>
#14 0x5b46ffcc44cf <unknown>
#15 0x5b46ffd20568 <unknown>
#16 0x5b46ffd20746 <unknown>
#17 0x5b46ffd315f6 <unknown>
#18 0x7ce3ac20e609 start_thread

2025-05-14 05:19:14,139 - INFO - ✅ Saved txt: download_dansu/302_Cong-van-1873-TCT-TNCN-2017-thue-thu-nhap-ca-nhan-tien-boi-thuong-vi-pham-hop-dong-55291.txt
2025-05-14 05:19:14,579 - INFO - ✅ Saved txt: download_dansu/303_Quyet-dinh-432-QD-UBND-2017-thu-tuc-hanh-chinh-sua-doi-linh-vuc-dang-ky-giao-dich-Gia-Lai-57071.txt
2025-05-14 05:19:26,579 - INFO - Processing batch 304 to 312
2025-05-14 05:19:33,811 - INFO - ✅ Saved txt: download_dansu/304_Quyet-dinh-588-QD-UBND-2017-thu-tuc-hanh-chinh-dang-ky-giao-dich-bao-dam-So-Tu-phap-Yen-Bai-55C77.txt
2025-05-14 05:19:33,992 - INFO - ✅ Saved txt: download_dansu/305_Quyet-dinh-393-QD-UBND-quy-che-phoi-hop-quan-ly-nha-nuoc-ve-dang-ky-giao-dich-bao-dam-Hoa-Binh-2017-542DC.txt
2025-05-14 05:19:34,055 - INFO - ✅ Saved txt: download_dansu/306_Cong-van-262-HTQTCT-CT-2017-nghiep-vu-ve-van-ban-thoa-thuan-phan-chia-di-san-thua-ke-741B5.txt
2025-05-14 05:19:34,202 - INFO - ✅ Saved txt: download_dansu/307_Quyet-dinh-310-QD-UBND-2017-Thu-tuc-hanh-chinh-moi-bai-bo-dang-ky-giao-dich-Gia-Lai-57DFE.txt
2025-05-14 05:19:34,235 - INFO - ✅ Saved txt: download_dansu/308_Cong-van-173-HTQTCT-CT-2017-huong-dan-nghiep-vu-chung-thuc-lien-quan-den-thua-ke-the-vi-58A43.txt
2025-05-14 05:19:35,098 - INFO - ✅ Saved txt: download_dansu/309_Quyet-dinh-330-QD-UBND-2017-quy-che-phoi-hop-quan-ly-dang-ky-giao-dich-bao-dam-Yen-Bai-55C9F.txt
2025-05-14 05:19:35,270 - INFO - ✅ Saved txt: download_dansu/311_Chi-thi-05-CT-TTg-tang-cuong-cong-tac-thi-hanh-an-dan-su-2017-52AAD.txt
2025-05-14 05:19:35,303 - INFO - ✅ Saved txt: download_dansu/310_Quyet-dinh-273-QD-TCTHADS-2017-To-chuc-thi-hanh-an-trong-noi-bo-co-quan-thi-hanh-an-dan-su-5C309.txt
2025-05-14 05:19:47,304 - INFO - Processing batch 312 to 320
2025-05-14 05:19:54,960 - INFO - ✅ Saved txt: download_dansu/314_Chi-thi-02-CT-UBND-tang-cuong-cong-tac-thi-hanh-an-dan-su-Ha-Nam-2017-53466.txt
2025-05-14 05:19:55,347 - INFO - ✅ Saved txt: download_dansu/315_Quyet-dinh-2686-QD-BTP-2016-thuc-hien-Cong-uoc-La-Hay-1965-tong-dat-ra-nuoc-ngoai-giay-to-8809E.txt
2025-05-14 05:19:55,935 - INFO - ✅ Saved txt: download_dansu/316_Nghi-quyet-04-2016-NQ-HDTP-huong-dan-gui-nhan-don-khoi-kien-thong-bao-van-ban-to-tung-52456.txt
2025-05-14 05:19:56,025 - INFO - ✅ Saved txt: download_dansu/313_Nghi-quyet-01-2017-NQ-HDTP-bieu-mau-trong-to-tung-dan-su-4E345.txt
2025-05-14 05:19:56,607 - INFO - ✅ Saved txt: download_dansu/317_Cong-van-1336-UBDT-CSDT-xac-dinh-dia-ban-co-dieu-kien-kinh-te-xa-hoi-dac-biet-kho-khan-2016-51FF7.txt
2025-05-14 05:19:57,021 - INFO - ✅ Saved txt: download_dansu/318_Quyet-dinh-1117-QD-UBND-2016-cong-bo-thu-tuc-dang-ky-giao-dich-bao-dam-So-Tai-nguyen-Gia-Lai-614EF.txt
2025-05-14 05:19:57,359 - INFO - ✅ Saved txt: download_dansu/312_Quyet-dinh-263-QD-UBND-thu-tuc-hanh-chinh-Dang-ky-giao-dich-bao-dam-Quang-Binh-2017-54CFB.txt
2025-05-14 05:20:02,496 - ERROR - ❌ Error saving document TXT 319: Message: 
Stacktrace:
#0 0x64dbf3fb178a <unknown>
#1 0x64dbf3a540a0 <unknown>
#2 0x64dbf3aa59b0 <unknown>
#3 0x64dbf3aa5ba1 <unknown>
#4 0x64dbf3af3ea4 <unknown>
#5 0x64dbf3acb3cd <unknown>
#6 0x64dbf3af12a0 <unknown>
#7 0x64dbf3acb173 <unknown>
#8 0x64dbf3a97d4b <unknown>
#9 0x64dbf3a989b1 <unknown>
#10 0x64dbf3f7693b <unknown>
#11 0x64dbf3f7a83a <unknown>
#12 0x64dbf3f5e692 <unknown>
#13 0x64dbf3f7b3c4 <unknown>
#14 0x64dbf3f434cf <unknown>
#15 0x64dbf3f9f568 <unknown>
#16 0x64dbf3f9f746 <unknown>
#17 0x64dbf3fb05f6 <unknown>
#18 0x7c238725c609 start_thread

2025-05-14 05:20:10,772 - ERROR - ❌ Error saving document TXT 319: Message: 
Stacktrace:
#0 0x64dbf3fb178a <unknown>
#1 0x64dbf3a540a0 <unknown>
#2 0x64dbf3aa59b0 <unknown>
#3 0x64dbf3aa5ba1 <unknown>
#4 0x64dbf3af3ea4 <unknown>
#5 0x64dbf3acb3cd <unknown>
#6 0x64dbf3af12a0 <unknown>
#7 0x64dbf3acb173 <unknown>
#8 0x64dbf3a97d4b <unknown>
#9 0x64dbf3a989b1 <unknown>
#10 0x64dbf3f7693b <unknown>
#11 0x64dbf3f7a83a <unknown>
#12 0x64dbf3f5e692 <unknown>
#13 0x64dbf3f7b3c4 <unknown>
#14 0x64dbf3f434cf <unknown>
#15 0x64dbf3f9f568 <unknown>
#16 0x64dbf3f9f746 <unknown>
#17 0x64dbf3fb05f6 <unknown>
#18 0x7c238725c609 start_thread

2025-05-14 05:20:13,882 - INFO - ✅ Saved txt: download_dansu/319_Nghi-quyet-68-2016-NQ-HDND-muc-thu-quan-ly-su-dung-phi-dang-ky-giao-dich-bao-dam-Phu-Yen-52296.txt
2025-05-14 05:20:25,883 - INFO - Processing batch 320 to 328
2025-05-14 05:20:32,749 - INFO - ✅ Saved txt: download_dansu/321_Nghi-quyet-62-2016-NQ-HDND-muc-thu-nop-quan-ly-su-dung-phi-dang-ky-giao-dich-dam-bao-Vung-Tau-5260C.txt
2025-05-14 05:20:33,024 - INFO - ✅ Saved txt: download_dansu/320_Nghi-quyet-44-2016-NQ-HDND-phi-cung-cap-thong-tin-giao-dich-bao-dam-bang-quyen-su-dung-dat-Nghe-An-52CD9.txt
2025-05-14 05:20:33,234 - INFO - ✅ Saved txt: download_dansu/322_Nghi-quyet-75-2016-NQ-HDND-thu-nop-quan-ly-su-dung-Phi-cung-cap-thong-tin-giao-dich-bao-dam-Cao-Bang-525CE.txt
2025-05-14 05:20:33,652 - INFO - ✅ Saved txt: download_dansu/324_Quyet-dinh-3052-QD-UBND-2016-cong-bo-thu-tuc-linh-vuc-dang-ky-giao-dich-bao-dam-Ninh-Thuan-55672.txt
2025-05-14 05:20:33,780 - INFO - ✅ Saved txt: download_dansu/323_Nghi-quyet-53-2016-NQ-HDND-quy-dinh-quan-ly-su-dung-phi-dang-ky-giao-dich-bao-dam-Da-Nang-567A3.txt
2025-05-14 05:20:34,411 - INFO - ✅ Saved txt: download_dansu/325_Quyet-dinh-3425-QD-UBND-don-gian-hoa-thu-tuc-hanh-chinh-Dang-ky-giao-dich-bao-dam-Thanh-Hoa-2016-4FF5A.txt
2025-05-14 05:20:34,725 - INFO - ✅ Saved txt: download_dansu/326_Quyet-dinh-2216-QD-UBND-thu-tuc-hanh-chinh-linh-vuc-dang-ky-giao-dich-bao-dam-Binh-Phuoc-2016-547B8.txt
2025-05-14 05:20:34,969 - INFO - ✅ Saved txt: download_dansu/327_Cong-van-2770-BTP-DKGDBD-thuc-hien-09-2016-TTLT-BTP-BTNMT-the-chap-quyen-su-dung-dat-tai-san-2016-4E6ED.txt
2025-05-14 05:20:46,970 - INFO - Processing batch 328 to 336
2025-05-14 05:20:53,770 - INFO - ✅ Saved txt: download_dansu/330_Cong-van-49005-CT-TTHTr-chinh-sach-thue-thu-nhap-ca-nhan-lien-quan-den-quyen-tac-gia-Ha-Noi-2016-4DB37.txt
2025-05-14 05:20:53,953 - INFO - ✅ Saved txt: download_dansu/329_Cong-van-2841-BVHTTDL-BQTG-thuc-hien-35-NQ-CP-linh-vuc-quyen-tac-gia-quyen-lien-quan-2016-4DB75.txt
2025-05-14 05:20:54,683 - INFO - ✅ Saved txt: download_dansu/328_Quyet-dinh-2600-QD-UBND-thu-tuc-hanh-chinh-moi-dang-ky-giao-dich-bao-dam-So-Tu-phap-Vinh-Phuc-2016-4E71B.txt
2025-05-14 05:20:54,777 - INFO - ✅ Saved txt: download_dansu/331_Quyet-dinh-2492-QD-UBND-thu-tuc-hanh-chinh-sua-doi-bo-sung-dang-ky-giao-dich-bao-dam-Binh-Dinh-2016-4DBAA.txt
2025-05-14 05:20:55,048 - INFO - ✅ Saved txt: download_dansu/332_Quyet-dinh-2227-QD-UBND-bai-bo-thu-tuc-hanh-chinh-ho-tich-giao-dich-bao-dam-So-Tu-phap-Lao-Cai-2016-4DED0.txt
2025-05-14 05:20:55,655 - INFO - ✅ Saved txt: download_dansu/334_Quyet-dinh-1370-QD-UBND-Ke-hoach-trien-khai-thi-hanh-Bo-luat-Dan-su-Khanh-Hoa-2016-4C586.txt
2025-05-14 05:20:55,913 - INFO - ✅ Saved txt: download_dansu/333_Quyet-dinh-1663-QD-UBND-hop-dong-mau-trong-mua-ban-lien-ket-san-xuat-tieu-thu-ca-tra-An-Giang-2016-4CE6E.txt
2025-05-14 05:20:55,947 - INFO - ✅ Saved txt: download_dansu/335_Thong-tu-lien-tich-05-2016-TTLT-BTP-BCA-BTC-TANDTC-VKSNDTC-Ban-Chi-dao-thi-hanh-an-dan-su-50A98.txt
2025-05-14 05:21:07,948 - INFO - Processing batch 336 to 344
2025-05-14 05:21:14,901 - INFO - ✅ Saved txt: download_dansu/338_Quyet-dinh-786-QD-UBND-Ke-hoach-trien-khai-thi-hanh-Bo-luat-To-tung-dan-su-Hung-Yen-2016-4C057.txt
2025-05-14 05:21:15,054 - INFO - ✅ Saved txt: download_dansu/336_Quyet-dinh-1309-QD-UBND-bai-bo-25-2013-QD-UBND-ky-quy-thuc-hien-du-an-dau-tu-Can-Tho-2016-4CE5E.txt
2025-05-14 05:21:15,301 - INFO - ✅ Saved txt: download_dansu/337_Quyet-dinh-1024-QD-UBND-trien-khai-thi-hanh-Bo-Luat-Dan-su-Vinh-Long-2016-50763.txt
2025-05-14 05:21:15,508 - INFO - ✅ Saved txt: download_dansu/339_Cong-van-21070-CT-HTr-chinh-sach-thue-thu-nhap-doanh-nghiep-ban-giao-tai-san-bao-dam-Ha-Noi-2016-4B8EB.txt
2025-05-14 05:21:15,612 - INFO - ✅ Saved txt: download_dansu/340_Quyet-dinh-890-QD-UBND-Ke-hoach-trien-khai-thi-hanh-Bo-luat-dan-su-Son-La-2016-4CC6C.txt
2025-05-14 05:21:16,715 - INFO - ✅ Saved txt: download_dansu/342_Quyet-dinh-410-QD-UBND-Ke-hoach-trien-khai-thi-hanh-Bo-luat-Dan-su-To-tung-Dan-su-Ninh-Binh-2016-4B8B9.txt
2025-05-14 05:21:16,766 - INFO - ✅ Saved txt: download_dansu/341_Quyet-dinh-1146-QD-UBND-Ke-hoach-trien-khai-thi-hanh-Bo-luat-Dan-su-Binh-Dinh-2016-4CBAD.txt
2025-05-14 05:21:17,016 - INFO - ✅ Saved txt: download_dansu/343_Quyet-dinh-362-QD-BTP-ke-hoach-trien-khai-thi-hanh-Bo-luat-To-tung-dan-su-2016-4B827.txt
2025-05-14 05:21:29,017 - INFO - Processing batch 344 to 352
2025-05-14 05:21:36,240 - INFO - ✅ Saved txt: download_dansu/347_Cong-van-577-VPCP-V-III-thuc-hien-ket-luan-120-KL-TW-49A5A.txt
2025-05-14 05:21:36,328 - INFO - ✅ Saved txt: download_dansu/346_Quyet-dinh-243-QD-TTg-ke-hoach-trien-khai-thi-hanh-bo-luat-dan-su-2016-49DD5.txt
2025-05-14 05:21:36,471 - INFO - ✅ Saved txt: download_dansu/345_Quyet-dinh-380-QD-UBND-thu-tuc-hanh-chinh-dang-ky-giao-dich-bao-dam-So-Tai-nguyen-Hoa-Binh-2016-4D07E.txt
2025-05-14 05:21:36,630 - INFO - ✅ Saved txt: download_dansu/348_Quyet-dinh-02-2016-QD-UBND-che-do-thu-nop-quan-ly-su-dung-le-phi-dang-ky-cu-tru-Nam-Dinh-4C1DD.txt
2025-05-14 05:21:36,798 - INFO - ✅ Saved txt: download_dansu/344_Quyet-dinh-276-QD-BTP-ke-hoach-trien-khai-thi-hanh-bo-luat-dan-su-2016-4A419.txt
2025-05-14 05:21:38,430 - INFO - ✅ Saved txt: download_dansu/351_Quyet-dinh-1981-QD-UBND-giai-quyet-ho-tich-giay-to-tuy-than-nguoi-dan-tu-Campuchia-Dak-Nong-2015-48E49.txt
2025-05-14 05:21:39,220 - INFO - ✅ Saved txt: download_dansu/350_Quyet-dinh-2206-QD-BTP-thu-tuc-hanh-chinh-moi-sua-doi-thay-the-linh-vuc-dang-ky-giao-dich-bao-dam-2016-4B2C8.txt
2025-05-14 05:21:41,015 - INFO - ✅ Saved txt: download_dansu/349_Quyet-dinh-4848-QD-UBND-thu-tuc-hanh-chinh-moi-bi-huy-bo-bai-bo-cong-chung-luat-su-Lao-Cai-2015-4CE3A.txt
2025-05-14 05:21:53,016 - INFO - Processing batch 352 to 360
2025-05-14 05:21:59,199 - INFO - ✅ Saved txt: download_dansu/352_Lenh-cong-bo-Luat-trung-cau-y-dan-2015-49459.txt
2025-05-14 05:21:59,553 - INFO - ✅ Saved txt: download_dansu/354_Quy-che-911-QCLN-TCTHADS-TCTHAHS-2015-phoi-hop-giua-Tong-cuc-Thi-hanh-an-dan-su-va-hinh-su-5FAA0.txt
2025-05-14 05:22:00,236 - INFO - ✅ Saved txt: download_dansu/355_Luat-trung-cau-y-dan-2015-48D87.txt
2025-05-14 05:22:01,828 - INFO - ✅ Saved txt: download_dansu/357_Quyet-dinh-3023-QD-UBND-2015-quyen-dan-su-chinh-tri-cho-can-bo-cong-chuc-vien-chuc-Dak-Lak-699C7.txt
2025-05-14 05:22:02,564 - INFO - ✅ Saved txt: download_dansu/358_Quyet-dinh-1808-QD-BTP-Ke-hoach-huong-toi-ky-niem-70-nam-Ngay-truyen-thong-Thi-hanh-an-dan-su-47799.txt
2025-05-14 05:22:02,885 - INFO - ✅ Saved txt: download_dansu/356_Bo-luat-dan-su-2015-48517.txt
2025-05-14 05:22:02,971 - INFO - ✅ Saved txt: download_dansu/353_Quyet-dinh-2960-QD-UBND-thu-tuc-hanh-chinh-moi-linh-vuc-dang-ky-giao-dich-bao-dam-Kien-Giang-2015-48FB8.txt
2025-05-14 05:22:03,162 - INFO - ✅ Saved txt: download_dansu/359_Quyet-dinh-734-QD-TCTHADS-Bang-thoi-han-bao-quan-ho-so-tai-lieu-thi-hanh-an-dan-su-2015-47502.txt
2025-05-14 05:22:15,163 - INFO - Processing batch 360 to 368
2025-05-14 05:22:21,703 - INFO - ✅ Saved txt: download_dansu/364_Quyet-dinh-613-QD-TCTHADS-2015-nghiep-vu-luu-tru-trong-he-thong-to-chuc-thi-hanh-an-dan-su-45E24.txt
2025-05-14 05:22:22,142 - INFO - ✅ Saved txt: download_dansu/361_Cong-van-3043-TCTHADS-GQKNTC-tiep-cong-dan-giai-quyet-khieu-nai-to-cao-trong-thi-hanh-an-dan-su-2015-46FA4.txt
2025-05-14 05:22:22,199 - INFO - ✅ Saved txt: download_dansu/363_Chi-thi-11-CT-UBND-tang-cuong-nang-cao-hieu-qua-cong-tac-thi-hanh-an-dan-su-Khanh-Hoa-2015-4669D.txt
2025-05-14 05:22:22,571 - INFO - ✅ Saved txt: download_dansu/360_Quyet-dinh-1676-QD-BTP-thi-hanh-Nghi-dinh-62-2015-ND-CP-huong-dan-luat-thi-hanh-an-dan-su-2015-47004.txt
2025-05-14 05:22:22,572 - INFO - ✅ Saved txt: download_dansu/362_Chi-thi-19-CT-UBND-phoi-hop-nang-cao-hieu-qua-cong-tac-thi-hanh-an-dan-su-Quang-Nam-46EB0.txt
2025-05-14 05:22:23,087 - INFO - ✅ Saved txt: download_dansu/366_Quy-che-999-QCPH-BHXH-CTHADS-phoi-hop-Bao-hiem-xa-hoi-trong-thi-hanh-an-dan-su-Nam-Dinh-46969.txt
2025-05-14 05:22:23,718 - INFO - ✅ Saved txt: download_dansu/367_Cong-van-2423-BTP-THA-huong-dan-Luat-thi-hanh-an-dan-su-sua-doi-giai-doan-chuyen-tiep-475AF.txt
2025-05-14 05:22:24,622 - INFO - ✅ Saved txt: download_dansu/365_Nghi-dinh-62-2015-ND-CP-huong-dan-thi-hanh-mot-so-dieu-cua-Luat-Thi-hanh-an-dan-su-455A7.txt
2025-05-14 05:22:36,623 - INFO - Processing batch 368 to 376
2025-05-14 05:22:43,386 - INFO - ✅ Saved txt: download_dansu/368_Quyet-dinh-1297-QD-UBND-2015-Quy-che-phoi-hop-quan-ly-Nha-nuoc-dang-ky-giao-dich-bao-dam-Son-La-45FF6.txt
2025-05-14 05:22:43,712 - INFO - ✅ Saved txt: download_dansu/372_Thong-tu-14-2015-TT-BGTVT-boi-thuong-ung-truoc-khong-hoan-lai-van-chuyen-hanh-khach-hang-khong-42E94.txt
2025-05-14 05:22:44,119 - INFO - ✅ Saved txt: download_dansu/371_Thong-tu-69-2015-TT-BTC-Khuon-kho-Viet-Nam-ve-hop-dong-dich-vu-dam-bao-43DFE.txt
2025-05-14 05:22:44,146 - INFO - ✅ Saved txt: download_dansu/369_Cong-van-1894-TCTHADS-TKDLCT-2015-quan-ly-Trang-thong-tin-dien-tu-cua-Cuc-Thi-hanh-an-dan-su-47626.txt
2025-05-14 05:22:45,119 - INFO - ✅ Saved txt: download_dansu/373_Cong-van-2337-HTQTCT-CT-2015-chung-thuc-van-ban-thoa-thuan-phan-chia-di-san-quyen-su-dung-dat-4344B.txt
2025-05-14 05:22:45,410 - INFO - ✅ Saved txt: download_dansu/370_Cong-van-2042-BTP-DKGDBD-2015-quan-ly-Nha-nuoc-ve-dang-ky-giao-dich-bao-dam-quyen-su-dung-dat-43FBE.txt
2025-05-14 05:22:45,456 - INFO - ✅ Saved txt: download_dansu/374_Quyet-dinh-1656-QD-UBND-2015-trien-khai-23-2015-ND-CP-cap-ban-sao-tu-so-goc-chung-thuc-Ha-Noi-4262B.txt
2025-05-14 05:22:46,831 - INFO - ✅ Saved txt: download_dansu/375_Huong-dan-21-HD-VKSTC-V5-2015-vuong-mac-trong-thuc-hien-Bo-Luat-to-tung-dan-su-8D5B4.txt
2025-05-14 05:22:58,832 - INFO - Processing batch 376 to 384
2025-05-14 05:23:05,137 - INFO - ✅ Saved txt: download_dansu/380_Quyet-dinh-01-QD-TTg-nam-2015-to-chuc-lay-y-kien-Nhan-dan-du-thao-Bo-luat-dan-su-sua-doi-40049.txt
2025-05-14 05:23:05,451 - INFO - ✅ Saved txt: download_dansu/379_Cong-van-138-LDTBXH-LDTL-2015-hop-dong-lao-dong-voi-nguoi-lao-dong-lam-viec-khong-tron-thoi-gian-4040C.txt
2025-05-14 05:23:05,703 - INFO - ✅ Saved txt: download_dansu/376_Cong-van-4604-BTC-TCT-2015-xu-ly-tai-san-the-chap-de-gan-no-42594.txt
2025-05-14 05:23:05,769 - INFO - ✅ Saved txt: download_dansu/377_Quyet-dinh-135-QD-BTP-2015-thuc-hien-01-QD-TTg-lay-y-kien-Nhan-dan-du-thao-Bo-luat-dan-su-sua-doi-407D3.txt
2025-05-14 05:23:06,073 - INFO - ✅ Saved txt: download_dansu/378_Quyet-dinh-138-QD-LDTBXH-2015-ban-hanh-Ke-hoach-to-chuc-lay-y-kien-ve-du-thao-Bo-luat-Dan-su-sua-doi-4073E.txt
2025-05-14 05:23:06,614 - INFO - ✅ Saved txt: download_dansu/382_Quyet-dinh-824-QD-TCTHADS-huong-dan-nghiep-vu-thi-hanh-an-dan-su-trong-noi-bo-nganh-46D45.txt
2025-05-14 05:23:06,892 - INFO - ✅ Saved txt: download_dansu/381_Quyet-dinh-3449-QD-BTP-2014-ban-hanh-Ke-hoach-trong-tam-cong-tac-thi-hanh-an-dan-su-nam-2015-42058.txt
2025-05-14 05:23:06,956 - INFO - ✅ Saved txt: download_dansu/383_Cong-van-514-CDKGDBD-QLNV-the-chap-quyen-su-dung-dat-bao-dam-nghia-vu-cua-nguoi-khac-2014-48BA7.txt
2025-05-14 05:23:18,956 - INFO - Processing batch 384 to 392
2025-05-14 05:23:25,534 - INFO - ✅ Saved txt: download_dansu/386_Cong-van-253-CDKGDBD-QLNV-2014-tham-quyen-yeu-cau-tam-ngung-giai-quyet-dang-ky-quyen-so-huu-59F99.txt
2025-05-14 05:23:25,902 - INFO - ✅ Saved txt: download_dansu/387_Cong-van-2041-TCT-DNL-2014-thue-tai-san-dam-bao-bat-dong-san-chuyen-nhuong-ke-khai-nop-thue-39510.txt
2025-05-14 05:23:26,170 - INFO - ✅ Saved txt: download_dansu/384_Cong-van-498-CDMDN-QLNV-2014-huong-dan-nghiep-vu-dang-ky-giao-dich-bao-dam-bang-dong-san-421D5.txt
2025-05-14 05:23:26,699 - INFO - ✅ Saved txt: download_dansu/388_Cong-van-128-CDKGDBD-NV-2014-giai-dap-phan-anh-kien-nghi-Hiep-hoi-Ngan-hang-Viet-Nam-3EF48.txt
2025-05-14 05:23:27,114 - INFO - ✅ Saved txt: download_dansu/389_Thong-tu-lien-tich-03-2014-TTLT-BTP-NHNNVN-xac-minh-dieu-kien-thi-hanh-an-Thua-phat-to-chuc-tin-dung-35A35.txt
2025-05-14 05:23:27,461 - INFO - ✅ Saved txt: download_dansu/391_Chi-thi-10-2013-CT-UBND-quan-ly-nha-nuoc-ve-dang-ky-giao-dich-bao-dam-Hau-Giang-36B44.txt
2025-05-14 05:23:27,501 - INFO - ✅ Saved txt: download_dansu/390_Thong-tu-lien-tich-02-2014-TTLT-BTP-BTC-BLDTBXH-NHNNVN-phong-toa-khau-tru-thi-hanh-an-dan-su-35F7C.txt
2025-05-14 05:23:27,501 - INFO - ✅ Saved txt: download_dansu/385_Quyet-dinh-2950-QD-BTP-2014-thu-tuc-hanh-chinh-dang-ky-giao-dich-bao-dam-thuoc-quan-ly-Bo-Tu-phap-3F143.txt
2025-05-14 05:23:39,501 - INFO - Processing batch 392 to 400
2025-05-14 05:23:46,534 - INFO - ✅ Saved txt: download_dansu/392_Cong-van-4272-TCT-TNCN-nam-2013-thue-thu-nhap-ca-nhan-thua-ke-bat-dong-san-34C48.txt
2025-05-14 05:23:46,760 - INFO - ✅ Saved txt: download_dansu/395_Cong-van-3824-TCT-TNCN-nam-2013-thu-thue-thu-nhap-ca-nhan-thua-ke-34442.txt
2025-05-14 05:23:46,865 - INFO - ✅ Saved txt: download_dansu/393_Cong-van-4269-TCT-TNCN-nam-2013-thue-thu-nhap-ca-nhan-thua-ke-bat-dong-san-34BFB.txt
2025-05-14 05:23:47,228 - INFO - ✅ Saved txt: download_dansu/394_Cong-van-3820-TCT-TNCN-2013-xac-dinh-thue-thu-nhap-ca-nhan-thua-ke-3432D.txt
2025-05-14 05:23:47,270 - INFO - ✅ Saved txt: download_dansu/396_Quyet-dinh-1763-QD-UBND-nam-2013-Quy-che-phoi-hop-bao-dam-bang-quyen-su-dung-dat-Phu-Yen-340C2.txt
2025-05-14 05:23:47,755 - INFO - ✅ Saved txt: download_dansu/397_Cong-van-2493-TCT-TNCN-nam-2013-thue-thu-nhap-ca-nhan-tu-thua-ke-31B8D.txt
2025-05-14 05:23:47,875 - INFO - ✅ Saved txt: download_dansu/399_Chi-thi-12-CT-UBND-nam-2013-tang-cuong-thuc-hien-dang-ky-giao-dich-bao-dam-2D371.txt
2025-05-14 05:23:50,076 - INFO - ✅ Saved txt: download_dansu/398_Cong-van-1209-TCTHADS-NV1-2013-giai-dap-nghiep-vu-thi-hanh-an-dan-su-5864B.txt
2025-05-14 05:24:02,077 - INFO - Processing batch 400 to 408
2025-05-14 05:24:08,659 - INFO - ✅ Saved txt: download_dansu/403_Chi-thi-05-CT-UBND-2013-thi-hanh-luat-ve-giao-dich-bao-dam-Quang-Ninh-2DE33.txt
2025-05-14 05:24:09,047 - INFO - ✅ Saved txt: download_dansu/400_Quyet-dinh-499-QD-UBND-nam-2013-dang-ky-giao-dich-bao-dam-Binh-Phuoc-2C889.txt
2025-05-14 05:24:09,265 - INFO - ✅ Saved txt: download_dansu/404_Quyet-dinh-192-QD-UBND-nam-2013-Quy-che-phoi-hop-quan-ly-Nha-nuoc-dang-ky-2E607.txt
2025-05-14 05:24:09,555 - INFO - ✅ Saved txt: download_dansu/401_Cong-van-964-TCT-TNCN-vuong-mac-xac-dinh-thu-nhap-tinh-thue-thu-nhap-ca-nhan-tu-2BA92.txt
2025-05-14 05:24:09,626 - INFO - ✅ Saved txt: download_dansu/402_Quyet-dinh-603-QD-BTP-2013-Ke-hoach-trien-khai-thuc-hien-chi-tieu-nhiem-vu-thi-hanh-an-dan-su-2C7B9.txt
2025-05-14 05:24:10,202 - INFO - ✅ Saved txt: download_dansu/406_Quyet-dinh-04-2013-QD-UBND-Quy-che-phoi-hop-quan-ly-dang-ky-giao-dich-bao-dam-29E72.txt
2025-05-14 05:24:10,223 - INFO - ✅ Saved txt: download_dansu/405_Thong-bao-hieu-luc-Hiep-dinh-tuong-tro-tu-phap-dan-su-Viet-Nam-Cam-pu-chia-3E76D.txt
2025-05-14 05:24:10,533 - INFO - ✅ Saved txt: download_dansu/407_Cong-van-01-BTP-DMDN-nam-2014-huong-dan-giao-dich-bao-dam-3EF37.txt
2025-05-14 05:24:22,534 - INFO - Processing batch 408 to 416
2025-05-14 05:24:29,249 - INFO - ✅ Saved txt: download_dansu/410_Cong-van-7236-BTP-DKGDBD-2014-dang-ky-giao-dich-bao-dam-bang-quyen-su-dung-dat-tai-san-gan-lien-voi-dat-3EF2A.txt
2025-05-14 05:24:29,840 - INFO - ✅ Saved txt: download_dansu/408_Chi-thi-28-CT-TTg-nam-2012-tang-cuong-hieu-qua-thi-hanh-phap-luat-giao-dich-24EF2.txt
2025-05-14 05:24:30,253 - INFO - ✅ Saved txt: download_dansu/412_Quyet-dinh-08-2012-QD-UBND-quy-dinh-muc-thu-le-phi-dang-ky-giao-dich-bao-dam-2400F.txt
2025-05-14 05:24:31,070 - INFO - ✅ Saved txt: download_dansu/413_Quyet-dinh-1754-QD-UBND-nam-2012-Quy-che-phoi-hop-thuc-hien-chuc-nang-quan-ly-NN-27AB2.txt
2025-05-14 05:24:31,221 - INFO - ✅ Saved txt: download_dansu/411_Cong-van-3150-TCT-CS-le-phi-truoc-ba-doi-voi-thua-ke-qua-tang-24714.txt
2025-05-14 05:24:31,936 - INFO - ✅ Saved txt: download_dansu/415_Quyet-dinh-19-2012-QD-UBND-Quy-che-phoi-hop-quan-ly-nha-nuoc-dang-ky-giao-dich-23534.txt
2025-05-14 05:24:31,947 - INFO - ✅ Saved txt: download_dansu/414_Cong-van-4493-NHNN-CSTT-tham-gia-y-kien-doi-voi-noi-dung-du-thao-Thong-tu-23DD1.txt
2025-05-14 05:24:33,660 - INFO - ✅ Saved txt: download_dansu/409_Quyet-dinh-566-QD-VKSTC-2012-mau-van-ban-to-tung-cong-tac-kiem-sat-giai-quyet-cac-vu-viec-dan-su-299D7.txt
2025-05-14 05:24:45,661 - INFO - Processing batch 416 to 424
2025-05-14 05:24:52,149 - INFO - ✅ Saved txt: download_dansu/417_Quyet-dinh-06-2012-QD-UBND-le-phi-dang-ky-giao-dich-bao-dam-phi-cung-cap-thong-216B7.txt
2025-05-14 05:24:52,724 - INFO - ✅ Saved txt: download_dansu/419_Nghi-dinh-05-2012-ND-CP-sua-doi-Nghi-dinh-dang-ky-giao-dich-bao-dam-20D0E.txt
2025-05-14 05:24:52,879 - INFO - ✅ Saved txt: download_dansu/418_Quyet-dinh-237-QD-BTP-nam-2012-Ke-hoach-cong-tac-Cuc-Dang-ky-quoc-gia-giao-dich-2A7D4.txt
2025-05-14 05:24:53,026 - INFO - ✅ Saved txt: download_dansu/420_Quyet-dinh-138-QD-UBND-nam-2012-ve-Quy-che-phoi-hop-trong-quan-ly-Nha-nuoc-dang-234D5.txt
2025-05-14 05:24:53,079 - INFO - ✅ Saved txt: download_dansu/416_Quyet-dinh-539-QD-CT-UBND-Quy-che-quan-ly-Nha-nuoc-ve-dang-ky-giao-dich-bao-dam-Quang-Binh-2012-4F23E.txt
2025-05-14 05:24:53,516 - INFO - ✅ Saved txt: download_dansu/421_Quyet-dinh-2466-QD-UBND-nam-2012-Quy-che-phoi-hop-trong-quan-ly-nha-nuoc-2474C.txt
2025-05-14 05:24:53,764 - INFO - ✅ Saved txt: download_dansu/422_Quyet-dinh-141-2011-QD-UBND-muc-thu-le-phi-dang-ky-giao-dich-bao-dam-202F5.txt
2025-05-14 05:24:59,348 - ERROR - ❌ Error saving document TXT 423: Message: 
Stacktrace:
#0 0x601dd78a378a <unknown>
#1 0x601dd73460a0 <unknown>
#2 0x601dd73979b0 <unknown>
#3 0x601dd7397ba1 <unknown>
#4 0x601dd73e5ea4 <unknown>
#5 0x601dd73bd3cd <unknown>
#6 0x601dd73e32a0 <unknown>
#7 0x601dd73bd173 <unknown>
#8 0x601dd7389d4b <unknown>
#9 0x601dd738a9b1 <unknown>
#10 0x601dd786893b <unknown>
#11 0x601dd786c83a <unknown>
#12 0x601dd7850692 <unknown>
#13 0x601dd786d3c4 <unknown>
#14 0x601dd78354cf <unknown>
#15 0x601dd7891568 <unknown>
#16 0x601dd7891746 <unknown>
#17 0x601dd78a25f6 <unknown>
#18 0x7428d3dcc609 start_thread

2025-05-14 05:25:07,626 - ERROR - ❌ Error saving document TXT 423: Message: 
Stacktrace:
#0 0x601dd78a378a <unknown>
#1 0x601dd73460a0 <unknown>
#2 0x601dd73979b0 <unknown>
#3 0x601dd7397ba1 <unknown>
#4 0x601dd73e5ea4 <unknown>
#5 0x601dd73bd3cd <unknown>
#6 0x601dd73e32a0 <unknown>
#7 0x601dd73bd173 <unknown>
#8 0x601dd7389d4b <unknown>
#9 0x601dd738a9b1 <unknown>
#10 0x601dd786893b <unknown>
#11 0x601dd786c83a <unknown>
#12 0x601dd7850692 <unknown>
#13 0x601dd786d3c4 <unknown>
#14 0x601dd78354cf <unknown>
#15 0x601dd7891568 <unknown>
#16 0x601dd7891746 <unknown>
#17 0x601dd78a25f6 <unknown>
#18 0x7428d3dcc609 start_thread

2025-05-14 05:25:11,195 - INFO - ✅ Saved txt: download_dansu/423_Hiep-dinh-tuong-tro-tu-phap-trong-linh-vuc-dan-su-giua-Viet-Nam-va-Ca-dac-xtan-25834.txt
2025-05-14 05:25:23,196 - INFO - Processing batch 424 to 432
2025-05-14 05:25:29,988 - INFO - ✅ Saved txt: download_dansu/427_Chi-thi-19-CT-UBND-trien-khai-to-chuc-thuc-hien-Nghi-dinh-83-2010-ND-CP-1BDB9.txt
2025-05-14 05:25:30,346 - INFO - ✅ Saved txt: download_dansu/428_Quyet-dinh-2366-QD-BTP-Ke-hoach-thuc-hien-Nghi-dinh-83-2010-ND-CP-1B383.txt
2025-05-14 05:25:30,585 - INFO - ✅ Saved txt: download_dansu/426_Quyet-dinh-22-QD-CDKGDBD-nam-2011-cap-su-dung-ma-so-va-tai-khoan-dang-ky-22481.txt
2025-05-14 05:25:30,735 - INFO - ✅ Saved txt: download_dansu/425_Chi-thi-10-2011-CT-UBND-dang-ky-giao-dich-bao-dam-tinh-Ninh-Thuan-2E984.txt
2025-05-14 05:25:31,000 - INFO - ✅ Saved txt: download_dansu/424_Nghi-quyet-07-2011-NQ-HDND-le-phi-cap-Giay-phep-kinh-doanh-van-tai-bang-xe-oto-Thanh-Hoa-28D31.txt
2025-05-14 05:25:31,377 - INFO - ✅ Saved txt: download_dansu/429_Cong-van-107-TP-HD-huong-dan-chung-thuc-chu-ky-nguoi-ban-cho-tang-xe-2103D.txt
2025-05-14 05:25:36,822 - ERROR - ❌ Error saving document TXT 430: Message: 
Stacktrace:
#0 0x632f96eee78a <unknown>
#1 0x632f969910a0 <unknown>
#2 0x632f969e29b0 <unknown>
#3 0x632f969e2ba1 <unknown>
#4 0x632f96a30ea4 <unknown>
#5 0x632f96a083cd <unknown>
#6 0x632f96a2e2a0 <unknown>
#7 0x632f96a08173 <unknown>
#8 0x632f969d4d4b <unknown>
#9 0x632f969d59b1 <unknown>
#10 0x632f96eb393b <unknown>
#11 0x632f96eb783a <unknown>
#12 0x632f96e9b692 <unknown>
#13 0x632f96eb83c4 <unknown>
#14 0x632f96e804cf <unknown>
#15 0x632f96edc568 <unknown>
#16 0x632f96edc746 <unknown>
#17 0x632f96eed5f6 <unknown>
#18 0x751266201609 start_thread

2025-05-14 05:25:36,959 - ERROR - ❌ Error saving document TXT 431: Message: 
Stacktrace:
#0 0x600468e8c78a <unknown>
#1 0x60046892f0a0 <unknown>
#2 0x6004689809b0 <unknown>
#3 0x600468980ba1 <unknown>
#4 0x6004689ceea4 <unknown>
#5 0x6004689a63cd <unknown>
#6 0x6004689cc2a0 <unknown>
#7 0x6004689a6173 <unknown>
#8 0x600468972d4b <unknown>
#9 0x6004689739b1 <unknown>
#10 0x600468e5193b <unknown>
#11 0x600468e5583a <unknown>
#12 0x600468e39692 <unknown>
#13 0x600468e563c4 <unknown>
#14 0x600468e1e4cf <unknown>
#15 0x600468e7a568 <unknown>
#16 0x600468e7a746 <unknown>
#17 0x600468e8b5f6 <unknown>
#18 0x7dd4408bf609 start_thread

2025-05-14 05:25:45,099 - ERROR - ❌ Error saving document TXT 430: Message: 
Stacktrace:
#0 0x632f96eee78a <unknown>
#1 0x632f969910a0 <unknown>
#2 0x632f969e29b0 <unknown>
#3 0x632f969e2ba1 <unknown>
#4 0x632f96a30ea4 <unknown>
#5 0x632f96a083cd <unknown>
#6 0x632f96a2e2a0 <unknown>
#7 0x632f96a08173 <unknown>
#8 0x632f969d4d4b <unknown>
#9 0x632f969d59b1 <unknown>
#10 0x632f96eb393b <unknown>
#11 0x632f96eb783a <unknown>
#12 0x632f96e9b692 <unknown>
#13 0x632f96eb83c4 <unknown>
#14 0x632f96e804cf <unknown>
#15 0x632f96edc568 <unknown>
#16 0x632f96edc746 <unknown>
#17 0x632f96eed5f6 <unknown>
#18 0x751266201609 start_thread

2025-05-14 05:25:45,239 - ERROR - ❌ Error saving document TXT 431: Message: 
Stacktrace:
#0 0x600468e8c78a <unknown>
#1 0x60046892f0a0 <unknown>
#2 0x6004689809b0 <unknown>
#3 0x600468980ba1 <unknown>
#4 0x6004689ceea4 <unknown>
#5 0x6004689a63cd <unknown>
#6 0x6004689cc2a0 <unknown>
#7 0x6004689a6173 <unknown>
#8 0x600468972d4b <unknown>
#9 0x6004689739b1 <unknown>
#10 0x600468e5193b <unknown>
#11 0x600468e5583a <unknown>
#12 0x600468e39692 <unknown>
#13 0x600468e563c4 <unknown>
#14 0x600468e1e4cf <unknown>
#15 0x600468e7a568 <unknown>
#16 0x600468e7a746 <unknown>
#17 0x600468e8b5f6 <unknown>
#18 0x7dd4408bf609 start_thread

2025-05-14 05:25:48,439 - INFO - ✅ Saved txt: download_dansu/431_Thong-bao-249-TB-VPCP-ket-luan-Thu-tuong-Chinh-phu-hop-danh-gia-thuc-hien-phap-luat-ve-ban-quyen-tac-gia-quyen-lien-quan-16B8C.txt
2025-05-14 05:25:48,874 - INFO - ✅ Saved txt: download_dansu/430_Thong-bao-hieu-luc-Hiep-dinh-tuong-tro-tu-phap-linh-vuc-dan-su-va-thuong-mai-23389.txt
2025-05-14 05:26:00,876 - INFO - Processing batch 432 to 440
2025-05-14 05:26:07,828 - INFO - ✅ Saved txt: download_dansu/435_Quyet-dinh-so-2020-QD-UBND-2008-giao-tham-quyen-cong-chung-hop-dong-giao-dich-Ca-Mau-48AC8.txt
2025-05-14 05:26:08,016 - INFO - ✅ Saved txt: download_dansu/436_Nghi-dinh-88-2008-ND-CP-xac-dinh-lai-gioi-tinh-10DA3.txt
2025-05-14 05:26:08,165 - INFO - ✅ Saved txt: download_dansu/433_Chi-thi-21-2009-CT-UBND-thuc-hien-Luat-Thi-hanh-an-dan-su-Thua-Thien-Hue-4662E.txt
2025-05-14 05:26:08,191 - INFO - ✅ Saved txt: download_dansu/432_Quyet-dinh-15-2009-QD-UBND-le-phi-dang-ky-phi-thong-tin-dam-bao-quyen-su-dung-dat-Nam-Dinh-49571.txt
2025-05-14 05:26:08,576 - INFO - ✅ Saved txt: download_dansu/434_Quyet-dinh-13-2009-QD-UBND-cap-Giay-chung-nhan-quyen-so-huu-cong-trinh-xay-dung-Hung-Yen-44B32.txt
2025-05-14 05:26:08,766 - INFO - ✅ Saved txt: download_dansu/437_Cong-van-4294-TNMT-TTDK-huong-dan-dang-ky-the-chap-nha-o-5B63.txt
2025-05-14 05:26:14,575 - ERROR - ❌ Error saving document TXT 439: Message: 
Stacktrace:
#0 0x565fe842378a <unknown>
#1 0x565fe7ec60a0 <unknown>
#2 0x565fe7f179b0 <unknown>
#3 0x565fe7f17ba1 <unknown>
#4 0x565fe7f65ea4 <unknown>
#5 0x565fe7f3d3cd <unknown>
#6 0x565fe7f632a0 <unknown>
#7 0x565fe7f3d173 <unknown>
#8 0x565fe7f09d4b <unknown>
#9 0x565fe7f0a9b1 <unknown>
#10 0x565fe83e893b <unknown>
#11 0x565fe83ec83a <unknown>
#12 0x565fe83d0692 <unknown>
#13 0x565fe83ed3c4 <unknown>
#14 0x565fe83b54cf <unknown>
#15 0x565fe8411568 <unknown>
#16 0x565fe8411746 <unknown>
#17 0x565fe84225f6 <unknown>
#18 0x710050619609 start_thread

2025-05-14 05:26:14,575 - ERROR - ❌ Error saving document TXT 438: Message: 
Stacktrace:
#0 0x64206f1a478a <unknown>
#1 0x64206ec470a0 <unknown>
#2 0x64206ec989b0 <unknown>
#3 0x64206ec98ba1 <unknown>
#4 0x64206ece6ea4 <unknown>
#5 0x64206ecbe3cd <unknown>
#6 0x64206ece42a0 <unknown>
#7 0x64206ecbe173 <unknown>
#8 0x64206ec8ad4b <unknown>
#9 0x64206ec8b9b1 <unknown>
#10 0x64206f16993b <unknown>
#11 0x64206f16d83a <unknown>
#12 0x64206f151692 <unknown>
#13 0x64206f16e3c4 <unknown>
#14 0x64206f1364cf <unknown>
#15 0x64206f192568 <unknown>
#16 0x64206f192746 <unknown>
#17 0x64206f1a35f6 <unknown>
#18 0x74d019a90609 start_thread

2025-05-14 05:26:17,838 - INFO - ✅ Saved txt: download_dansu/438_Cong-van-1603-STP-BTTP-cam-ket-quan-he-nhan-than-trong-khai-nhan-di-san-thoa-thuan-phan-chia-di-san-D0B4.txt
2025-05-14 05:26:22,846 - ERROR - ❌ Error saving document TXT 439: Message: 
Stacktrace:
#0 0x565fe842378a <unknown>
#1 0x565fe7ec60a0 <unknown>
#2 0x565fe7f179b0 <unknown>
#3 0x565fe7f17ba1 <unknown>
#4 0x565fe7f65ea4 <unknown>
#5 0x565fe7f3d3cd <unknown>
#6 0x565fe7f632a0 <unknown>
#7 0x565fe7f3d173 <unknown>
#8 0x565fe7f09d4b <unknown>
#9 0x565fe7f0a9b1 <unknown>
#10 0x565fe83e893b <unknown>
#11 0x565fe83ec83a <unknown>
#12 0x565fe83d0692 <unknown>
#13 0x565fe83ed3c4 <unknown>
#14 0x565fe83b54cf <unknown>
#15 0x565fe8411568 <unknown>
#16 0x565fe8411746 <unknown>
#17 0x565fe84225f6 <unknown>
#18 0x710050619609 start_thread

2025-05-14 05:26:26,110 - INFO - ✅ Saved txt: download_dansu/439_Quyet-dinh-256-QD-UB-muc-thu-ty-le-phan-tram-thu-le-phi-1AF29.txt
2025-05-14 05:26:38,111 - INFO - Processing batch 440 to 448
2025-05-14 05:26:44,901 - INFO - ✅ Saved txt: download_dansu/441_Cong-van-38-KHXX-huong-dan-viec-phap-nhan-khoi-kien-va-uy-quyen-khoi-kien-vu-an-dan-su-FDC9.txt
2025-05-14 05:26:45,023 - INFO - ✅ Saved txt: download_dansu/444_Lenh-cong-bo-Nghi-quyet-giao-dich-dan-su-ve-nha-o-duoc-xac-lap-truoc-ngay-01-thang-07-nam-1991-co-nguoi-Viet-Nam-dinh-cu-o-nuoc-ngoai-14-2006-L-CTN-E98C.txt
2025-05-14 05:26:45,536 - INFO - ✅ Saved txt: download_dansu/443_Nghi-dinh-138-2006-ND-CP-huong-dan-Bo-luat-dan-su-ve-quan-he-dan-su-co-yeu-to-nuoc-ngoai-3C74.txt
2025-05-14 05:26:46,545 - INFO - ✅ Saved txt: download_dansu/442_Huong-dan-94-HDLN-STP-STNMT-trinh-tu-thu-tuc-thua-ke-quyen-su-dung-dat-22DB7.txt
2025-05-14 05:26:46,567 - INFO - ✅ Saved txt: download_dansu/440_Cong-van-40-KHXX-huong-dan-thu-ly-giai-quyet-tranh-chap-ve-ho-FD71.txt
2025-05-14 05:26:46,842 - INFO - ✅ Saved txt: download_dansu/445_Cong-van-2702-TCT-PCCS-hinh-thuc-cua-hop-dong-vay-tai-san-3407.txt
2025-05-14 05:26:47,166 - INFO - ✅ Saved txt: download_dansu/447_Quyet-dinh-690-QD-UBND-cham-dut-hieu-luc-Hop-dong-hop-tac-kinh-doanh-thu-hoi-Giay-phep-dau-tu-04-GP-BN-giai-the-Cong-ty-TNHH-AMUR-2DD9.txt
2025-05-14 05:26:47,169 - INFO - ✅ Saved txt: download_dansu/446_Nghi-quyet-1037-2006-NQ-UBTVQH11-giao-dich-dan-su-ve-nha-o-duoc-xac-lap-truoc-ngay-01-thang-7-nam-1991-co-nguoi-Viet-Nam-dinh-cu-o-nuoc-ngoai-tham-gia-339F.txt
2025-05-14 05:26:59,173 - INFO - Processing batch 448 to 456
2025-05-14 05:27:06,337 - INFO - ✅ Saved txt: download_dansu/449_Cong-van-8104-TNMT-TTDK-thong-nhat-thuc-hien-dang-ky-giao-dich-bao-dam-2B8D4.txt
2025-05-14 05:27:06,404 - INFO - ✅ Saved txt: download_dansu/452_Lenh-cong-bo-Bo-luat-dan-su-06-2005-L-CTN-EA03.txt
2025-05-14 05:27:06,592 - INFO - ✅ Saved txt: download_dansu/451_Chi-thi-29-2005-CT-TTg-trien-khai-Nghi-quyet-Quoc-hoi-thi-hanh-Bo-Luat-Dan-su-2005-E21.txt
2025-05-14 05:27:06,709 - INFO - ✅ Saved txt: download_dansu/448_Quyet-dinh-215-2005-QD-UB-bo-sung-Khoan-3-Dieu-1-Quyet-dinh-62-2000-QD-UB-chuyen-nhuong-Hop-dong-thue-nha-o-so-huu-Nha-nuoc-17A92.txt
2025-05-14 05:27:07,471 - INFO - ✅ Saved txt: download_dansu/450_Quyet-dinh-1985-2005-QD-BTP-thi-hanh-Bo-luat-Dan-su-thuc-hien-Chi-thi-29-2005-CT-TTg-1506.txt
2025-05-14 05:27:08,013 - INFO - ✅ Saved txt: download_dansu/453_Lenh-cong-bo-Nghi-quyet-thi-hanh-Bo-luat-dan-su-07-2005-L-CTN-EA05.txt
2025-05-14 05:27:08,039 - INFO - ✅ Saved txt: download_dansu/454_Quyet-dinh-174-2005-QD-BTP-Thanh-lap-Trung-tam-Dang-ky-giao-dich-tai-san-cua-Cuc-Dang-ky-quoc-gia-giao-dich-bao-dam-tai-thanh-pho-Da-Nang-D24E.txt
2025-05-14 05:27:08,088 - INFO - ✅ Saved txt: download_dansu/455_Quyet-dinh-173-2005-QD-BTP-thanh-lap-Trung-tam-Dang-ky-giao-dich-tai-san-cua-Cuc-Dang-ky-quoc-gia-giao-dich-bao-dam-tai-thanh-pho-Ho-Chi-Minh-D250.txt
2025-05-14 05:27:20,089 - INFO - Processing batch 456 to 464
2025-05-14 05:27:27,937 - INFO - ✅ Saved txt: download_dansu/458_Nghi-quyet-02-2004-NQ-HDTP-huong-dan-ap-dung-phap-luat-trong-viec-giai-quyet-cac-vu-an-dan-su-hon-nhan-va-gia-dinh-CC9E.txt
2025-05-14 05:27:28,263 - INFO - ✅ Saved txt: download_dansu/457_Cong-van-18-TP-DKGDBD-dang-ky-cung-cap-thong-tin-the-chap-bao-lanh-quyen-su-dung-dat-TSGLVD-thoi-gian-chua-co-van-ban-huong-dan-Lua-tDat-dai-2003-7FCA.txt
2025-05-14 05:27:28,664 - INFO - ✅ Saved txt: download_dansu/459_Nghi-quyet-01-2003-NQ-HDTP-huong-dan-ap-dung-phap-luat-trong-viec-giai-quyet-mot-so-loai-tranh-chap-dan-su-hon-nhan-va-gia-dinh-C836.txt
2025-05-14 05:27:28,937 - INFO - ✅ Saved txt: download_dansu/456_Quyet-dinh-172-2005-QD-BTP-thanh-lap-Trung-tam-Dang-ky-giao-dich-tai-san-Cuc-Dang-ky-quoc-gia-giao-dich-bao-dam-Ha-Noi-1351.txt
2025-05-14 05:27:29,040 - INFO - ✅ Saved txt: download_dansu/460_Cong-van-177-2002-KHXX-xac-dinh-su-tu-nguyen-cua-duong-su-giao-dich-dan-su-C566.txt
2025-05-14 05:27:29,284 - INFO - ✅ Saved txt: download_dansu/461_Cong-van-178-2002-KHXX-giai-quyet-tranh-chap-thua-ke-quyen-su-dung-dat-C565.txt
2025-05-14 05:27:29,431 - INFO - ✅ Saved txt: download_dansu/462_Cong-van-1149-NHNN-PC-dang-ky-giao-dich-bao-dam-C3EC.txt
2025-05-14 05:27:35,174 - ERROR - ❌ Error saving document TXT 463: Message: 
Stacktrace:
#0 0x5c578b90778a <unknown>
#1 0x5c578b3aa0a0 <unknown>
#2 0x5c578b3fb9b0 <unknown>
#3 0x5c578b3fbba1 <unknown>
#4 0x5c578b449ea4 <unknown>
#5 0x5c578b4213cd <unknown>
#6 0x5c578b4472a0 <unknown>
#7 0x5c578b421173 <unknown>
#8 0x5c578b3edd4b <unknown>
#9 0x5c578b3ee9b1 <unknown>
#10 0x5c578b8cc93b <unknown>
#11 0x5c578b8d083a <unknown>
#12 0x5c578b8b4692 <unknown>
#13 0x5c578b8d13c4 <unknown>
#14 0x5c578b8994cf <unknown>
#15 0x5c578b8f5568 <unknown>
#16 0x5c578b8f5746 <unknown>
#17 0x5c578b9065f6 <unknown>
#18 0x76f6d0de8609 start_thread

2025-05-14 05:27:43,449 - ERROR - ❌ Error saving document TXT 463: Message: 
Stacktrace:
#0 0x5c578b90778a <unknown>
#1 0x5c578b3aa0a0 <unknown>
#2 0x5c578b3fb9b0 <unknown>
#3 0x5c578b3fbba1 <unknown>
#4 0x5c578b449ea4 <unknown>
#5 0x5c578b4213cd <unknown>
#6 0x5c578b4472a0 <unknown>
#7 0x5c578b421173 <unknown>
#8 0x5c578b3edd4b <unknown>
#9 0x5c578b3ee9b1 <unknown>
#10 0x5c578b8cc93b <unknown>
#11 0x5c578b8d083a <unknown>
#12 0x5c578b8b4692 <unknown>
#13 0x5c578b8d13c4 <unknown>
#14 0x5c578b8994cf <unknown>
#15 0x5c578b8f5568 <unknown>
#16 0x5c578b8f5746 <unknown>
#17 0x5c578b9065f6 <unknown>
#18 0x76f6d0de8609 start_thread

2025-05-14 05:27:47,076 - INFO - ✅ Saved txt: download_dansu/463_Cong-van-8953-TC-TCT-vuong-mac-thu-thue-xu-ly-tai-san-dam-bao-tien-vay-6184.txt
2025-05-14 05:27:59,077 - INFO - Processing batch 464 to 472
2025-05-14 05:28:07,006 - INFO - ✅ Saved txt: download_dansu/467_Cong-van-68-1999-KHXX-giai-quyet-tranh-chap-chia-di-san-thua-ke-la-nha-o-mo-truoc-ngay-1-7-1991-B20A.txt
2025-05-14 05:28:07,151 - INFO - ✅ Saved txt: download_dansu/466_Cong-van-87-1999-KHXX-tham-quyen-va-thu-tuc-giai-quyet-tuyen-bo-mot-nguoi-da-chet-B2FE.txt
2025-05-14 05:28:07,642 - INFO - ✅ Saved txt: download_dansu/465_Quyet-dinh-104-2001-QD-TTg-thanh-lap-Cuc-dang-ky-quoc-gia-giao-dich-bao-dam-thuoc-Bo-Tu-phap-BB27.txt
2025-05-14 05:28:07,743 - INFO - ✅ Saved txt: download_dansu/464_Cong-van-600-TCT-NV7-tra-tien-su-dung-dat-khi-thu-hoi-phai-den-bu-thiet-hai-dat-BF9A.txt
2025-05-14 05:28:07,928 - INFO - ✅ Saved txt: download_dansu/468_Cong-van-56-1999-KHXX-dinh-chinh-TTLT-01-1999-TTLT-TANDTC-VKSNDTC-B209.txt
2025-05-14 05:28:08,175 - INFO - ✅ Saved txt: download_dansu/469_Thong-tu-02-1999-TT-BXD-giao-dich-dan-su-nha-o-de-huong-dan-quan-ly-nha-o-vang-chu-giua-ca-nhan-quy-dinh-Nghi-quyet-giao-dich-dan-su-nha-o-B0D4.txt
2025-05-14 05:28:13,574 - ERROR - ❌ Error saving document TXT 470: Message: 
Stacktrace:
#0 0x635e30c1278a <unknown>
#1 0x635e306b50a0 <unknown>
#2 0x635e307069b0 <unknown>
#3 0x635e30706ba1 <unknown>
#4 0x635e30754ea4 <unknown>
#5 0x635e3072c3cd <unknown>
#6 0x635e307522a0 <unknown>
#7 0x635e3072c173 <unknown>
#8 0x635e306f8d4b <unknown>
#9 0x635e306f99b1 <unknown>
#10 0x635e30bd793b <unknown>
#11 0x635e30bdb83a <unknown>
#12 0x635e30bbf692 <unknown>
#13 0x635e30bdc3c4 <unknown>
#14 0x635e30ba44cf <unknown>
#15 0x635e30c00568 <unknown>
#16 0x635e30c00746 <unknown>
#17 0x635e30c115f6 <unknown>
#18 0x7f304a44a609 start_thread

2025-05-14 05:28:14,025 - ERROR - ❌ Error saving document TXT 471: Message: 
Stacktrace:
#0 0x5e2b39a1a78a <unknown>
#1 0x5e2b394bd0a0 <unknown>
#2 0x5e2b3950e9b0 <unknown>
#3 0x5e2b3950eba1 <unknown>
#4 0x5e2b3955cea4 <unknown>
#5 0x5e2b395343cd <unknown>
#6 0x5e2b3955a2a0 <unknown>
#7 0x5e2b39534173 <unknown>
#8 0x5e2b39500d4b <unknown>
#9 0x5e2b395019b1 <unknown>
#10 0x5e2b399df93b <unknown>
#11 0x5e2b399e383a <unknown>
#12 0x5e2b399c7692 <unknown>
#13 0x5e2b399e43c4 <unknown>
#14 0x5e2b399ac4cf <unknown>
#15 0x5e2b39a08568 <unknown>
#16 0x5e2b39a08746 <unknown>
#17 0x5e2b39a195f6 <unknown>
#18 0x743a5f666609 start_thread

2025-05-14 05:28:21,889 - ERROR - ❌ Error saving document TXT 470: Message: 
Stacktrace:
#0 0x635e30c1278a <unknown>
#1 0x635e306b50a0 <unknown>
#2 0x635e307069b0 <unknown>
#3 0x635e30706ba1 <unknown>
#4 0x635e30754ea4 <unknown>
#5 0x635e3072c3cd <unknown>
#6 0x635e307522a0 <unknown>
#7 0x635e3072c173 <unknown>
#8 0x635e306f8d4b <unknown>
#9 0x635e306f99b1 <unknown>
#10 0x635e30bd793b <unknown>
#11 0x635e30bdb83a <unknown>
#12 0x635e30bbf692 <unknown>
#13 0x635e30bdc3c4 <unknown>
#14 0x635e30ba44cf <unknown>
#15 0x635e30c00568 <unknown>
#16 0x635e30c00746 <unknown>
#17 0x635e30c115f6 <unknown>
#18 0x7f304a44a609 start_thread

2025-05-14 05:28:22,321 - ERROR - ❌ Error saving document TXT 471: Message: 
Stacktrace:
#0 0x5e2b39a1a78a <unknown>
#1 0x5e2b394bd0a0 <unknown>
#2 0x5e2b3950e9b0 <unknown>
#3 0x5e2b3950eba1 <unknown>
#4 0x5e2b3955cea4 <unknown>
#5 0x5e2b395343cd <unknown>
#6 0x5e2b3955a2a0 <unknown>
#7 0x5e2b39534173 <unknown>
#8 0x5e2b39500d4b <unknown>
#9 0x5e2b395019b1 <unknown>
#10 0x5e2b399df93b <unknown>
#11 0x5e2b399e383a <unknown>
#12 0x5e2b399c7692 <unknown>
#13 0x5e2b399e43c4 <unknown>
#14 0x5e2b399ac4cf <unknown>
#15 0x5e2b39a08568 <unknown>
#16 0x5e2b39a08746 <unknown>
#17 0x5e2b39a195f6 <unknown>
#18 0x743a5f666609 start_thread

2025-05-14 05:28:25,522 - INFO - ✅ Saved txt: download_dansu/470_Thong-tu-lien-tich-01-1999-TTLT-TANDTC-VKSNDTC-huong-dan-quy-dinh-Nghi-quyet-giao-dich-dan-su-nha-o-truoc-ngay-1-7-1991-Uy-ban-Thuong-vu-Quoc-Hoi-B207.txt
2025-05-14 05:28:26,027 - INFO - ✅ Saved txt: download_dansu/471_Cong-van-895-1998-CV-NHNN3-chan-chinh-cong-tac-cho-vay-bao-lanh-AB4A.txt
2025-05-14 05:28:38,028 - INFO - Processing batch 472 to 480
2025-05-14 05:28:46,055 - INFO - ✅ Saved txt: download_dansu/474_Cong-van-46-KHXX-tham-quyen-ky-hop-dong-kinh-te-vo-hieu-B6FB.txt
2025-05-14 05:28:46,534 - INFO - ✅ Saved txt: download_dansu/475_Thong-tu-71-TC-KBNN-tra-lai-vang-bac-tu-trang-tam-giu-doi-tuong-da-xu-ly-bo-sung-Quyet-dinh-17-TTg-9CEF.txt
2025-05-14 05:28:47,217 - INFO - ✅ Saved txt: download_dansu/473_Cong-van-437-CV-DC-thuc-hien-quan-ly-Nha-nuoc-doi-voi-kinh-doanh-vang-va-cong-van-huong-dan-thi-hanh-TTLB-02-TT-LB-kinh-doanh-dich-vu-cam-do-9FD1.txt
2025-05-14 05:28:47,644 - INFO - ✅ Saved txt: download_dansu/472_Nghi-quyet-58-1998-NQ-UBTVQH10-giao-dich-dan-su-ve-nha-o-duoc-xac-lap-truoc-ngay-1-thang-7-nam-1991-A3DB.txt
2025-05-14 05:28:47,693 - INFO - ✅ Saved txt: download_dansu/476_Cong-van-195-TC-QLCS-huong-dan-bien-ban-ban-giao-va-tiep-nhan-tai-san-9C3E.txt
2025-05-14 05:28:47,846 - INFO - ✅ Saved txt: download_dansu/477_Thoa-thuan-ghi-nhan-quy-tac-thu-tuc-dieu-chinh-giai-quyet-tranh-chap-DSU-1994-37C7.txt
2025-05-14 05:28:50,275 - INFO - ✅ Saved txt: download_dansu/478_Tuyen-bo-Vien-va-Chuong-trinh-hanh-dong-1993-8E34C.txt
2025-05-14 05:28:53,781 - ERROR - ❌ Error saving document TXT 479: Message: 
Stacktrace:
#0 0x5b9adae6378a <unknown>
#1 0x5b9ada9060a0 <unknown>
#2 0x5b9ada9579b0 <unknown>
#3 0x5b9ada957ba1 <unknown>
#4 0x5b9ada9a5ea4 <unknown>
#5 0x5b9ada97d3cd <unknown>
#6 0x5b9ada9a32a0 <unknown>
#7 0x5b9ada97d173 <unknown>
#8 0x5b9ada949d4b <unknown>
#9 0x5b9ada94a9b1 <unknown>
#10 0x5b9adae2893b <unknown>
#11 0x5b9adae2c83a <unknown>
#12 0x5b9adae10692 <unknown>
#13 0x5b9adae2d3c4 <unknown>
#14 0x5b9adadf54cf <unknown>
#15 0x5b9adae51568 <unknown>
#16 0x5b9adae51746 <unknown>
#17 0x5b9adae625f6 <unknown>
#18 0x79947f0c8609 start_thread

2025-05-14 05:29:02,049 - ERROR - ❌ Error saving document TXT 479: Message: 
Stacktrace:
#0 0x5b9adae6378a <unknown>
#1 0x5b9ada9060a0 <unknown>
#2 0x5b9ada9579b0 <unknown>
#3 0x5b9ada957ba1 <unknown>
#4 0x5b9ada9a5ea4 <unknown>
#5 0x5b9ada97d3cd <unknown>
#6 0x5b9ada9a32a0 <unknown>
#7 0x5b9ada97d173 <unknown>
#8 0x5b9ada949d4b <unknown>
#9 0x5b9ada94a9b1 <unknown>
#10 0x5b9adae2893b <unknown>
#11 0x5b9adae2c83a <unknown>
#12 0x5b9adae10692 <unknown>
#13 0x5b9adae2d3c4 <unknown>
#14 0x5b9adadf54cf <unknown>
#15 0x5b9adae51568 <unknown>
#16 0x5b9adae51746 <unknown>
#17 0x5b9adae625f6 <unknown>
#18 0x79947f0c8609 start_thread

2025-05-14 05:29:05,471 - INFO - ✅ Saved txt: download_dansu/479_Nghi-quyet-784-NQ-HDNN7-phe-chuan-Hiep-dinh-tuong-tro-tu-phap-ve-cac-van-de-dan-su-gia-dinh-va-hinh-su-giua-Viet-Nam-va-Bun-ga-ri-917F.txt
2025-05-14 05:29:17,472 - INFO - Processing batch 480 to 486
2025-05-14 05:29:23,886 - INFO - ✅ Saved txt: download_dansu/481_Nghi-quyet-616-NQ-HDNN7-phe-chuan-Hiep-dinh-tuong-tro-tu-phap-van-de-dan-su-gia-dinh-lao-dong-va-hinh-su-giua-Viet-nam-va-Hung-ga-ri-9087.txt
2025-05-14 05:29:24,309 - INFO - ✅ Saved txt: download_dansu/482_Cong-uoc-Rome-1980-Luat-ap-dung-doi-voi-cac-nghia-vu-theo-hop-dong-31EFA.txt
2025-05-14 05:29:24,387 - INFO - ✅ Saved txt: download_dansu/480_Nghi-quyet-615NQ-HDNN7-phe-chuan-Hiep-dinh-tuong-tro-tu-phap-va-van-de-dan-su-gia-dinh-lao-dong-va-hinh-su-giua-Viet-nam-va-Cu-ba-9086.txt
2025-05-14 05:29:24,779 - INFO - ✅ Saved txt: download_dansu/483_Cong-uoc-toan-cau-ve-ban-quyen-Paris-1971-10520.txt
2025-05-14 05:29:25,381 - INFO - ✅ Saved txt: download_dansu/484_Thong-bao-30-2020-TB-LPQT-hieu-luc-Cong-uoc-thu-thap-chung-cu-o-nuoc-ngoai-linh-vuc-dan-su-6BA6A.txt
2025-05-14 05:29:25,764 - INFO - ✅ Saved txt: download_dansu/485_Tuyen-bo-cuoi-cung-cua-Hoi-nghi-quoc-te-Quyen-con-nguoi-Teheran-8E34A.txt
2025-05-14 05:29:37,765 - INFO - 🎉 All TXT content saved.
