2025-05-14 06:48:02,941 - INFO - Found link: https://lawnet.vn/vb/Cong-dien-29-CD-TTg-2025-phong-ngua-su-dung-cong-nghe-cao-khong-gian-mang-chiem-doat-tai-san-9ECE7.html
2025-05-14 06:48:02,947 - INFO - Found link: https://lawnet.vn/vb/Quyet-dinh-690-QD-TTg-2025-xay-dung-du-an-Bo-luat-Hinh-su-sua-doi-9E9B1.html
2025-05-14 06:48:02,953 - INFO - Found link: https://lawnet.vn/vb/Huong-dan-11-HD-BCA-V03-2025-phan-loai-xu-ly-to-giac-tin-bao-ve-toi-pham-cua-Cong-an-cap-xa-9D7EC.html
2025-05-14 06:48:02,958 - INFO - Found link: https://lawnet.vn/vb/Thong-tu-11-2025-TT-BCA-tham-quyen-dieu-tra-hinh-su-trong-Cong-an-nhan-dan-9D743.html
2025-05-14 06:48:02,963 - INFO - Found link: https://lawnet.vn/vb/Thong-tu-lien-tich-01-2025-TTLT-VKSNDTC-BCA-TANDTC-BQP-huong-dan-Nghi-quyet-164-2024-QH15-9D786.html
2025-05-14 06:48:02,969 - INFO - Found link: https://lawnet.vn/vb/Thong-tu-lien-tich-01-2025-TTLT-KTNN-VKSNDTC-BCA-BQP-xem-xet-vu-viec-co-dau-hieu-toi-pham-hoat-dong-kiem-toan-9C983.html
2025-05-14 06:48:02,974 - INFO - Found link: https://lawnet.vn/vb/Thong-tu-lien-tich-01-2025-TTLT-BCA-BQP-BTP-BNN-PTNT-BTC-VKSNDTC-TANDTC-giam-dinh-tu-phap-to-tung-hinh-su-59016.html
2025-05-14 06:48:02,980 - INFO - Found link: https://lawnet.vn/vb/Cong-dien-139-CD-TTg-2024-tang-cuong-xu-ly-hoat-dong-lua-dao-chiem-doat-tai-san-khong-gian-mang-9B88B.html
2025-05-14 06:48:02,985 - INFO - Found link: https://lawnet.vn/vb/Nghi-quyet-42-2024-NQ-HDND-ho-tro-kinh-phi-nguoi-truc-tiep-giai-quyet-kien-nghi-khoi-to-Dong-Nai-9BB56.html
2025-05-14 06:48:02,990 - INFO - Found link: https://lawnet.vn/vb/Thong-tu-98-2024-TT-BCA-kham-nghiem-hien-truong-trong-to-tung-hinh-su-luc-luong-Cong-an-9C2FA.html
2025-05-14 06:48:02,994 - INFO - Found link: https://lawnet.vn/vb/Nghi-quyet-164-2024-QH15-thi-diem-xu-ly-vat-chung-trong-qua-trinh-truy-to-vu-an-hinh-su-9AD09.html
2025-05-14 06:48:02,998 - INFO - Found link: https://lawnet.vn/cv/Cong-van-7477-VPCP-NC-2024-so-ket-nam-thu-4-Chi-thi-21-CT-TTg-99D21.html
2025-05-14 06:48:03,003 - INFO - Found link: https://lawnet.vn/vb/Nghi-dinh-118-2024-ND-CP-quy-dinh-chi-tiet-Luat-Thi-hanh-an-hinh-su-98ED8.html
2025-05-14 06:48:03,007 - INFO - Found link: https://lawnet.vn/vb/Chi-thi-05-2024-CT-CA-tang-cuong-cong-tac-thi-hanh-an-hinh-su-trong-Toa-an-97B3F.html
2025-05-14 06:48:03,011 - INFO - Found link: https://lawnet.vn/vb/Quyet-dinh-758-2024-QD-CTN-dac-xa-9757B.html
2025-05-14 06:48:03,016 - INFO - Found link: https://lawnet.vn/vb/Chi-thi-03-CT-UBND-2024-tang-cuong-chi-dao-cong-tac-thi-hanh-an-hinh-su-tai-cong-dong-Hai-Duong-976A1.html
2025-05-14 06:48:03,020 - INFO - Found link: https://lawnet.vn/vb/Quyet-dinh-869-QD-UBND-2024-cong-bo-thu-tuc-hanh-chinh-lien-thong-dang-ky-khai-sinh-Lai-Chau-9611E.html
2025-05-14 06:48:03,025 - INFO - Found link: https://lawnet.vn/vb/Nghi-quyet-04-2024-NQ-HDTP-ap-dung-Bo-luat-Hinh-su-truy-cuu-hanh-vi-mua-ban-trai-phep-thuy-san-95EA1.html
2025-05-14 06:48:03,029 - INFO - Found link: https://lawnet.vn/vb/Nghi-quyet-03-2024-NQ-HDTP-huong-dan-Bo-luat-Hinh-su-thoi-hieu-thi-hanh-ban-an-761AB.html
2025-05-14 06:48:03,033 - INFO - Found link: https://lawnet.vn/vb/Nghi-quyet-02-2024-NQ-HDTP-huong-dan-ap-dung-Dieu-313-cua-Bo-luat-Hinh-su-917FF.html
2025-05-14 06:48:03,898 - INFO - Found link: https://lawnet.vn/vb/Thong-tu-10-2024-TT-BCA-tai-hoa-nhap-cong-dong-nguoi-xong-phat-tu-luc-luong-Cong-an-951A4.html
2025-05-14 06:48:03,901 - INFO - Found link: https://lawnet.vn/vb/Quyet-dinh-170-QD-UBND-2024-Nang-cao-quan-ly-Nha-nuoc-thi-hanh-an-hinh-su-tai-cong-dong-Gia-Lai-931F4.html
2025-05-14 06:48:03,905 - INFO - Found link: https://lawnet.vn/vb/Quyet-dinh-503-QD-UBND-2024-De-an-Phong-chong-toi-pham-trom-cap-tai-san-Tay-Ninh-952B1.html
2025-05-14 06:48:03,908 - INFO - Found link: https://lawnet.vn/vb/Quyet-dinh-194-QD-TTg-2024-thuc-hien-cam-ket-phong-chong-rua-tien-tai-tro-khung-bo-926BB.html
2025-05-14 06:48:03,912 - INFO - Found link: https://lawnet.vn/vb/Quyet-dinh-298-QD-BYT-2024-Quy-trinh-dinh-gia-tai-san-theo-vu-viec-trong-to-tung-hinh-su-92BC5.html
2025-05-14 06:48:03,915 - INFO - Found link: https://lawnet.vn/vb/Quyet-dinh-299-QD-BYT-2024-Quy-trinh-Giam-dinh-tu-phap-theo-vu-viec-trong-to-tung-hinh-su-92BC4.html
2025-05-14 06:48:03,919 - INFO - Found link: https://lawnet.vn/vb/Quyet-dinh-276-QD-UBND-2024-Quy-che-phoi-hop-thi-hanh-an-hinh-su-tai-hoa-nhap-cong-dong-Quang-Tri-938AF.html
2025-05-14 06:48:03,922 - INFO - Found link: https://lawnet.vn/vb/Thong-tu-03-2023-TT-TANDTC-huong-dan-tham-quyen-xet-xu-Toa-an-quan-su-91CC5.html
2025-05-14 06:48:03,926 - INFO - Found link: https://lawnet.vn/vb/Quyet-dinh-2865-QD-UBND-2023-Ke-hoach-thuc-hien-dai-hoa-cong-tac-Ky-thuat-hinh-su-Vinh-Long-918E9.html
2025-05-14 06:48:03,930 - INFO - Found link: https://lawnet.vn/vb/Nghi-quyet-209-NQ-CP-2023-ky-Hiep-dinh-hop-tac-phong-chong-toi-pham-Viet-Nam-Trung-Hoa-8FFE0.html
2025-05-14 06:48:03,933 - INFO - Found link: https://lawnet.vn/vb/Thong-bao-6965-BNG-LPQT-2024-hieu-luc-Hiep-dinh-dan-do-Cac-Tieu-vuong-quoc-A-rap-thong-nhat-9C064.html
2025-05-14 06:48:03,937 - INFO - Found link: https://lawnet.vn/vb/Thong-bao-6964-BNG-LPQT-2024-hieu-luc-cua-Hiep-dinh-chuyen-giao-nguoi-bi-ket-an-phat-tu-9C16B.html
2025-05-14 06:48:03,940 - INFO - Found link: https://lawnet.vn/vb/Huong-dan-22-HD-VKSTC-2023-noi-dung-kiem-sat-day-nghe-theo-Nghi-quyet-54-2022-QH15-93781.html
2025-05-14 06:48:03,944 - INFO - Found link: https://lawnet.vn/vb/Huong-dan-21-HD-VKSTC-2023-kiem-sat-thi-hanh-an-phat-tu-pham-nhan-chap-hanh-an-tam-giu-9377E.html
2025-05-14 06:48:03,947 - INFO - Found link: https://lawnet.vn/vb/Quyet-dinh-2316-QD-UBND-2023-thuc-hien-Quyet-dinh-tin-dung-nguoi-xong-an-phat-tu-Son-La-8F00E.html
2025-05-14 06:48:03,951 - INFO - Found link: https://lawnet.vn/cv/Cong-van-8727-VPCP-NC-2023-Hiep-dinh-tuong-tro-tu-hinh-su-Viet-Nam-Ma-roc-8F62B.html
2025-05-14 06:48:03,955 - INFO - Found link: https://lawnet.vn/vb/Quyet-dinh-1302-QD-CTN-2023-dam-phan-Hiep-dinh-Tuong-tro-tu-phap-hinh-su-Viet-Nam-Ma-roc-8F682.html
2025-05-14 06:48:03,958 - INFO - Found link: https://lawnet.vn/vb/Quyet-dinh-1196-QD-TTg-2023-tong-ket-thuc-hien-Cong-uoc-chong-toi-pham-co-to-chuc-xuyen-quoc-gia-8E330.html
2025-05-14 06:48:03,962 - INFO - Found link: https://lawnet.vn/vb/Huong-dan-lien-nganh-16-HDLN-BCA-BQP-TANDTC-VKSNDTC-2023-giai-quyet-kho-khan-thi-hanh-tam-giu-8E769.html
2025-05-14 06:48:03,965 - INFO - Found link: https://lawnet.vn/cv/Cong-van-6084-BCT-DKT-2023-huong-dan-ap-dung-Dieu-227-Dieu-238-Bo-luat-Hinh-su-2015-8D2B6.html
2025-05-14 06:48:04,878 - INFO - Found link: https://lawnet.vn/cv/Cong-van-174-TANDTC-PC-2023-ap-dung-diem-s-khoan-1-Dieu-51-Bo-luat-Hinh-su-8D10D.html
2025-05-14 06:48:04,882 - INFO - Found link: https://lawnet.vn/vb/Cong-dien-766-CD-TTg-2023-tang-cuong-giai-phap-phong-ngua-ngan-chan-xu-ly-hoat-dong-tin-dung-den-8CD91.html
2025-05-14 06:48:04,886 - INFO - Found link: https://lawnet.vn/vb/Thong-bao-1410-BNG-LPQT-2025-hieu-luc-Hiep-dinh-chuyen-giao-nguoi-bi-ket-an-phat-tu-9FCDB.html
2025-05-14 06:48:04,889 - INFO - Found link: https://lawnet.vn/vb/Quyet-dinh-22-2023-QD-TTg-tin-dung-doi-voi-nguoi-chap-hanh-xong-an-phat-tu-8CAA3.html
2025-05-14 06:48:04,893 - INFO - Found link: https://lawnet.vn/vb/Quyet-dinh-1818-QD-UBND-2023-thuc-hien-xac-dinh-tinh-trang-nghien-ma-tuy-Vinh-Phuc-8CD37.html
2025-05-14 06:48:04,896 - INFO - Found link: https://lawnet.vn/vb/Chi-thi-14-CT-UBND-2023-cong-tac-truy-na-toi-pham-trong-tinh-hinh-moi-Tien-Giang-8CA5E.html
2025-05-14 06:48:04,900 - INFO - Found link: https://lawnet.vn/vb/Chi-thi-09-CT-UBND-2023-dau-tranh-phong-chong-te-nan-co-bac-so-lo-so-de-Lao-Cai-8D87A.html
2025-05-14 06:48:04,903 - INFO - Found link: https://lawnet.vn/vb/Chi-thi-16-CT-UBND-2023-tang-cuong-phong-ngua-dau-tranh-toi-pham-danh-bac-Nam-Dinh-8C0BA.html
2025-05-14 06:48:04,907 - INFO - Found link: https://lawnet.vn/cv/Cong-van-3041-TCT-CNTT-2023-Thang-hanh-dong-tuyen-truyen-phong-chong-lua-dao-truc-tuyen-8BFF7.html
2025-05-14 06:48:04,910 - INFO - Found link: https://lawnet.vn/vb/Quyet-dinh-259-Q%C3%90-VKSTC-2023-Quy-che-cong-tac-kiem-sat-viec-tam-giu-tam-giam-thi-hanh-an-hinh-su-8E6EA.html
2025-05-14 06:48:04,914 - INFO - Found link: https://lawnet.vn/vb/Quyet-dinh-256-QD-VKSTC-2023-Bieu-mau-kiem-sat-nguoi-nghien-ma-tuy-vao-co-so-cai-nghien-bat-buoc-8BED4.html
2025-05-14 06:48:04,917 - INFO - Found link: https://lawnet.vn/vb/Quyet-dinh-255-QD-VKSTC-2023-dua-nguoi-nghien-ma-tuy-tu-du-12-den-duoi-18-cai-nghien-bat-buoc-8BED3.html
2025-05-14 06:48:04,921 - INFO - Found link: https://lawnet.vn/vb/Nghi-quyet-18-2023-NQ-HDND-chinh-sach-thuc-hien-cai-nghien-ma-tuy-Quang-Ninh-8DF5E.html
2025-05-14 06:48:04,925 - INFO - Found link: https://lawnet.vn/vb/Quyet-dinh-10-2023-QD-UBND-phoi-hop-dau-tranh-phong-chong-buon-lau-gian-lan-thuong-mai-Ha-Noi-8AF1C.html
2025-05-14 06:48:04,929 - INFO - Found link: https://lawnet.vn/cv/Cong-van-2160-VKSTC-V14-2023-giai-dap-vuong-mac-lien-quan-Bo-luat-Hinh-su-thi-hanh-tam-giu-8AEF6.html
2025-05-14 06:48:04,936 - INFO - Found link: https://lawnet.vn/vb/Chi-thi-16-CT-TTg-2023-tang-cuong-phong-ngua-dau-tranh-toi-pham-to-chuc-danh-bac-va-danh-bac-8A9DA.html
2025-05-14 06:48:04,940 - INFO - Found link: https://lawnet.vn/vb/Thong-tu-lien-tich-03-2023-TTLT-BCA-VKSNDTC-TANDTC-phoi-hop-gui-thong-tin-nguoi-pham-toi-8A47D.html
2025-05-14 06:48:04,944 - INFO - Found link: https://lawnet.vn/cv/Cong-van-2969-VPCP-V-I-2023-kien-nghi-sau-giam-sat-thu-hoi-tai-san-bi-chiem-doat-tham-nhung-8EAB2.html
2025-05-14 06:48:04,947 - INFO - Found link: https://lawnet.vn/cv/Cong-van-67-TANDTC-PC-2023-tong-ket-thuc-tien-thi-hanh-Bo-luat-Hinh-su-ve-Toi-danh-bac-89B09.html
2025-05-14 06:48:04,951 - INFO - Found link: https://lawnet.vn/vb/Quyet-dinh-533-QD-UBND-2023-Ke-hoach-phong-chong-toi-pham-ma-tuy-qua-tuyen-bien-gioi-Son-La-89639.html
2025-05-14 06:48:05,805 - INFO - Found link: https://lawnet.vn/vb/Thong-tu-lien-tich-02-2023-TTLT-BCA-VKSNDTC-TANDTC-phoi-hop-dieu-tra-truy-to-xet-xu-toi-rua-tien-897FA.html
2025-05-14 06:48:05,821 - INFO - Found link: https://lawnet.vn/cv/Cong-van-1043-BGDDT-GDCTHSSV-2023-thong-bao-tinh-hinh-thu-doan-lua-dao-phu-huynh-hoc-sinh-8921F.html
2025-05-14 06:48:05,827 - INFO - Found link: https://lawnet.vn/vb/Chi-thi-04-CT-UBND-2023-phoi-hop-cong-tac-thi-hanh-an-hinh-su-tai-hoa-nhap-cong-dong-Hue-909C1.html
2025-05-14 06:48:05,837 - INFO - Found link: https://lawnet.vn/vb/Nghi-dinh-09-2023-ND-CP-huong-dan-Nghi-quyet-54-2022-QH15-day-nghe-cho-pham-nhan-88920.html
2025-05-14 06:48:05,846 - INFO - Found link: https://lawnet.vn/cv/Cong-van-57-TANDTC-V1-2023-khang-nghi-ban-an-tu-hinh-theo-Dieu-367-Bo-luat-To-tung-hinh-su-87FF4.html
2025-05-14 06:48:05,853 - INFO - Found link: https://lawnet.vn/cv/Cong-van-525-TCT-PC-2023-xac-dinh-tu-cach-tham-gia-to-tung-hinh-su-8F0ED.html
2025-05-14 06:48:05,868 - INFO - Found link: https://lawnet.vn/vb/Quyet-dinh-03-2023-QD-UBND-Quy-che-phoi-hop-thi-hanh-an-hinh-su-Hung-Yen-87E02.html
2025-05-14 06:48:05,872 - INFO - Found link: https://lawnet.vn/vb/Thong-tu-lien-tich-01-2023-TTLT-BCA-BQP-TANDTC-VKSNDTC-phoi-hop-thi-hanh-an-hinh-su-tai-cong-dong-8AB38.html
2025-05-14 06:48:05,877 - INFO - Found link: https://lawnet.vn/vb/Quyet-dinh-97-QD-CTN-2023-dam-phan-Hiep-dinh-chuyen-giao-nguoi-bi-ket-an-phat-tu-voi-nuoc-Be-la-rut-87B60.html
2025-05-14 06:48:05,883 - INFO - Found link: https://lawnet.vn/cv/Cong-van-20-VKSTC-V4-2023-ap-dung-tinh-tiet-pham-toi-doi-voi-02-nguoi-tro-len-979CA.html
2025-05-14 06:48:05,889 - INFO - Found link: https://lawnet.vn/vb/Huong-dan-03-HD-VKSTC-2023-cong-tac-kiem-sat-viec-tam-giu-tam-giam-an-hinh-su-8632B.html
2025-05-14 06:48:05,895 - INFO - Found link: https://lawnet.vn/vb/Huong-dan-02-HD-VKSTC-2023-cong-tac-thuc-hanh-quyen-cong-to-xet-xu-hinh-su-8632A.html
2025-05-14 06:48:05,899 - INFO - Found link: https://lawnet.vn/vb/Quyet-dinh-1623-QD-TTg-2022-Tang-cuong-phong-chong-toi-pham-da-dang-sinh-hoc-den-2030-85B9B.html
2025-05-14 06:48:05,903 - INFO - Found link: https://lawnet.vn/vb/Huong-dan-35-HD-VKSTC-2022-cong-tac-thuc-hanh-quyen-cong-to-truy-to-an-ma-tuy-2023-85FE3.html
2025-05-14 06:48:05,907 - INFO - Found link: https://lawnet.vn/vb/Thong-tu-89-2022-TT-BQP-Noi-quy-co-so-giam-giu-pham-nhan-8526C.html
2025-05-14 06:48:05,910 - INFO - Found link: https://lawnet.vn/vb/Huong-dan-34-HD-VKSTC-2022-ky-nang-phat-hien-vi-pham-giai-quyet-vu-an-hinh-su-de-khang-nghi-8589F.html
2025-05-14 06:48:05,914 - INFO - Found link: https://lawnet.vn/vb/Chi-thi-12-CT-UBND-2022-phoi-hop-tan-cong-tran-ap-toi-pham-dam-bao-an-ninh-Tet-2023-Binh-Duong-857B6.html
2025-05-14 06:48:05,917 - INFO - Found link: https://lawnet.vn/vb/Cong-dien-1123-CD-TTg-2022-tang-cuong-phong-ngua-toi-pham-lien-quan-den-ca-do-bong-da-8419D.html
2025-05-14 06:48:05,921 - INFO - Found link: https://lawnet.vn/cv/Cong-van-7908-VPCP-NC-2022-so-ket-nam-thu-2-thuc-hien-Chi-thi-21-CT-TTg-84BE3.html
2025-05-14 06:48:05,925 - INFO - Found link: https://lawnet.vn/vb/Thong-bao-3130-BNG-LPQT-2024-hieu-luc-Hiep-dinh-Tuong-tro-tu-phap-hinh-su-9677F.html
2025-05-14 06:48:06,810 - INFO - Found link: https://lawnet.vn/vb/Chi-thi-9-CT-UBND-2022-mo-dot-cao-diem-tran-ap-toi-pham-bao-dam-trat-tu-tet-Nguyen-dan-Bac-Giang-83ED2.html
2025-05-14 06:48:06,814 - INFO - Found link: https://lawnet.vn/vb/Quyet-dinh-1850-QD-UBND-2022-Quy-che-phoi-hop-thi-hanh-an-hinh-su-va-tai-hoa-nhap-Bac-Lieu-83F59.html
2025-05-14 06:48:06,817 - INFO - Found link: https://lawnet.vn/vb/Quyet-dinh-1178-QD-CTN-2022-Hiep-dinh-chuyen-giao-nguoi-bi-ket-an-phat-tu-Viet-Nam-I-ta-li-a-82E53.html
2025-05-14 06:48:06,821 - INFO - Found link: https://lawnet.vn/vb/Chi-thi-12-CT-UBND-2022-tang-cuong-phong-ngua-toi-pham-tuoi-thanh-thieu-nien-Hung-Yen-85625.html
2025-05-14 06:48:06,824 - INFO - Found link: https://lawnet.vn/vb/Nghi-quyet-03-2022-NQ-HDTP-huong-dan-ap-dung-Dieu-304-305-306-307-308-Bo-luat-Hinh-su-73352.html
2025-05-14 06:48:06,827 - INFO - Found link: https://lawnet.vn/vb/Van-ban-hop-nhat-02-VBHN-TANDTC-2022-Nghi-quyet-huong-dan-ap-dung-Dieu-65-Bo-luat-Hinh-su-81149.html
2025-05-14 06:48:06,831 - INFO - Found link: https://lawnet.vn/vb/Thong-bao-25-2022-TB-LPQT-hieu-luc-Bien-ban-ghi-nho-dan-do-Nguyen-Canh-Anh-Vuong-quoc-Anh-8135D.html
2025-05-14 06:48:06,835 - INFO - Found link: https://lawnet.vn/vb/Quyet-dinh-1320-QD-UBND-2022-Quy-che-phoi-hop-trong-cong-tac-thi-hanh-an-hinh-su-Dak-Nong-80E64.html
2025-05-14 06:48:06,839 - INFO - Found link: https://lawnet.vn/vb/Chi-thi-10-CT-UBND-2022-nang-cao-chat-luong-thi-hanh-an-hinh-su-tai-cong-dong-Lao-Cai-80257.html
2025-05-14 06:48:06,843 - INFO - Found link: https://lawnet.vn/vb/Huong-dan-14-HDLN-BCA-VKSNDTC-2022-tiep-nhan-to-giac-toi-pham-mang-chiem-doat-tai-san-7FFCB.html
2025-05-14 06:48:06,846 - INFO - Found link: https://lawnet.vn/vb/Thong-bao-14-2023-TB-LPQT-hieu-luc-Thoa-thuan-phong-chong-toi-pham-xuyen-quoc-gia-Ac-hen-ti-na-8CB06.html
2025-05-14 06:48:06,850 - INFO - Found link: https://lawnet.vn/vb/Chi-thi-10-CT-UBND-2022-tang-cuong-chi-dao-thi-hanh-an-hinh-su-tai-cong-dong-Quang-Nam-8002E.html
2025-05-14 06:48:06,854 - INFO - Found link: https://lawnet.vn/vb/Nghi-quyet-54-2022-QH15-thi-diem-mo-hinh-hoat-dong-lao-dong-pham-nhan-ngoai-trai-giam-7ECC2.html
2025-05-14 06:48:06,858 - INFO - Found link: https://lawnet.vn/cv/Cong-van-2163-BTTTT-VP-2022-giai-phap-kiem-tra-cac-dich-vu-cho-vay-nang-lai-truc-tuyen-7E384.html
2025-05-14 06:48:06,861 - INFO - Found link: https://lawnet.vn/vb/Quyet-dinh-774-QD-UBND-2022-Chuong-trinh-phong-chong-toi-pham-nganh-giao-duc-Bac-Kan-7DDF9.html
2025-05-14 06:48:06,866 - INFO - Found link: https://lawnet.vn/cv/Cong-van-69-TANDTC-HTQT-2022-tong-ket-tap-huan-nghiep-vu-tuong-tro-tu-phap-nuoc-ngoai-7D187.html
2025-05-14 06:48:06,870 - INFO - Found link: https://lawnet.vn/vb/Cong-dien-365-CD-TTg-2022-cong-tac-xac-dinh-tinh-trang-nghien-ma-tuy-va-cai-nghien-ma-tuy-7CBE7.html
2025-05-14 06:48:06,874 - INFO - Found link: https://lawnet.vn/vb/Nghi-quyet-01-2022-NQ-HDTP-sua-doi-Nghi-quyet-02-2018-NQ-HDTP-huong-dan-an-treo-7D2C6.html
2025-05-14 06:48:06,878 - INFO - Found link: https://lawnet.vn/vb/Huong-dan-23-HD-VKSTC-2022-kiem-sat-viec-hoan-tam-dinh-chi-chap-hanh-an-phat-tu-7C86E.html
2025-05-14 06:48:06,883 - INFO - Found link: https://lawnet.vn/vb/Lenh-cong-bo-Phap-lenh-dua-nguoi-nghien-ma-tuy-tu-du-12-den-duoi-18-tuoi-vao-cai-nghien-bat-buoc-7C61A.html
2025-05-14 06:48:07,818 - INFO - Found link: https://lawnet.vn/vb/Phap-lenh-01-2022-UBTVQH15-dua-nguoi-nghien-ma-tuy-vao-co-so-cai-nghien-bat-buoc-7C10E.html
2025-05-14 06:48:07,821 - INFO - Found link: https://lawnet.vn/vb/Quyet-dinh-579-QD-UBND-2022-phong-ngua-toi-pham-hoat-dong-van-hoa-du-lich-Tra-Vinh-7D317.html
2025-05-14 06:48:07,825 - INFO - Found link: https://lawnet.vn/vb/Quyet-dinh-116-QD-BXD-2022-Ke-hoach-thuc-hien-cong-tac-phong-chong-toi-pham-7C205.html
2025-05-14 06:48:07,828 - INFO - Found link: https://lawnet.vn/vb/Van-ban-hop-nhat-03-VBHN-BCA-2022-Nghi-dinh-huong-dan-Luat-Thi-hanh-tam-giu-tam-giam-843F8.html
2025-05-14 06:48:07,832 - INFO - Found link: https://lawnet.vn/vb/Van-ban-hop-nhat-02-VBHN-BCA-2022-Thong-tu-thu-tuc-tiep-nhan-phan-loai-tin-bao-toi-pham-843F7.html
2025-05-14 06:48:07,835 - INFO - Found link: https://lawnet.vn/vb/Thong-tu-lien-tich-01-2022-TTLT-VKSNDTC-TANDTC-BCA-BQP-BLDTBXH-xam-hai-tinh-duc-nguoi-duoi-18-tuoi-7B31C.html
2025-05-14 06:48:07,839 - INFO - Found link: https://lawnet.vn/cv/Cong-van-113-UBTVQH15-CTDB-2022-thuc-hien-Dieu-100-Luat-To-chuc-chinh-quyen-dia-phuong-7E34B.html
2025-05-14 06:48:07,842 - INFO - Found link: https://lawnet.vn/vb/Quyet-dinh-05-QD-VKSTC-2022-quy-trinh-kiem-sat-xet-giam-thoi-han-chap-hanh-an-phat-tu-7A5F6.html
2025-05-14 06:48:07,846 - INFO - Found link: https://lawnet.vn/vb/Huong-dan-04-HD-VKSTC-2022-cong-tac-thuc-hanh-quyen-cong-to-xet-xu-so-tham-an-ma-tuy-7A035.html
2025-05-14 06:48:07,850 - INFO - Found link: https://lawnet.vn/vb/Huong-dan-07-HD-VKSTC-2022-kiem-sat-viec-tam-giu-tam-giam-va-thi-hanh-an-hinh-su-7A1FA.html
2025-05-14 06:48:07,853 - INFO - Found link: https://lawnet.vn/vb/Thong-tu-129-2021-TT-BCA-sua-doi-Thong-tu-28-2020-TT-BCA-giai-quyet-tin-bao-toi-pham-7B7CC.html
2025-05-14 06:48:07,857 - INFO - Found link: https://lawnet.vn/cv/Cong-van-485-TANDTC-PC-2021-tinh-tiet-gay-anh-huong-xau-den-an-ninh-trat-tu-an-toan-xa-hoi-7E1D6.html
2025-05-14 06:48:07,860 - INFO - Found link: https://lawnet.vn/vb/Van-ban-hop-nhat-20-VBHN-BCA-2021-Thong-tu-lien-tich-phoi-hop-tiep-nhan-tin-bao-ve-toi-pham-7ADE0.html
2025-05-14 06:48:07,864 - INFO - Found link: https://lawnet.vn/cv/Cong-van-4960-BTP-VP-2021-sua-doi-bo-sung-Bo-luat-Hinh-su-7E1E5.html
2025-05-14 06:48:07,867 - INFO - Found link: https://lawnet.vn/vb/Nghi-quyet-01-2021-NQ-HDTP-huong-dan-ap-dung-Dieu-201-cua-Bo-luat-Hinh-su-73350.html
2025-05-14 06:48:07,870 - INFO - Found link: https://lawnet.vn/vb/Nghi-dinh-113-2021-ND-CP-sua-doi-Nghi-dinh-120-2017-ND-CP-7973C.html
2025-05-14 06:48:07,874 - INFO - Found link: https://lawnet.vn/cv/Cong-van-4571-BCA-V01-2021-nang-muc-phat-doi-voi-toi-chong-nguoi-thi-hanh-cong-vu-7E105.html
2025-05-14 06:48:07,878 - INFO - Found link: https://lawnet.vn/vb/Nghi-quyet-18-2021-NQ-HDND-bai-bo-Nghi-quyet-93-2015-NQ-HDND-Binh-Thuan-7AC76.html
2025-05-14 06:48:07,881 - INFO - Found link: https://lawnet.vn/vb/Thong-tu-119-2021-TT-BCA-bieu-mau-giay-to-so-sach-ve-dieu-tra-hinh-su-7986B.html
2025-05-14 06:48:07,885 - INFO - Found link: https://lawnet.vn/vb/Van-ban-hop-nhat-06-VBHN-VPQH-2021-Luat-To-chuc-co-quan-dieu-tra-hinh-su-80347.html
2025-05-14 06:48:08,845 - INFO - Found link: https://lawnet.vn/vb/Thong-tu-lien-tich-01-2021-TTLT-BCA-BQP-BTC-BNN-PTNT-VKSNDTC-tiep-nhan-tin-bao-toi-pham-79344.html
2025-05-14 06:48:08,848 - INFO - Found link: https://lawnet.vn/vb/Thong-tu-lien-tich-01-2021-TTLT-VKSNDTC-BCA-BQP-BNN-PTNT-BTC-huong-dan-Bo-luat-To-tung-hinh-su-792E4.html
2025-05-14 06:48:08,852 - INFO - Found link: https://lawnet.vn/vb/Quyet-dinh-43-2021-QD-UBND-phong-chong-toi-pham-trong-linh-vuc-thong-tin-Binh-Phuoc-7A624.html
2025-05-14 06:48:08,856 - INFO - Found link: https://lawnet.vn/vb/Chi-thi-08-CT-VKSTC-2021-giai-quyet-yeu-cau-boi-thuong-Nha-nuoc-trong-to-tung-hinh-su-79414.html
2025-05-14 06:48:08,859 - INFO - Found link: https://lawnet.vn/vb/Nghi-quyet-08-2021-NQ-UBTVQH15-giai-thich-Khoan-1-Dieu-289-Bo-luat-Hinh-su-791A1.html
2025-05-14 06:48:08,863 - INFO - Found link: https://lawnet.vn/vb/Thong-bao-24-2022-TB-LPQT-hieu-luc-Hiep-dinh-tuong-tro-tu-phap-hinh-su-voi-Nhat-Ban-8133D.html
2025-05-14 06:48:08,866 - INFO - Found link: https://lawnet.vn/vb/Quyet-dinh-4145-QD-UBND-2021-phoi-hop-trong-cong-tac-thi-hanh-an-hinh-su-Quang-Ninh-79523.html
2025-05-14 06:48:08,870 - INFO - Found link: https://lawnet.vn/vb/Chi-thi-10-CT-UBND-2021-tang-cuong-thi-hanh-an-dan-su-Da-Nang-7B515.html
2025-05-14 06:48:08,873 - INFO - Found link: https://lawnet.vn/vb/Quyet-dinh-36-2021-QD-UBND-sua-doi-Quyet-dinh-39-2010-QD-UBND-tinh-Dak-Lak-79453.html
2025-05-14 06:48:08,877 - INFO - Found link: https://lawnet.vn/vb/Lenh-02-2021-L-CTN-cong-bo-Bo-luat-To-tung-hinh-su-bo-sung-2021-7975D.html
2025-05-14 06:48:08,880 - INFO - Found link: https://lawnet.vn/vb/Luat-sua-doi-Bo-Luat-To-tung-hinh-su-2021-77699.html
2025-05-14 06:48:08,884 - INFO - Found link: https://lawnet.vn/cv/Cong-van-8096-VPCP-NC-2021-so-ket-02-nam-thuc-hien-Chi-thi-12-CT-TTg-78711.html
2025-05-14 06:48:08,887 - INFO - Found link: https://lawnet.vn/vb/Quyet-dinh-4439-QD-UBND-2021-Cong-tac-thu-hoi-tai-san-trong-cong-tac-thi-hanh-an-noi-chung-Ha-Noi-780D5.html
2025-05-14 06:48:08,891 - INFO - Found link: https://lawnet.vn/vb/Thong-tu-lien-tich-03-2021-TTLT-TANDTC-VKSNDTC-BCA-BQP-rut-ngan-thoi-gian-tha-tu-79E09.html
2025-05-14 06:48:08,895 - INFO - Found link: https://lawnet.vn/cv/Cong-van-7153-VPCP-NC-2021-so-ket-01-nam-thuc-hien-Chi-thi-21-CT-TTg-77A4F.html
2025-05-14 06:48:08,899 - INFO - Found link: https://lawnet.vn/vb/Quyet-dinh-1629-QD-TTg-2021-Chuong-trinh-phong-chong-mai-dam-giai-doan-2021-2025-7782B.html
2025-05-14 06:48:08,902 - INFO - Found link: https://lawnet.vn/cv/Cong-van-156-TANDTC-PC-2021-ra-quyet-dinh-thi-hanh-an-theo-doi-viec-thi-hanh-an-hinh-su-771A5.html
2025-05-14 06:48:08,905 - INFO - Found link: https://lawnet.vn/vb/Quyet-dinh-1615-QD-UBND-2021-bao-dam-an-ninh-trat-tu-dau-tranh-phong-chong-toi-pham-Bac-Kan-77978.html
2025-05-14 06:48:08,909 - INFO - Found link: https://lawnet.vn/vb/Quyet-dinh-1452-QD-TTg-2021-phe-duyet-Chuong-trinh-phong-chong-ma-tuy-76CCD.html
2025-05-14 06:48:08,912 - INFO - Found link: https://lawnet.vn/vb/Thong-tu-lien-tich-02-2021-TTLT-TANDTC-VKSNDTC-BCA-BQP-giam-thoi-han-chap-hanh-an-phat-tu-77E24.html
2025-05-14 06:48:09,892 - INFO - Found link: https://lawnet.vn/vb/Thong-tu-lien-tich-01-2021-TTLT-TANDTC-VKSNDTC-BCA-BQP-trinh-tu-mien-chap-hanh-an-phat-tu-7802E.html
2025-05-14 06:48:09,895 - INFO - Found link: https://lawnet.vn/vb/Quyet-dinh-252-QD-VKSTC-2021-bieu-mau-thong-ke-nguoi-duoi-18-tuoi-pham-toi-nganh-kiem-sat-95679.html
2025-05-14 06:48:09,900 - INFO - Found link: https://lawnet.vn/vb/Chi-thi-17-CT-UBND-2021-phoi-hop-thi-hanh-an-hinh-su-va-tai-hoa-nhap-cong-dong-Hai-Phong-76280.html
2025-05-14 06:48:09,903 - INFO - Found link: https://lawnet.vn/vb/Chi-thi-06-CT-VKSTC-2021-thi-hanh-bien-phap-tu-phap-bat-buoc-chua-benh-trong-dieu-tra-hinh-su-750C3.html
2025-05-14 06:48:09,908 - INFO - Found link: https://lawnet.vn/vb/Huong-dan-26-HD-VKSTC-2021-kiem-sat-thi-hanh-an-thu-hoi-tai-san-trong-vu-an-hinh-su-ve-tham-nhung-747B2.html
2025-05-14 06:48:09,911 - INFO - Found link: https://lawnet.vn/vb/Cong-dien-03-CD-BCA-V01-2021-tang-cuong-phong-ngua-dau-tranh-toi-pham-lien-quan-den-co-bac-74753.html
2025-05-14 06:48:09,915 - INFO - Found link: https://lawnet.vn/vb/Chi-thi-04-CT-TW-2021-tang-cuong-su-lanh-dao-cua-Dang-doi-voi-thu-hoi-tai-san-bi-that-thoat-74924.html
2025-05-14 06:48:09,919 - INFO - Found link: https://lawnet.vn/cv/Cong-van-1692-UBND-NC-2021-phong-ngua-toi-pham-mua-ban-trao-doi-hoa-lan-dot-bien-Ha-Noi-745A0.html
2025-05-14 06:48:09,923 - INFO - Found link: https://lawnet.vn/vb/Chi-thi-22-CT-BTTTT-2021-tang-cuong-phong-ngua-chong-vi-pham-phap-luat-tren-mang-Internet-741F4.html
2025-05-14 06:48:09,926 - INFO - Found link: https://lawnet.vn/cv/Cong-van-60-TANDTC-TH-2021-so-ket-01-nam-thuc-hien-Chi-thi-21-CT-TTg-73F80.html
2025-05-14 06:48:09,930 - INFO - Found link: https://lawnet.vn/vb/Chi-thi-17-CT-UBND-2021-tang-cuong-phong-chong-toi-pham-su-dung-cong-nghe-cao-tinh-Nghe-An-75AAD.html
2025-05-14 06:48:09,933 - INFO - Found link: https://lawnet.vn/cv/Cong-van-58-TANDTC-PC-2021-xac-dinh-thoi-han-chap-hanh-hinh-phat-tu-nhung-cho-huong-an-treo-73932.html
2025-05-14 06:48:09,937 - INFO - Found link: https://lawnet.vn/vb/Quyet-dinh-1123-QD-UBND-2021-Chuong-trinh-phong-chong-mua-ban-nguoi-Ba-Ria-Vung-Tau-735D4.html
2025-05-14 06:48:09,940 - INFO - Found link: https://lawnet.vn/vb/Huong-dan-23-HD-VKSTC-2021-kiem-sat-bien-ban-phien-toa-xet-xu-vu-an-hinh-su-7356A.html
2025-05-14 06:48:09,944 - INFO - Found link: https://lawnet.vn/cv/Cong-van-1557-VKSTC-V1-2021-huong-dan-nghiep-vu-ap-dung-cac-dieu-347-348-va-349-Bo-luat-Hinh-su-7326E.html
2025-05-14 06:48:09,948 - INFO - Found link: https://lawnet.vn/cv/Cong-van-48-TANDTC-PC-2021-tong-ket-thi-hanh-Bo-luat-Hinh-su-ve-toi-pham-ma-tuy-73190.html
2025-05-14 06:48:09,952 - INFO - Found link: https://lawnet.vn/vb/Quyet-dinh-416-QD-BXD-2021-Ke-hoach-thuc-hien-cong-tac-phong-chong-toi-pham-72F38.html
2025-05-14 06:48:09,955 - INFO - Found link: https://lawnet.vn/cv/Cong-van-2639-BYT-TTrB-2021-cong-tac-phong-chong-toi-pham-va-vi-pham-phap-luat-72EA4.html
2025-05-14 06:48:09,958 - INFO - Found link: https://lawnet.vn/vb/Lenh-01-2021-L-CTN-cong-bo-Luat-Phong-chong-ma-tuy-7317E.html
2025-05-14 06:48:09,962 - INFO - Found link: https://lawnet.vn/vb/Quyet-dinh-521-QD-UBND-2021-thuc-hien-Chuong-trinh-phong-chong-mua-ban-nguoi-Quang-Ngai-74ABD.html
2025-05-14 06:48:10,828 - INFO - Found link: https://lawnet.vn/vb/Quyet-dinh-624-QD-NHNN-2021-Quy-che-hoat-dong-To-giup-viec-chong-rua-tien-doi-voi-Viet-Nam-72F96.html
2025-05-14 06:48:10,831 - INFO - Found link: https://lawnet.vn/cv/Cong-van-30-TANDTC-PC-2021-tong-ket-thuc-tien-thi-hanh-Nghi-quyet-01-2018-NQ-HDTP-72994.html
2025-05-14 06:48:10,836 - INFO - Found link: https://lawnet.vn/vb/Luat-Phong-chong-ma-tuy-2021-6CB01.html
2025-05-14 06:48:10,840 - INFO - Found link: https://lawnet.vn/vb/Chi-thi-06-CT-UBND-2021-phong-ngua-toi-pham-va-vi-pham-phap-luat-lua-tuoi-thanh-nien-Quang-Ngai-74C8C.html
2025-05-14 06:48:10,844 - INFO - Found link: https://lawnet.vn/vb/Quyet-dinh-980-QD-UBND-2021-De-an-thuc-hien-Chuong-trinh-thanh-pho-5-khong-Da-Nang-75C8E.html
2025-05-14 06:48:10,848 - INFO - Found link: https://lawnet.vn/cv/Cong-van-989-VKSTC-V1-2021-huong-dan-nghiep-vu-ap-dung-Dieu-304-va-Dieu-305-Bo-luat-Hinh-su-80275.html
2025-05-14 06:48:10,852 - INFO - Found link: https://lawnet.vn/vb/Quyet-dinh-928-Q%C3%90-BVHTTDL-2021-Phong-ngua-toi-pham-trong-hoat-dong-van-hoa-723EA.html
2025-05-14 06:48:10,856 - INFO - Found link: https://lawnet.vn/vb/Quyet-dinh-526-QD-UBND-2021-thuc-hien-Chuong-trinh-phong-chong-mua-ban-nguoi-Vinh-Long-73546.html
2025-05-14 06:48:10,860 - INFO - Found link: https://lawnet.vn/vb/Quyet-dinh-473-QD-UBND-2021-thuc-hien-Chuong-trinh-phong-chong-mua-ban-nguoi-tinh-Ca-Mau-7224E.html
2025-05-14 06:48:10,864 - INFO - Found link: https://lawnet.vn/vb/Quyet-dinh-1498-QD-BCD-2021-pho-bien-giao-duc-phap-luat-cho-nguoi-dang-chap-hanh-hinh-phat-tu-7256E.html
2025-05-14 06:48:10,868 - INFO - Found link: https://lawnet.vn/cv/Cong-van-17-TANDTC-PC-2021-tong-ket-thuc-tien-thi-hanh-ve-cac-toi-xam-pham-quyen-so-huu-tri-tue-7214E.html
2025-05-14 06:48:10,872 - INFO - Found link: https://lawnet.vn/vb/Quyet-dinh-379-QD-BCA-C10-2021-thuc-hien-133-2020-ND-CP-huong-dan-Luat-Thi-hanh-an-hinh-su-71576.html
2025-05-14 06:48:10,876 - INFO - Found link: https://lawnet.vn/vb/Huong-dan-13-HD-VKSTC-2021-cong-tac-Thuc-hanh-quyen-cong-to-Kiem-sat-dieu-tra-tham-tra-ma-tuy-70F02.html
2025-05-14 06:48:10,880 - INFO - Found link: https://lawnet.vn/vb/Thong-tu-lien-tich-08-2021-TTLT-BQP-BCA-VKSNDTC-bat-tam-giu-va-kiem-sat-viec-bat-tam-giu-71038.html
2025-05-14 06:48:10,884 - INFO - Found link: https://lawnet.vn/vb/Huong-dan-11-HD-VKSTC-2021-cong-tac-thuc-hanh-quyen-cong-to-xet-xu-so-tham-an-trat-tu-xa-hoi-71E37.html
2025-05-14 06:48:10,889 - INFO - Found link: https://lawnet.vn/cv/Cong-van-04-TANDTC-TH-2020-phoi-hop-tang-cuong-bien-phap-phong-ngua-toi-pham-giet-nguoi-711BF.html
2025-05-14 06:48:10,894 - INFO - Found link: https://lawnet.vn/cv/Cong-van-02-TANDTC-TH-2021-phoi-hop-thuc-hien-cao-diem-tan-cong-tran-ap-toi-pham-711BE.html
2025-05-14 06:48:10,899 - INFO - Found link: https://lawnet.vn/vb/Huong-dan-02-HD-VKSTC-2021-thong-ke-giam-dinh-tu-phap-trong-to-tung-hinh-su-70B25.html
2025-05-14 06:48:10,903 - INFO - Found link: https://lawnet.vn/vb/Huong-dan-03-HD-VKSTC-2021-Cong-tac-kiem-sat-viec-tam-giu-tam-giam-va-thi-hanh-an-hinh-su-70BA7.html
2025-05-14 06:48:10,908 - INFO - Found link: https://lawnet.vn/vb/Quyet-dinh-17-QD-VKSTC-2021-Bieu-mau-thong-ke-giam-dinh-tu-phap-trong-to-tung-hinh-su-70B2A.html
2025-05-14 06:48:12,324 - INFO - Found link: https://lawnet.vn/vb/Quyet-dinh-5475-QD-BNN-TCLN-2020-Du-an-Trang-bi-ghi-am-trong-dieu-tra-hinh-su-cua-Kiem-lam-70B88.html
2025-05-14 06:48:12,331 - INFO - Found link: https://lawnet.vn/cv/Cong-van-646-CP-NC-2020-dinh-chinh-Nghi-dinh-133-2020-ND-CP-huong-dan-Luat-Thi-hanh-an-hinh-su-7096E.html
2025-05-14 06:48:12,343 - INFO - Found link: https://lawnet.vn/vb/Nghi-quyet-03-2020-NQ-HDTP-ap-dung-quy-dinh-cua-Bo-luat-Hinh-su-ve-toi-pham-tham-nhung-6DB06.html
2025-05-14 06:48:12,348 - INFO - Found link: https://lawnet.vn/vb/Chi-thi-14-CT-UBND-2020-dam-bao-an-ninh-trat-tu-Dai-hoi-Dang-toan-quoc-lan-thu-XIII-Binh-Duong-70C05.html
2025-05-14 06:48:12,353 - INFO - Found link: https://lawnet.vn/vb/Thong-tu-lien-tich-03-2020-TTLT-BCA-BQP-BTP-NHNNVN-VKSNDTC-TANDTC-huong-dan-toi-khung-bo-70592.html
2025-05-14 06:48:12,357 - INFO - Found link: https://lawnet.vn/vb/Nghi-quyet-18-2020-NQ-HDND-ho-tro-nguoi-giai-quyet-nguon-tin-toi-pham-dieu-tra-vu-an-hinh-su-Binh-Duong-705B7.html
2025-05-14 06:48:12,363 - INFO - Found link: https://lawnet.vn/cv/Cong-van-5442-VKSTC-V14-2020-giai-dap-kho-khan-lien-quan-den-quy-dinh-cua-Bo-luat-Hinh-su-74D41.html
2025-05-14 06:48:12,367 - INFO - Found link: https://lawnet.vn/cv/Cong-van-1676-TTg-NC-2020-tang-cuong-bien-phap-phong-ngua-toi-pham-giet-nguoi-6FF28.html
2025-05-14 06:48:12,371 - INFO - Found link: https://lawnet.vn/vb/Quyet-dinh-1957-QD-TTg-2020-thuc-hien-Cong-uoc-ASEAN-phong-chong-buon-ban-phu-nu-va-tre-em-6FF5A.html
2025-05-14 06:48:12,375 - INFO - Found link: https://lawnet.vn/vb/Thong-tu-lien-tich-14-2020-TTLT-BNNPTNT-BTP-BCA-VKSNDTC-TANDTC-toi-pham-ve-rung-6FE12.html
2025-05-14 06:48:12,379 - INFO - Found link: https://lawnet.vn/cv/Cong-van-5086-VKSTC-C2-2020-thuc-hien-thong-ke-nguoi-duoi-18-tuoi-la-bi-hai-trong-vu-an-hinh-su-6F952.html
2025-05-14 06:48:12,383 - INFO - Found link: https://lawnet.vn/vb/Huong-dan-32-HD-VKSTC-2020-thong-ke-nguoi-duoi-18-tuoi-la-bi-hai-trong-cac-vu-an-hinh-su-6F953.html
2025-05-14 06:48:12,387 - INFO - Found link: https://lawnet.vn/vb/Quyet-dinh-400-QD-VKSTC-2020-thong-ke-nguoi-duoi-18-tuoi-la-bi-hai-trong-cac-vu-an-hinh-su-6F954.html
2025-05-14 06:48:12,391 - INFO - Found link: https://lawnet.vn/vb/Thong-tu-02-2020-TTLT-BCA-BQP-BYT-BNG-TANDTC-VKSNDTC-thi-hanh-an-tu-tiem-thuoc-doc-6F882.html
2025-05-14 06:48:12,395 - INFO - Found link: https://lawnet.vn/vb/Quyet-dinh-1928-QD-BGTVT-2020-thuc-hien-Ke-hoach-399-KH-BCD389-phong-chong-buon-lau-6F3EB.html
2025-05-14 06:48:12,399 - INFO - Found link: https://lawnet.vn/vb/Quyet-dinh-1588-QD-BTC-2020-thuc-hien-Chi-thi-21-CT-TTg-phong-ngua-lua-dao-chiem-doat-tai-san-6F244.html
2025-05-14 06:48:12,403 - INFO - Found link: https://lawnet.vn/cv/Cong-van-4688-VKSTC-V14-2020-giai-dap-vuong-mac-ap-dung-Dieu-201-Bo-luat-hinh-su-2015-6F61D.html
2025-05-14 06:48:12,406 - INFO - Found link: https://lawnet.vn/vb/Chi-thi-11-CT-UBND-2020-tang-cuong-phong-ngua-xu-ly-hoat-dong-lua-dao-chiem-doat-tai-san-Ha-Tinh-6EE60.html
2025-05-14 06:48:12,410 - INFO - Found link: https://lawnet.vn/vb/Chi-thi-09-CT-UBND-2020-cong-tac-phong-ngua-hoat-dong-lua-dao-chiem-doat-tai-san-tinh-Bac-Kan-6F5B8.html
2025-05-14 06:48:12,415 - INFO - Found link: https://lawnet.vn/vb/Quyet-dinh-7570-QD-BCA-2020-hop-nhat-Ban-phong-chong-toi-pham-va-Ban-chong-buon-lau-6F284.html
2025-05-14 06:48:13,388 - INFO - Found link: https://lawnet.vn/cv/Cong-van-136-TANDTC-PC-2020-dinh-chinh-Cong-van-89-TANDTC-PC-6E333.html
2025-05-14 06:48:13,392 - INFO - Found link: https://lawnet.vn/cv/Cong-van-121-TANDTC-PC-2020-thong-nhat-thuc-hien-quy-dinh-Bo-luat-Hinh-su-2015-7C06F.html
2025-05-14 06:48:13,396 - INFO - Found link: https://lawnet.vn/vb/Chi-thi-15-CT-UBND-2020-tang-cuong-cong-tac-phong-ngua-xu-ly-hanh-vi-xam-hai-tre-em-Thai-Binh-6E5B6.html
2025-05-14 06:48:13,401 - INFO - Found link: https://lawnet.vn/vb/Quyet-dinh-1400-QD-UBND-2020-cong-tac-phong-chong-toi-pham-va-vi-pham-phap-luat-Phu-Yen-6FBAC.html
2025-05-14 06:48:13,405 - INFO - Found link: https://lawnet.vn/cv/Cong-van-9600-BTC-TCHQ-2020-tieu-huy-thuoc-la-nhap-lau-bi-tich-thu-6EECA.html
2025-05-14 06:48:13,410 - INFO - Found link: https://lawnet.vn/cv/Cong-van-109-TANDTC-PC-2020-to-chuc-xet-xu-vu-an-lien-quan-phong-chong-dich-benh-Covid-19-6DAF7.html
2025-05-14 06:48:13,414 - INFO - Found link: https://lawnet.vn/cv/Cong-van-3269-VKSTC-V14-2020-huong-dan-ap-dung-phap-luat-hinh-su-toi-danh-bac-8019C.html
2025-05-14 06:48:13,418 - INFO - Found link: https://lawnet.vn/vb/Nghi-quyet-05-2020-NQ-HDND-chinh-sach-ho-tro-cong-tac-dau-tranh-voi-toi-pham-ma-tuy-Nghe-An-6F384.html
2025-05-14 06:48:13,422 - INFO - Found link: https://lawnet.vn/cv/Cong-van-5867-VPCP-NC-2020-Truy-bat-vu-trom-cap-tai-san-hiep-dam-tinh-Quang-Nam-6D57A.html
2025-05-14 06:48:13,426 - INFO - Found link: https://lawnet.vn/cv/Cong-van-3050-VKSTC-V14-2020-giai-dap-ap-dung-phap-luat-hinh-su-92B1C.html
2025-05-14 06:48:13,430 - INFO - Found link: https://lawnet.vn/vb/Chi-thi-11-CT-UBND-2020-dau-tranh-chong-toi-pham-giet-nguoi-do-nguyen-nhan-xa-hoi-Hoa-Binh-733BA.html
2025-05-14 06:48:13,434 - INFO - Found link: https://lawnet.vn/vb/Quyet-dinh-1126-QD-CTN-2020-ky-Hiep-dinh-tuong-tro-tu-phap-ve-hinh-su-giua-Viet-Nam-va-I-ta-li-a-6DAFB.html
2025-05-14 06:48:13,438 - INFO - Found link: https://lawnet.vn/cv/Cong-van-5654-VPCP-V-I-2020-xu-ly-tieu-huy-thuoc-la-ngoai-nhap-lau-bi-tich-thu-6D39D.html
2025-05-14 06:48:13,442 - INFO - Found link: https://lawnet.vn/vb/Nghi-quyet-04-2020-NQ-HDND-bai-bo-Nghi-quyet-01-NQ-HDND-tinh-Lao-Cai-6D926.html
2025-05-14 06:48:13,445 - INFO - Found link: https://lawnet.vn/cv/Cong-van-2871-VKSTC-V1-2020-tong-hop-kho-khan-ve-tham-quyen-dieu-tra-vu-an-hinh-su-77F10.html
2025-05-14 06:48:13,449 - INFO - Found link: https://lawnet.vn/vb/Quyet-dinh-860-QD-BXD-2020-thuc-hien-Chi-thi-21-CT-TTg-xu-ly-lua-dao-chiem-doat-tai-san-6CECC.html
2025-05-14 06:48:13,453 - INFO - Found link: https://lawnet.vn/vb/Chi-thi-06-CT-VKSTC-2020-thi-hanh-an-thu-hoi-tai-san-bi-that-thoat-trong-vu-an-hinh-su-ve-tham-nhung-6CE82.html
2025-05-14 06:48:13,457 - INFO - Found link: https://lawnet.vn/cv/Cong-van-5192-VPCP-NC-2020-tinh-trang-doi-no-phi-phap-FR-Credit-6CE98.html
2025-05-14 06:48:13,461 - INFO - Found link: https://lawnet.vn/vb/Quyet-dinh-18-2020-QD-UBND-sua-doi-Quy-che-phong-chong-buon-lau-gian-lan-thuong-mai-Bac-Giang-6D365.html
2025-05-14 06:48:13,465 - INFO - Found link: https://lawnet.vn/vb/Thong-tu-lien-tich-01-2020-TTLT-BCA-BQP-TANDTC-VKSNDTC-trich-xuat-pham-nhan-phuc-vu-dieu-tra-6D100.html
2025-05-14 06:48:14,822 - INFO - Found link: https://lawnet.vn/vb/Quyet-dinh-702-QD-LDTBXH-2020-Ke-hoach-thuc-hien-Chi-thi-21-CT-TTg-6CCCF.html
2025-05-14 06:48:14,825 - INFO - Found link: https://lawnet.vn/vb/Quyet-dinh-1073-QD-UBND-2020-phong-chong-toi-pham-Vien-kiem-sat-Toa-an-thi-hanh-an-Ca-Mau-6D22A.html
2025-05-14 06:48:14,829 - INFO - Found link: https://lawnet.vn/vb/Thong-tu-53-2020-TT-BTC-kinh-phi-giao-duc-nguoi-duoi-18-tuoi-duoc-mien-trach-nhiem-hinh-su-6CB04.html
2025-05-14 06:48:14,832 - INFO - Found link: https://lawnet.vn/vb/Quyet-dinh-629-QD-BLDTBXH-2020-thuc-hien-Chuong-trinh-phong-chong-mai-dam-giai-doan-2016-2020-6FB5A.html
2025-05-14 06:48:14,835 - INFO - Found link: https://lawnet.vn/vb/Quyet-dinh-623-QD-BLDTBXH-2020-ho-tro-nan-nhan-bi-mua-ban-thuoc-Chuong-trinh-chong-mua-ban-nguoi-6DD76.html
2025-05-14 06:48:14,839 - INFO - Found link: https://lawnet.vn/vb/Thong-tu-lien-tich-01-2020-TTLT-VKSNDTC-TANDTC-BCA-BQP-BNN-PTNT-BTC-BTP-quan-ly-vu-an-6C82A.html
2025-05-14 06:48:14,843 - INFO - Found link: https://lawnet.vn/vb/Nghi-dinh-59-2020-ND-CP-co-so-du-lieu-ve-thi-hanh-an-hinh-su-6C545.html
2025-05-14 06:48:14,846 - INFO - Found link: https://lawnet.vn/vb/Chi-thi-21-CT-TTg-2020-tang-cuong-phong-ngua-xu-ly-hoat-dong-lua-dao-chiem-doat-tai-san-6C480.html
2025-05-14 06:48:14,849 - INFO - Found link: https://lawnet.vn/vb/Nghi-dinh-55-2020-ND-CP-huong-dan-Luat-Thi-hanh-an-hinh-su-thi-hanh-an-phap-nhan-thuong-mai-6C485.html
2025-05-14 06:48:14,853 - INFO - Found link: https://lawnet.vn/cv/Cong-van-3692-VPCP-V-I-2020-xu-ly-viec-van-chuyen-trai-phep-thuoc-la-qua-bien-gioi-tai-Kien-Giang-6C0F2.html
2025-05-14 06:48:14,856 - INFO - Found link: https://lawnet.vn/cv/Cong-van-1712-UBND-TKBT-2020-phong-ngua-toi-pham-phat-sinh-tu-mau-thuan-noi-bo-Ha-Noi-6C176.html
2025-05-14 06:48:14,860 - INFO - Found link: https://lawnet.vn/vb/Chi-thi-05-CT-VKSTC-2020-trach-nhiem-cong-to-trong-vu-an-hinh-su-phong-chong-toi-pham-6BB19.html
2025-05-14 06:48:14,864 - INFO - Found link: https://lawnet.vn/vb/Nghi-dinh-49-2020-ND-CP-2020-huong-dan-Luat-Thi-hanh-an-hinh-su-tai-hoa-nhap-cong-dong-6B82D.html
2025-05-14 06:48:14,867 - INFO - Found link: https://lawnet.vn/cv/Cong-van-1435-BVHTTDL-VHCS-2020-bao-cao-xu-ly-vi-pham-phong-chong-dich-benh-COVID-19-6B6CE.html
2025-05-14 06:48:14,871 - INFO - Found link: https://lawnet.vn/vb/Nghi-dinh-43-2020-ND-CP-quy-dinh-thi-hanh-an-tu-hinh-bang-hinh-thuc-tiem-thuoc-doc-6B427.html
2025-05-14 06:48:14,875 - INFO - Found link: https://lawnet.vn/vb/Chi-thi-03-CT-VKSTC-2020-quyen-cong-to-trong-xu-ly-toi-pham-lien-quan-den-phong-chong-Covid-19-6B301.html
2025-05-14 06:48:14,878 - INFO - Found link: https://lawnet.vn/cv/Cong-van-45-TANDTC-PC-2020-xet-xu-lien-quan-den-phong-chong-dich-benh-Covid-19-6B14A.html
2025-05-14 06:48:14,881 - INFO - Found link: https://lawnet.vn/vb/Thong-tu-28-2020-TT-BCA-trinh-tu-thu-tuc-tiep-nhan-to-giac-ve-toi-pham-cua-luc-luong-Cong-an-6C592.html
2025-05-14 06:48:14,885 - INFO - Found link: https://lawnet.vn/cv/Cong-van-218-TCLN-CTVN-2020-tiep-tuc-tang-cuong-kiem-soat-nuoi-van-chuyen-dong-vat-hoang-da-6B986.html
2025-05-14 06:48:14,888 - INFO - Found link: https://lawnet.vn/vb/Chi-thi-02-CT-UBND-2020-nang-cao-cong-tac-phong-chong-toi-pham-xam-hai-tinh-duc-Quang-Ngai-6C1F1.html
2025-05-14 06:48:15,779 - INFO - Found link: https://lawnet.vn/vb/Thong-tu-14-2020-TT-BCA-quy-dinh-chi-tiet-che-do-gap-nhan-qua-va-lien-lac-cua-pham-nhan-6A34B.html
2025-05-14 06:48:15,782 - INFO - Found link: https://lawnet.vn/cv/Cong-van-661-TCHQ-PC-2020-thuc-hien-Thong-tu-xu-ly-dong-vat-rung-la-tang-vat-vat-chung-6A794.html
2025-05-14 06:48:15,786 - INFO - Found link: https://lawnet.vn/cv/Cong-van-617-TCHQ-GSQL-2020-canh-bao-thu-doan-nhap-lau-mat-hang-khi-N2O-6A787.html
2025-05-14 06:48:15,789 - INFO - Found link: https://lawnet.vn/cv/Cong-van-110-TCQLTT-CNV-2020-kiem-tra-kiem-soat-xu-ly-buon-ban-van-chuyen-tang-tru-phao-no-6C4DA.html
2025-05-14 06:48:15,793 - INFO - Found link: https://lawnet.vn/vb/Thong-bao-05-2021-TB-LPQT-hieu-luc-Hiep-dinh-tuong-tro-tu-phap-ve-hinh-su-giua-Viet-Nam-Lao-71F9F.html
2025-05-14 06:48:15,796 - INFO - Found link: https://lawnet.vn/vb/Huong-dan-09-HD-VKSTC-2020-cong-tac-thuc-hanh-quyen-cong-to-va-kiem-sat-xet-xu-hinh-su-699F6.html
2025-05-14 06:48:15,800 - INFO - Found link: https://lawnet.vn/vb/Huong-dan-07-HD-VKSTC-2020-cong-tac-thuc-hanh-quyen-cong-to-Kiem-sat-dieu-tra-xet-xu-an-ma-tuy-69A5F.html
2025-05-14 06:48:15,803 - INFO - Found link: https://lawnet.vn/vb/Thong-bao-21-2021-TB-LPQT-hieu-luc-Hiep-dinh-chuyen-giao-nguoi-bi-ket-an-phat-tu-Lao-790DD.html
2025-05-14 06:48:15,806 - INFO - Found link: https://lawnet.vn/vb/Quyet-dinh-4939-QD-UBND-2019-kiem-soat-hoat-dong-hop-phap-lien-quan-den-ma-tuy-Quang-Binh-6BFCE.html
2025-05-14 06:48:15,810 - INFO - Found link: https://lawnet.vn/vb/Chi-thi-19-CT-UBND-2019-thi-hanh-an-hinh-su-tai-xa-phuong-thi-tran-tinh-Quang-Ngai-6C201.html
2025-05-14 06:48:15,813 - INFO - Found link: https://lawnet.vn/vb/Chi-thi-07-CT-UBND-2019-phong-ngua-dau-tranh-hanh-vi-vi-pham-vu-khi-vat-lieu-no-tinh-Ca-Mau-6A958.html
2025-05-14 06:48:15,817 - INFO - Found link: https://lawnet.vn/vb/Nghi-quyet-24-2019-NQ-HDND-bien-phap-nang-cao-cong-tac-phong-chong-mua-ban-nguoi-Nghe-An-6A45F.html
2025-05-14 06:48:15,820 - INFO - Found link: https://lawnet.vn/vb/Chi-thi-17-CT-UBND-2019-tan-cong-tran-ap-toi-pham-dip-Tet-Nguyen-dan-Canh-Ty-tinh-Dak-Lak-699A0.html
2025-05-14 06:48:15,824 - INFO - Found link: https://lawnet.vn/vb/Chi-thi-21-CT-UBND-2019-tang-cuong-bien-phap-phong-chong-toi-pham-giet-nguoi-tinh-Thai-Binh-6B9DC.html
2025-05-14 06:48:15,827 - INFO - Found link: https://lawnet.vn/vb/Thong-bao-09-2021-TB-LPQT-hieu-luc-Hiep-dinh-ve-chuyen-giao-nguoi-bi-ket-an-phat-tu-Mo-dam-bich-743F1.html
2025-05-14 06:48:15,831 - INFO - Found link: https://lawnet.vn/vb/Thong-bao-10-2021-TB-LPQT-hieu-luc-Hiep-dinh-ve-dan-do-giua-Viet-Nam-va-Mo-dam-bich-743F2.html
2025-05-14 06:48:15,834 - INFO - Found link: https://lawnet.vn/cv/Cong-van-5887-VKSTC-V14-2019-giai-dap-kho-khan-vuong-mac-lien-quan-den-quy-dinh-Bo-luat-Hinh-su-6C6BA.html
2025-05-14 06:48:15,838 - INFO - Found link: https://lawnet.vn/vb/Thong-tu-65-2019-TT-BCA-thi-hanh-an-hinh-su-tai-cong-dong-6AB27.html
2025-05-14 06:48:15,841 - INFO - Found link: https://lawnet.vn/vb/Chi-thi-02-CT-NHNN-2019-tang-cuong-quan-ly-rui-ro-rua-tien-tai-tro-khung-bo-linh-vuc-ngan-hang-6A1D6.html
2025-05-14 06:48:15,845 - INFO - Found link: https://lawnet.vn/vb/Nghi-quyet-06-2019-NQ-HDTP-huong-dan-Bo-luat-Hinh-su-xet-xu-vu-an-xam-hai-tinh-duc-nguoi-duoi-18-tuoi-6542C.html
2025-05-14 06:48:16,800 - INFO - Found link: https://lawnet.vn/cv/Cong-van-233-TANDTC-PC-2019-trao-doi-nghiep-vu-7108B.html
2025-05-14 06:48:16,804 - INFO - Found link: https://lawnet.vn/cv/Cong-van-3544-VKSTC-V14-2019-tra-loi-thinh-thi-vuong-mac-trong-viec-ap-dung-phap-luat-hinh-su-6B419.html
2025-05-14 06:48:16,807 - INFO - Found link: https://lawnet.vn/cv/Cong-van-3221-VKSTC-V14-2019-ap-dung-quy-dinh-tai-khoan-6-Dieu-353-Bo-luat-hinh-su-nam-2015-6B418.html
2025-05-14 06:48:16,811 - INFO - Found link: https://lawnet.vn/vb/Thong-bao-14-2021-TB-LPQT-hieu-luc-Hiep-dinh-ve-dan-do-giua-Viet-Nam-Mong-Co-743F3.html
2025-05-14 06:48:16,815 - INFO - Found link: https://lawnet.vn/vb/Lenh-cong-bo-Luat-Thi-hanh-an-hinh-su-2019-6681F.html
2025-05-14 06:48:16,818 - INFO - Found link: https://lawnet.vn/vb/Chi-thi-06-CT-VKSTC-2019-doi-moi-nang-cao-chat-luong-hieu-qua-cong-tac-kiem-sat-viec-tam-giu-65F41.html
2025-05-14 06:48:16,822 - INFO - Found link: https://lawnet.vn/vb/Nghi-quyet-03-2019-NQ-HDTP-huong-dan-ap-dung-Dieu-324-cua-Bo-luat-Hinh-su-ve-toi-rua-tien-60383.html
2025-05-14 06:48:16,826 - INFO - Found link: https://lawnet.vn/cv/Cong-van-1109-LS-QHLS-2019-phoi-hop-xu-ly-vu-viec-nguoi-nuoc-ngoai-tai-dia-phuong-7BB91.html
2025-05-14 06:48:16,831 - INFO - Found link: https://lawnet.vn/cv/Cong-van-68-TANDTC-PC-2019-xet-xu-toi-pham-xam-hai-tinh-duc-va-bao-hanh-tre-em-6457C.html
2025-05-14 06:48:16,834 - INFO - Found link: https://lawnet.vn/cv/Cong-van-2538-VPCP-V-I-2019-xu-ly-vu-viec-van-chuyen-trai-phep-nga-voi-tu-nuoc-ngoai-vao-Viet-Nam-6437D.html
2025-05-14 06:48:16,838 - INFO - Found link: https://lawnet.vn/vb/Nghi-quyet-02-2019-NQ-HDTP-huong-dan-ap-dung-quy-dinh-Bo-luat-Hinh-su-ve-toi-mua-ban-nguoi-5F673.html
2025-05-14 06:48:16,841 - INFO - Found link: https://lawnet.vn/cv/Cong-van-276-TANDTC-PC-2018-thi-hanh-an-nguoi-bi-ket-an-phat-tu-huong-an-treo-truoc-01-01-2018-626D5.html
2025-05-14 06:48:16,845 - INFO - Found link: https://lawnet.vn/vb/Thong-tu-lien-tich-06-2018-TTLT-VKSNDTC-TANDTC-BCA-BTP-BLDTBXH-ve-thu-tuc-to-tung-hinh-su-62860.html
2025-05-14 06:48:16,849 - INFO - Found link: https://lawnet.vn/cv/Cong-van-11842-VPCP-NC-2018-dieu-tra-xu-ly-vu-viec-nhan-tin-de-doa-phong-vien-62179.html
2025-05-14 06:48:16,853 - INFO - Found link: https://lawnet.vn/vb/Huong-dan-33-HD-VKSTC-2018-cong-tac-quan-ly-danh-gia-dinh-chi-dieu-tra-do-khong-pham-toi-7A0F8.html
2025-05-14 06:48:16,858 - INFO - Found link: https://lawnet.vn/cv/Cong-van-254-TANDTC-PC-2018-nguoi-da-yeu-cau-khoi-to-vu-an-hinh-su-rut-yeu-cau-61D46.html
2025-05-14 06:48:16,862 - INFO - Found link: https://lawnet.vn/cv/Cong-van-11363-VPCP-NC-2018-thong-tin-phan-anh-bao-chi-ve-hanh-vi-lua-dao-chiem-doat-tai-san-61CF9.html
2025-05-14 06:48:16,866 - INFO - Found link: https://lawnet.vn/vb/Thong-tu-lien-tich-05-2018-TTLT-VKSNDTC-TANDTC-BCA-BQP-thuc-hien-thong-ke-hinh-su-61EDF.html
2025-05-14 06:48:16,870 - INFO - Found link: https://lawnet.vn/vb/Nghi-quyet-05-2018-NQ-HDTP-huong-dan-ap-dung-toi-vi-pham-quy-dinh-bao-ve-dong-vat-hoang-da-5F90D.html
2025-05-14 06:48:16,873 - INFO - Found link: https://lawnet.vn/vb/Thong-tu-lien-tich-04-2018-TTLT-VKSNDTC-BCA-BQP-thuc-hien-quy-dinh-cua-Bo-luat-to-tung-hinh-su-622F6.html
2025-05-14 06:48:17,717 - INFO - Found link: https://lawnet.vn/vb/Thong-tu-lien-tich-03-2018-TTLT-VKSNDTC-BCA-BQP-TTCP-phoi-hop-trao-doi-thong-tin-ve-toi-pham-622F5.html
2025-05-14 06:48:17,721 - INFO - Found link: https://lawnet.vn/vb/Thong-bao-13-2021-TB-LPQT-hieu-luc-Hiep-dinh-ve-chuyen-giao-nguoi-bi-ket-an-phat-tu-Mong-Co-74466.html
2025-05-14 06:48:17,724 - INFO - Found link: https://lawnet.vn/vb/Thong-tu-02-2018-TT-TANDTC-huong-dan-xet-xu-vu-an-hinh-su-co-nguoi-duoi-18-tuoi-5DC2A.html
2025-05-14 06:48:17,728 - INFO - Found link: https://lawnet.vn/vb/Thong-tu-lien-tich-02-2018-TTLT-VKSTC-TATC-BCA-BQP-BTC-BNN-PTNT-giai-quyet-khieu-nai-to-cao-60461.html
2025-05-14 06:48:17,731 - INFO - Found link: https://lawnet.vn/cv/Cong-van-196-TANDTC-PC-2018-ap-dung-diem-c-khoan-2-Dieu-321-Dieu-322-cua-Bo-luat-Hinh-su-5FF20.html
2025-05-14 06:48:17,735 - INFO - Found link: https://lawnet.vn/vb/Quyet-dinh-1844-QD-UBND-2018-to-chuc-hoat-dong-Hoi-dong-dinh-gia-tai-san-to-tung-hinh-su-Hue-60F8A.html
2025-05-14 06:48:17,738 - INFO - Found link: https://lawnet.vn/vb/Thong-tu-27-2018-TT-BCA-quy-dinh-Thu-truong-Pho-Thu-truong-Co-quan-quan-ly-thi-hanh-an-hinh-su-6CC34.html
2025-05-14 06:48:17,742 - INFO - Found link: https://lawnet.vn/cv/Cong-van-170-TANDTC-PC-2018-thuc-hien-Bo-luat-Hinh-su-ve-tha-tu-truoc-thoi-han-co-dieu-kien-5F0FF.html
2025-05-14 06:48:17,745 - INFO - Found link: https://lawnet.vn/cv/Cong-van-160-TANDTC-PC-2018-bieu-mau-ve-tha-tu-truoc-thoi-han-co-dieu-kien-5EC2C.html
2025-05-14 06:48:17,749 - INFO - Found link: https://lawnet.vn/vb/Quyet-dinh-314-QD-VKSTC-2018-Quy-che-phoi-hop-trong-viec-giai-quyet-vu-an-hinh-su-5EA95.html
2025-05-14 06:48:17,752 - INFO - Found link: https://lawnet.vn/vb/Quyet-dinh-304-QD-VKSTC-2018-giai-quyet-yeu-cau-boi-thuong-cua-Nha-nuoc-trong-to-tung-hinh-su-5E72C.html
2025-05-14 06:48:17,756 - INFO - Found link: https://lawnet.vn/cv/Cong-van-2000-CSDT-C44-2018-huong-dan-ap-dung-quy-dinh-cua-Bo-luat-To-tung-hinh-su-2015-73AFC.html
2025-05-14 06:48:17,759 - INFO - Found link: https://lawnet.vn/vb/Chi-thi-05-CT-VKSTC-2018-tang-cuong-trach-nhiem-Vien-kiem-sat-trong-kiem-sat-viec-tam-giu-tam-giam-5D5E8.html
2025-05-14 06:48:17,763 - INFO - Found link: https://lawnet.vn/vb/Nghi-quyet-02-2018-NQ-HDTP-huong-dan-ap-dung-Dieu-65-cua-Bo-luat-Hinh-su-ve-an-treo-5C656.html
2025-05-14 06:48:17,766 - INFO - Found link: https://lawnet.vn/vb/Quyet-dinh-1052-QD-BTP-2018-to-chuc-Lop-Boi-duong-kien-thuc-chuyen-sau-ve-phap-luat-hinh-su-5D2E1.html
2025-05-14 06:48:17,770 - INFO - Found link: https://lawnet.vn/vb/Chi-thi-09-CT-UBND-2018-tang-cuong-chi-dao-thuc-hien-cong-tac-thi-hanh-an-hinh-su-xa-Thanh-Hoa-5EC64.html
2025-05-14 06:48:17,773 - INFO - Found link: https://lawnet.vn/vb/Nghi-quyet-01-2018-NQ-HDTP-huong-dan-Dieu-66-Dieu-106-Bo-Luat-hinh-su-ve-tha-tu-truoc-thoi-han-5C657.html
2025-05-14 06:48:17,777 - INFO - Found link: https://lawnet.vn/vb/Thong-bao-55-2018-TB-LPQT-Hiep-dinh-tuong-tro-tu-phap-ve-hinh-su-giua-Viet-Nam-Cu-ba-6358C.html
2025-05-14 06:48:17,780 - INFO - Found link: https://lawnet.vn/cv/Cong-van-44-TANDTC-PC-2018-quan-triet-thi-hanh-van-ban-quy-pham-phap-luat-moi-duoc-ban-hanh-5C0FE.html
2025-05-14 06:48:17,784 - INFO - Found link: https://lawnet.vn/vb/Nghi-dinh-37-2018-ND-CP-bien-phap-giao-duc-nguoi-duoi-18-tuoi-pham-toi-5C327.html
2025-05-14 06:48:18,643 - INFO - Found link: https://lawnet.vn/vb/Thong-tu-23-2018-TT-BQP-su-dung-ho-so-quan-ly-tam-giu-tam-giam-trong-Quan-doi-5BF09.html
2025-05-14 06:48:18,647 - INFO - Found link: https://lawnet.vn/vb/Nghi-dinh-30-2018-ND-CP-thanh-lap-Hoi-dong-dinh-gia-tai-san-trong-to-tung-hinh-su-5C066.html
2025-05-14 06:48:18,652 - INFO - Found link: https://lawnet.vn/vb/Chi-thi-05-CT-UBND-2018-trien-khai-thi-hanh-Bo-luat-Hinh-su-2015-Quang-Ngai-5CAB5.html
2025-05-14 06:48:18,655 - INFO - Found link: https://lawnet.vn/vb/Chi-thi-06-CT-UBND-2018-trien-khai-thi-hanh-Bo-luat-Hinh-su-2015-Hue-5BCBB.html
2025-05-14 06:48:18,660 - INFO - Found link: https://lawnet.vn/cv/Cong-van-1085-TCHQ-DTCBL-2018-bieu-mau-giay-to-so-sach-ve-dieu-tra-hinh-su-5BE7C.html
2025-05-14 06:48:18,664 - INFO - Found link: https://lawnet.vn/vb/Chi-thi-07-CT-UBND-2018-trien-khai-thi-hanh-Bo-luat-Hinh-su-2015-Khanh-Hoa-5DD67.html
2025-05-14 06:48:18,668 - INFO - Found link: https://lawnet.vn/vb/Nghi-dinh-19-2018-ND-CP-quy-dinh-viec-tinh-tong-khoi-luong-hoac-the-tich-chat-ma-tuy-5B6CA.html
2025-05-14 06:48:18,672 - INFO - Found link: https://lawnet.vn/vb/Thong-tu-lien-tich-01-2018-TTLT-BCA-BQP-TANDTC-VKSNDTC-phoi-hop-thi-hanh-tam-giu-tam-giam-5BCF2.html
2025-05-14 06:48:18,676 - INFO - Found link: https://lawnet.vn/vb/Chi-thi-02-CT-TTg-2018-trien-khai-thi-hanh-Bo-luat-Hinh-su-5ADDE.html
2025-05-14 06:48:18,680 - INFO - Found link: https://lawnet.vn/cv/Cong-van-128-VKSTC-V3-2018-xu-ly-hanh-vi-tang-tru-van-chuyen-buon-ban-phao-trong-noi-dia-5B78F.html
2025-05-14 06:48:18,684 - INFO - Found link: https://lawnet.vn/cv/Cong-van-04-TANDTC-PC-2018-ap-dung-Bo-luat-Hinh-su-2015-Nghi-quyet-41-2017-QH14-5AC25.html
2025-05-14 06:48:18,688 - INFO - Found link: https://lawnet.vn/vb/Chi-thi-21-CT-UBND-2018-nang-cao-vai-tro-trong-cong-tac-thi-hanh-an-hinh-su-tai-xa-phuong-An-Giang-5ADCA.html
2025-05-14 06:48:18,693 - INFO - Found link: https://lawnet.vn/vb/Huong-dan-02-HD-VKSTC-2018-cong-tac-Thuc-hanh-quyen-cong-to-Kiem-sat-dieu-tra-xet-xu-so-tham-5AC83.html
2025-05-14 06:48:18,696 - INFO - Found link: https://lawnet.vn/vb/Thong-tu-lien-tich-01-2017-TTLT-BCA-BQP-BTC-BNN-PTNT-VKSNDTC-phoi-hop-tiep-nhan-to-giac-toi-pham-59FC7.html
2025-05-14 06:48:18,701 - INFO - Found link: https://lawnet.vn/vb/Quyet-dinh-505-QD-VKSTC-2017-Quy-che-cong-tac-thuc-hanh-quyen-cong-to-5A532.html
2025-05-14 06:48:18,706 - INFO - Found link: https://lawnet.vn/vb/Chi-thi-10-CT-UBND-2017-mo-dot-cao-diem-tan-cong-tran-ap-truy-na-toi-pham-Bac-Giang-5B077.html
2025-05-14 06:48:18,710 - INFO - Found link: https://lawnet.vn/vb/Quyet-dinh-3530-QD-UBND-2017-Ke-hoach-trien-khai-thi-hanh-Bo-luat-Hinh-su-Khanh-Hoa-5A193.html
2025-05-14 06:48:18,714 - INFO - Found link: https://lawnet.vn/vb/Nghi-dinh-128-2017-ND-CP-quy-dinh-che-do-bao-cao-ve-dieu-tra-hinh-su-59EDD.html
2025-05-14 06:48:18,721 - INFO - Found link: https://lawnet.vn/vb/Nghi-dinh-121-2017-ND-CP-xay-dung-quan-ly-su-dung-co-so-du-lieu-thi-hanh-tam-giu-tam-giam-5984D.html
2025-05-14 06:48:18,726 - INFO - Found link: https://lawnet.vn/vb/Nghi-dinh-120-2017-ND-CP-huong-dan-Luat-thi-hanh-tam-giu-tam-giam-5982B.html
2025-05-14 06:48:19,654 - INFO - Found link: https://lawnet.vn/vb/Thong-tu-49-2017-TT-BCA-boi-duong-giam-dinh-tu-phap-linh-vuc-ky-thuat-hinh-su-5569D.html
2025-05-14 06:48:19,657 - INFO - Found link: https://lawnet.vn/vb/Quyet-dinh-1409-QD-UBND-2017-Ke-hoach-trien-khai-thi-hanh-Bo-luat-Hinh-su-Ninh-Binh-59706.html
2025-05-14 06:48:19,661 - INFO - Found link: https://lawnet.vn/vb/Quyet-dinh-2776-QD-UBND-2017-Ke-hoach-trien-khai-thi-hanh-Bo-luat-Hinh-su-Hung-Yen-59659.html
2025-05-14 06:48:19,664 - INFO - Found link: https://lawnet.vn/vb/Quyet-dinh-2998-QD-UBND-2017-Ke-hoach-trien-khai-thi-hanh-Bo-luat-Hinh-su-Binh-Thuan-5A23F.html
2025-05-14 06:48:19,668 - INFO - Found link: https://lawnet.vn/vb/Chi-thi-06-CT-VKSTC-2017-trach-nhiem-Vien-kiem-sat-giai-quyet-vu-an-hinh-su-tam-dinh-chi-5AC85.html
2025-05-14 06:48:19,671 - INFO - Found link: https://lawnet.vn/vb/Quyet-dinh-1559-QD-BTP-2017-Ke-hoach-trien-khai-thi-hanh-Bo-luat-Hinh-su-58832.html
2025-05-14 06:48:19,675 - INFO - Found link: https://lawnet.vn/vb/Thong-tu-34-2017-TT-BCA-nguoi-bi-tam-giu-nguoi-bi-tam-giam-gap-than-nhan-5CA7C.html
2025-05-14 06:48:19,678 - INFO - Found link: https://lawnet.vn/vb/Nghi-quyet-05-2017-NQ-HDTP-bieu-mau-van-ban-to-tung-ap-dung-xet-xu-luat-To-tung-hinh-su-4E492.html
2025-05-14 06:48:19,682 - INFO - Found link: https://lawnet.vn/vb/Quyet-dinh-1359-QD-TTg-2017-Ke-hoach-trien-khai-thi-hanh-Bo-luat-Hinh-su-5841B.html
2025-05-14 06:48:19,685 - INFO - Found link: https://lawnet.vn/cv/Cong-van-9353-VPCP-PL-2017-ban-hanh-nghi-dinh-huong-dan-thi-hanh-luat-580D0.html
2025-05-14 06:48:19,689 - INFO - Found link: https://lawnet.vn/vb/Quy-che-3461-QCPH-TCCS-BHXH-2017-phoi-hop-giua-Tong-cuc-Canh-sat-va-Bao-hiem-xa-hoi-Viet-Nam-59013.html
2025-05-14 06:48:19,692 - INFO - Found link: https://lawnet.vn/cv/Cong-van-3010-VKSTC-V14-2017-huong-dan-41-2017-QH14-ve-thi-hanh-Bo-luat-Hinh-su-nam-2015-579FC.html
2025-05-14 06:48:19,696 - INFO - Found link: https://lawnet.vn/vb/Quyet-dinh-151-QD-TANDTC-2017-ke-hoach-trien-khai-thi-hanh-Bo-luat-Hinh-su-41-2017-QH14-577DB.html
2025-05-14 06:48:19,700 - INFO - Found link: https://lawnet.vn/cv/Cong-van-256-TANDTC-PC-2017-thi-hanh-khoan-2-Dieu-2-Nghi-quyet-41-2017-QH14-5737C.html
2025-05-14 06:48:19,703 - INFO - Found link: https://lawnet.vn/cv/Cong-van-1863-BHXH-VP-2017-thong-tin-tuyen-truyen-ve-Bo-Luat-Hinh-su-Ha-Noi-58376.html
2025-05-14 06:48:19,708 - INFO - Found link: https://lawnet.vn/cv/Cong-van-1864-BHXH-VP-2017-thong-tin-tuyen-truyen-ve-Bo-Luat-Hinh-su-Ha-Noi-58377.html
2025-05-14 06:48:19,713 - INFO - Found link: https://lawnet.vn/cv/Cong-van-148-TANDTC-PC-2017-thi-hanh-Bo-luat-Hinh-su-2015-Nghi-quyet-41-2017-QH14-56952.html
2025-05-14 06:48:19,718 - INFO - Found link: https://lawnet.vn/vb/Huong-dan-27-HD-VKSTC-2017-thuc-hien-kiem-sat-co-so-giam-giu-co-quan-thi-hanh-an-hinh-su-56A12.html
2025-05-14 06:48:19,723 - INFO - Found link: https://lawnet.vn/cv/Cong-van-2565-VKSTC-V8-2017-Huong-dan-truc-tiep-kiem-sat-Co-so-giam-giu-thi-hanh-an-hinh-su-56A11.html
2025-05-14 06:48:19,727 - INFO - Found link: https://lawnet.vn/vb/Van-ban-hop-nhat-01-VBHN-VPQH-2017-Bo-luat-Hinh-su-58C87.html
2025-05-14 06:48:20,565 - INFO - Found link: https://lawnet.vn/vb/Lenh-cong-bo-Luat-sua-doi-Bo-luat-Hinh-su-2017-579E3.html
2025-05-14 06:48:20,568 - INFO - Found link: https://lawnet.vn/cv/Cong-van-6443-VPCP-V-I-2017-xu-ly-van-chuyen-trai-phep-nga-voi-5621E.html
2025-05-14 06:48:20,572 - INFO - Found link: https://lawnet.vn/vb/Luat-sua-doi-Bo-luat-Hinh-su-2017-56705.html
2025-05-14 06:48:20,576 - INFO - Found link: https://lawnet.vn/vb/Nghi-quyet-41-2017-QH14-thi-hanh-Bo-luat-Hinh-su-100-2015-QH13-duoc-sua-doi-tai-12-2017-QH14-5666C.html
2025-05-14 06:48:20,579 - INFO - Found link: https://lawnet.vn/vb/Thong-bao-49-2019-TB-LPQT-hieu-luc-Hiep-dinh-tuong-tro-tu-phap-hinh-su-giua-Viet-Nam-Ca-dac-xtan-6B069.html
2025-05-14 06:48:20,583 - INFO - Found link: https://lawnet.vn/vb/Thong-bao-04-2019-TB-LPQT-hieu-luc-Hiep-dinh-ve-hop-tac-phong-chong-toi-pham-giua-Viet-Nam-Sec-63DDD.html
2025-05-14 06:48:20,586 - INFO - Found link: https://lawnet.vn/vb/Thong-bao-34-2019-TB-LPQT-hieu-luc-Hiep-dinh-chuyen-giao-nguoi-bi-ke%CC%81t-an-giua-Viet-Nam-Sec-6A884.html
2025-05-14 06:48:20,590 - INFO - Found link: https://lawnet.vn/cv/Cong-van-4739-VPCP-V-I-2017-xet-xu-tranh-chap-giua-Ngan-hang-Hang-Hai-Viet-Nam-Cong-ty-Quoc-Han-55296.html
2025-05-14 06:48:20,593 - INFO - Found link: https://lawnet.vn/cv/Cong-van-91-TANDTC-PC-xu-ly-hanh-vi-tang-tru-van-chuyen-buon-ban-phao-no-noi-dia-2017-54D78.html
2025-05-14 06:48:20,597 - INFO - Found link: https://lawnet.vn/cv/Cong-van-3920-VPCP-NN-xu-ly-khai-thac-van-chuyen-go-nghien-tai-Ha-Giang-2017-54A7A.html
2025-05-14 06:48:20,601 - INFO - Found link: https://lawnet.vn/vb/Quyet-dinh-1212-QD-UBND-2017-phong-chong-toi-pham-giet-nguoi-co-y-gay-thuong-tich-Thanh-Hoa-55212.html
2025-05-14 06:48:20,605 - INFO - Found link: https://lawnet.vn/vb/Quyet-dinh-199-QD-TTg-Chuong-trinh-thuc-hien-05-KL-TW-phong-chong-toi-pham-trong-tinh-hinh-moi-2017-52E99.html
2025-05-14 06:48:20,611 - INFO - Found link: https://lawnet.vn/cv/Cong-van-1096-VPCP-V-I-bat-giu-thanh-cong-vu-van-chuyen-45-kg-ma-tuy-30-banh-heroin-tai-Nam-Dinh-2017-52D8A.html
2025-05-14 06:48:20,615 - INFO - Found link: https://lawnet.vn/cv/Cong-van-1032-VPCP-V-I-bat-giu-vu-van-chuyen-08-kg-ma-tuy-qua-Cua-khau-san-bay-Tan-Son-Nhat-2017-52C96.html
2025-05-14 06:48:20,620 - INFO - Found link: https://lawnet.vn/cv/Cong-van-34-TTLLTPQG-TTrC-2017-huong-dan-thuc-hien-duong-nhien-duoc-xoa-an-tich-58A7C.html
2025-05-14 06:48:20,624 - INFO - Found link: https://lawnet.vn/cv/Cong-van-06-TANDTC-PC-xu-ly-hinh-su-hanh-vi-tang-tru-van-chuyen-buon-ban-phao-no-2017-5275F.html
2025-05-14 06:48:20,628 - INFO - Found link: https://lawnet.vn/vb/Quyet-dinh-02-2017-QD-UBND-bai-bo-60-2014-QD-UBND-Phu-Yen-52DF3.html
2025-05-14 06:48:20,632 - INFO - Found link: https://lawnet.vn/vb/Quyet-dinh-01-2017-QD-UBND-phoi-hop-phong-chong-toi-pham-linh-vuc-thong-tin-truyen-thong-Lam-Dong-523C3.html
2025-05-14 06:48:20,636 - INFO - Found link: https://lawnet.vn/cv/Cong-van-327-TANDTC-PC-huong-dan-Toa-an-cac-cap-thuc-hien-cac-quy-dinh-co-loi-cho-nguoi-pham-toi-2016-518E3.html
2025-05-14 06:48:20,639 - INFO - Found link: https://lawnet.vn/cv/Cong-van-9310-VPCP-V-I-xu-ly-vu-viec-van-chuyen-trai-phep-nga-voi-2016-50100.html
2025-05-14 06:48:22,111 - INFO - Found link: https://lawnet.vn/cv/Cong-van-9033-VPCP-NC-vu-giet-bao-ve-rung-tai-Dak-Nong-2016-4FC54.html
2025-05-14 06:48:22,114 - INFO - Found link: https://lawnet.vn/vb/Chi-thi-06-CT-BCA-C41-cong-tac-phong-chong-toi-pham-trat-tu-xa-hoi-nong-thon-tinh-hinh-hien-nay-2016-50272.html
2025-05-14 06:48:22,118 - INFO - Found link: https://lawnet.vn/vb/Quyet-dinh-2834-QD-UBND-Chien-luoc-quoc-gia-phong-chong-toi-pham-Thai-Binh-2016-2025-2030-4FC79.html
2025-05-14 06:48:22,121 - INFO - Found link: https://lawnet.vn/cv/Cong-van-306-TANDTC-PC-ap-dung-tinh-tiet-bo-tron-de-chiem-doat-tai-san-khi-giai-quyet-vu-an-2016-5187C.html
2025-05-14 06:48:22,125 - INFO - Found link: https://lawnet.vn/cv/Cong-van-301-TANDTC-PC-quy-dinh-co-loi-cho-nguoi-pham-toi-Bo-luat-hinh-su-2015-2016-4FB6C.html
2025-05-14 06:48:22,128 - INFO - Found link: https://lawnet.vn/vb/Quyet-dinh-2388-QD-UBND-Chien-luoc-phong-chong-toi-pham-Vinh-Long-2016-2025-2030-53DB3.html
2025-05-14 06:48:22,132 - INFO - Found link: https://lawnet.vn/cv/Cong-van-8522-VPCP-V-I-xu-ly-vu-viec-van-chuyen-trai-phep-nga-voi-2016-4F685.html
2025-05-14 06:48:22,135 - INFO - Found link: https://lawnet.vn/vb/Quyet-dinh-2333-QD-UBND-thuc-hien-111-2015-QH13-phong-chong-vi-pham-phap-luat-Vinh-Long-2016-53DAB.html
2025-05-14 06:48:22,138 - INFO - Found link: https://lawnet.vn/vb/Quyet-dinh-1533-QD-BCD-Ban-Chi-dao-phong-chong-toi-pham-te-nan-xa-hoi-phong-trao-Bac-Giang-2016-4F9A3.html
2025-05-14 06:48:22,142 - INFO - Found link: https://lawnet.vn/vb/Quyet-dinh-3068-QD-TCHQ-nhiem-vu-quyen-han-to-chuc-cua-doi-dieu-tra-hinh-su-chong-buon-lau-2016-4ED15.html
2025-05-14 06:48:22,146 - INFO - Found link: https://lawnet.vn/vb/Quyet-dinh-1972-QD-BTC-xay-dung-de-an-phong-chong-toi-pham-tai-chinh-chung-khoan-xuat-nhap-khau-2016-4EC1D.html
2025-05-14 06:48:22,149 - INFO - Found link: https://lawnet.vn/cv/Cong-van-276-TANDTC-PC-huong-dan-ap-dung-quy-dinh-co-loi-nguoi-pham-toi-Bo-luat-hinh-su-2015-2016-4E9A2.html
2025-05-14 06:48:22,152 - INFO - Found link: https://lawnet.vn/vb/Quyet-dinh-44-2016-QD-UBND-bai-bo-35-2011-QD-UBND-phong-chong-toi-pham-linh-vuc-truyen-thong-Long-An-4F088.html
2025-05-14 06:48:22,156 - INFO - Found link: https://lawnet.vn/vb/Thong-bao-34-2020-TB-LPQT-hieu-luc-Hiep-dinh-tuong-tro-tu-phap-hinh-su-giua-Viet-Nam-Phap-6D1A2.html
2025-05-14 06:48:22,159 - INFO - Found link: https://lawnet.vn/vb/Thong-bao-33-2020-TB-LPQT-hieu-luc-cua-Hiep-dinh-dan-do-giua-Viet-Nam-Phap-6D1A1.html
2025-05-14 06:48:22,163 - INFO - Found link: https://lawnet.vn/vb/Quyet-dinh-1763-QD-UBND-2017-thuc-hien-Ke-hoach-11-KH-TU-trien-khai-Chi-thi-50-CT-TW-Tra-Vinh-58A3B.html
2025-05-14 06:48:22,166 - INFO - Found link: https://lawnet.vn/vb/Quyet-dinh-1902-QD-UBND-quan-ly-su-dung-Quy-phong-chong-toi-pham-Lam-Dong-2016-4E644.html
2025-05-14 06:48:22,170 - INFO - Found link: https://lawnet.vn/vb/Quyet-dinh-1681-QD-TTg-thuc-hien-Nghi-quyet-96-2015-QH13-phong-chong-oan-sai-bao-dam-boi-thuong-2016-4E5AF.html
2025-05-14 06:48:22,173 - INFO - Found link: https://lawnet.vn/vb/Quyet-dinh-2045-QD-UBND-thuc-hien-Nghi-quyet-cong-tac-phong-chong-vi-pham-phap-luat-Phu-Yen-2016-4E83D.html
2025-05-14 06:48:22,177 - INFO - Found link: https://lawnet.vn/cv/Cong-van-2955-CSDT-C44-giai-quyet-cac-vu-ve-ma-tuy-2016-4F28E.html
2025-05-14 06:48:23,031 - INFO - Found link: https://lawnet.vn/vb/Quyet-dinh-1729-QD-BTP-cong-tac-phong-chong-vi-pham-phap-luat-toi-pham-cong-tac-thi-hanh-an-2016-4E2D4.html
2025-05-14 06:48:23,035 - INFO - Found link: https://lawnet.vn/cv/Cong-van-6721-VPCP-NC-vu-giet-nguoi-dac-biet-nghiem-trong-tai-huyen-Bat-Xat-Lao-Cai-2016-4E0C2.html
2025-05-14 06:48:23,038 - INFO - Found link: https://lawnet.vn/vb/Quyet-dinh-5400-QD-UBND-de-an-khong-co-giet-nguoi-de-cuop-tai-san-Da-Nang-2020-2016-4EC37.html
2025-05-14 06:48:23,042 - INFO - Found link: https://lawnet.vn/vb/Quyet-dinh-1379-QD-TTg-thuc-hien-cong-tac-phong-chong-vi-pham-phap-luat-toi-pham-thi-hanh-an-2016-4D704.html
2025-05-14 06:48:23,045 - INFO - Found link: https://lawnet.vn/cv/Cong-van-5747-VPCP-NC-su-dung-sung-giet-nguoi-dac-biet-nghiem-trong-Ha-Nam-2016-4D678.html
2025-05-14 06:48:23,049 - INFO - Found link: https://lawnet.vn/vb/Nghi-quyet-01-2016-NQ-HDTP-huong-dan-ap-dung-quy-dinh-khoan-3-dieu-7-bo-luat-hinh-su-2015-4D4EB.html
2025-05-14 06:48:23,052 - INFO - Found link: https://lawnet.vn/vb/Lenh-10-2016-L-CTN-cong-bo-Nghi-quyet-144-2016-QH13-lui-hieu-luc-thi-hanh-Bo-luat-hinh-su-to-tung-hinh-su-4D655.html
2025-05-14 06:48:23,056 - INFO - Found link: https://lawnet.vn/vb/Quyet-dinh-1951-QD-UBND-thanh-lap-quan-ly-su-dung-quy-phong-chong-toi-pham-Lao-Cai-2016-4EEB6.html
2025-05-14 06:48:23,059 - INFO - Found link: https://lawnet.vn/vb/Huong-dan-lien-nganh-1946-HDLN-CT-CA-2016-phong-chong-toi-pham-thue-Nghe-An-7DB4B.html
2025-05-14 06:48:23,063 - INFO - Found link: https://lawnet.vn/cv/Cong-van-2307-VKSTC-V8-huong-dan-thuc-hien-noi-dung-lien-quan-den-bat-tam-giu-tam-giam-2016-4CF91.html
2025-05-14 06:48:23,066 - INFO - Found link: https://lawnet.vn/vb/Quyet-dinh-1643-QD-UBND-chuong-trinh-phong-chong-mua-ban-nguoi-Binh-Thuan-2016-2020-51A50.html
2025-05-14 06:48:23,070 - INFO - Found link: https://lawnet.vn/vb/Quyet-dinh-714-QD-UBND-Ke-hoach-trien-khai-thi-hanh-luat-thi-hanh-tam-giu-tam-giam-Ninh-Binh-2016-4CFE4.html
2025-05-14 06:48:23,073 - INFO - Found link: https://lawnet.vn/vb/Quyet-dinh-715-QD-UBND-ke-hoach-trien-khai-thi-hanh-luat-to-chuc-co-quan-dieu-tra-hinh-su-Ninh-Binh-2016-4CFE5.html
2025-05-14 06:48:23,077 - INFO - Found link: https://lawnet.vn/vb/Quyet-dinh-1389-QD-UBND-thuc-hien-chien-luoc-quoc-gia-phong-chong-toi-pham-Hoa-Binh-2016-2025-4C6AE.html
2025-05-14 06:48:23,080 - INFO - Found link: https://lawnet.vn/cv/Cong-van-1531-C45-P8-2016-huong-dan-dieu-tra-xu-ly-toi-Dieu-250-Bo-luat-hinh-su-56470.html
2025-05-14 06:48:23,084 - INFO - Found link: https://lawnet.vn/vb/Chi-thi-07-CT-UBND-tang-cuong-cong-tac-phat-hien-xu-ly-vu-viec-vu-an-tham-nhung-Phu-Tho-2016-4CD08.html
2025-05-14 06:48:23,088 - INFO - Found link: https://lawnet.vn/vb/Quyet-dinh-1164-QD-UBND-ke-hoach-trien-khai-thi-hanh-Luat-Thi-hanh-tam-giu-tam-giam-Son-La-2016-4CF31.html
2025-05-14 06:48:23,091 - INFO - Found link: https://lawnet.vn/vb/Quyet-dinh-21-2016-QD-UBND-phoi-hop-tam-thoi-quan-ly-su-dung-Quy-phong-chong-toi-pham-Bac-Ninh-4C1A2.html
2025-05-14 06:48:23,094 - INFO - Found link: https://lawnet.vn/vb/Quyet-dinh-640-QD-UBND-ke-hoach-trien-khai-thi-hanh-Bo-luat-To-tung-hinh-su-Dien-Bien-2016-4D1E9.html
2025-05-14 06:48:23,098 - INFO - Found link: https://lawnet.vn/vb/Quyet-dinh-638-QD-UBND-ke-hoach-trien-khai-thi-hanh-Luat-thi-hanh-tam-giu-tam-giam-Dien-Bien-2016-4D1E8.html
2025-05-14 06:48:24,075 - INFO - Found link: https://lawnet.vn/vb/Quyet-dinh-1093-QD-UBND-ke-hoach-trien-khai-thi-hanh-luat-to-chuc-co-quan-dieu-tra-hinh-su-Son-La-2016-4EF11.html
2025-05-14 06:48:24,078 - INFO - Found link: https://lawnet.vn/vb/Quyet-dinh-1080-QD-UBND-thanh-lap-Hoi-dong-dinh-gia-tai-san-trong-to-tung-hinh-su-Ha-Tinh-2016-4C12E.html
2025-05-14 06:48:24,082 - INFO - Found link: https://lawnet.vn/cv/Cong-van-1620-VKSTC-V2-2016-vu-an-Chua-chap-tieu-thu-tai-san-sua-doi-Thong-tu-lien-tich-09-2011-56471.html
2025-05-14 06:48:24,085 - INFO - Found link: https://lawnet.vn/vb/Quyet-dinh-1239-QD-UBND-trien-khai-thi-hanh-luat-thi-hanh-tam-giu-tam-giam-Dak-Lak-2016-4C4F1.html
2025-05-14 06:48:24,089 - INFO - Found link: https://lawnet.vn/vb/Quyet-dinh-1238-QD-UBND-trien-khai-thi-hanh-luat-to-chuc-co-quan-dieu-tra-hinh-su-Dak-Lak-2016-4C4F0.html
2025-05-14 06:48:24,093 - INFO - Found link: https://lawnet.vn/vb/Quyet-dinh-1053-QD-UBND-trien-khai-thi-hanh-bo-luat-to-tung-hinh-su-Son-La-2016-4F11E.html
2025-05-14 06:48:24,096 - INFO - Found link: https://lawnet.vn/vb/Quyet-dinh-1047-QD-UBND-Ke-hoach-trien-khai-thi-hanh-Bo-Luat-Hinh-su-Tay-Ninh-2016-4FFF8.html
2025-05-14 06:48:24,100 - INFO - Found link: https://lawnet.vn/vb/Chi-thi-12-CT-TTg-cong-tac-phat-hien-xu-ly-vu-viec-vu-an-tham-nhung-2016-4BA93.html
2025-05-14 06:48:24,103 - INFO - Found link: https://lawnet.vn/vb/Quyet-dinh-677-QD-UBND-Chuong-trinh-phong-chong-mua-ban-nguoi-Quang-Ngai-2016-2020-4BA46.html
2025-05-14 06:48:24,107 - INFO - Found link: https://lawnet.vn/vb/Quyet-dinh-659-QD-UBND-trien-khai-thuc-hien-chuong-trinh-phong-chong-mua-ban-nguoi-Ca-Mau-2016-2020-4BC48.html
2025-05-14 06:48:24,110 - INFO - Found link: https://lawnet.vn/vb/Quyet-dinh-623-QD-TTg-phe-duyet-Chien-luoc-quoc-gia-phong-chong-toi-pham-2016-2025-2030-4B6B5.html
2025-05-14 06:48:24,113 - INFO - Found link: https://lawnet.vn/vb/Quyet-dinh-653-QD-UBND-Ke-hoach-thi-hanh-Luat-To-chuc-co-quan-dieu-tra-hinh-su-Ca-Mau-2016-4BCB2.html
2025-05-14 06:48:24,117 - INFO - Found link: https://lawnet.vn/vb/Quyet-dinh-654-QD-UBND-Ke-hoach-trien-khai-thi-hanh-Bo-luat-To-tung-hinh-su-Ca-Mau-2016-4BC47.html
2025-05-14 06:48:24,121 - INFO - Found link: https://lawnet.vn/cv/Cong-van-100-TANDTC-PC-2016-truy-cuu-trach-nhiem-hinh-su-chua-chap-tai-san-do-nguoi-khac-pham-toi-ma-co-8D560.html
2025-05-14 06:48:24,124 - INFO - Found link: https://lawnet.vn/vb/Quyet-dinh-1147-QD-UBND-Ke-hoach-trien-khai-thi-hanh-Bo-luat-Hinh-su-Binh-Dinh-2016-4CBAE.html
2025-05-14 06:48:24,128 - INFO - Found link: https://lawnet.vn/cv/Cong-van-80-TANDTC-PC-xu-ly-danh-bac-trai-phep-duoi-5000000-dong-2016-4B078.html
2025-05-14 06:48:24,131 - INFO - Found link: https://lawnet.vn/vb/Quyet-dinh-515-QD-UBND-ke-hoach-trien-khai-thi-hanh-bo-luat-hinh-su-Ca-Mau-2016-4B237.html
2025-05-14 06:48:24,135 - INFO - Found link: https://lawnet.vn/vb/Quyet-dinh-703-QD-UBND-thanh-lap-Hoi-dong-dinh-gia-tai-san-trong-to-tung-hinh-su-Ha-Tinh-2016-4C313.html
2025-05-14 06:48:24,138 - INFO - Found link: https://lawnet.vn/vb/Thong-bao-31-2017-TB-LPQT-hieu-luc-Hiep-dinh-tuong-tro-tu-phap-hinh-su-Viet-Nam-Hunggari-571B8.html
2025-05-14 06:48:24,142 - INFO - Found link: https://lawnet.vn/vb/Quyet-dinh-753-QD-BNN-PC-ke-hoach-trien-khai-thi-hanh-Bo-luat-Hinh-su-2016-4A9D5.html
2025-05-14 06:48:25,565 - INFO - Found link: https://lawnet.vn/vb/Quyet-dinh-370-QD-TTg-trien-khai-thi-hanh-luat-to-chuc-co-quan-dieu-tra-hinh-su-2016-4A779.html
2025-05-14 06:48:25,569 - INFO - Found link: https://lawnet.vn/vb/Quyet-dinh-372-QD-TTg-thi-hanh-luat-thi-hanh-tam-giu-tam-giam-2016-4A77A.html
2025-05-14 06:48:25,572 - INFO - Found link: https://lawnet.vn/vb/Quyet-dinh-371-QD-TTg-thi-hanh-bo-luat-to-tung-hinh-su-2016-4A789.html
2025-05-14 06:48:25,576 - INFO - Found link: https://lawnet.vn/vb/Quyet-dinh-206-QD-UBND-quy-che-phoi-hop-kiem-soat-cac-hoat-dong-hop-phap-lien-quan-den-ma-tuy-Son-La-49F93.html
2025-05-14 06:48:25,579 - INFO - Found link: https://lawnet.vn/vb/Van-ban-hop-nhat-08-VBHN-BCA-Thong-tu-lien-tich-huong-dan-ap-dung-Cac-toi-pham-ve-ma-tuy-497DF.html
2025-05-14 06:48:25,583 - INFO - Found link: https://lawnet.vn/cv/Cong-van-326-TANDTC-PC-thi-hanh-khoan-2-Dieu-1-Nghi-quyet-109-2015-QH13-2015-54A0B.html
2025-05-14 06:48:25,586 - INFO - Found link: https://lawnet.vn/vb/Quyet-dinh-2546-QD-TTg-chuong-trinh-phong-chong-mua-ban-nguoi-giai-doan-2016-2020-493F4.html
2025-05-14 06:48:25,590 - INFO - Found link: https://lawnet.vn/cv/Cong-van-315-TANDTC-PC-2015-thuc-hien-Thong-tu-lien-tich-huong-dan-toi-pham-ve-ma-tuy-5A69E.html
2025-05-14 06:48:25,593 - INFO - Found link: https://lawnet.vn/vb/Lenh-cong-bo-Bo-luat-to-tung-hinh-su-2015-49663.html
2025-05-14 06:48:25,597 - INFO - Found link: https://lawnet.vn/vb/Lenh-cong-bo-Nghi-quyet-thi-hanh-Bo-luat-to-tung-hinh-su-2015-49664.html
2025-05-14 06:48:25,600 - INFO - Found link: https://lawnet.vn/vb/Chi-thi-so-50-CT-TW-tang-cuong-su-lanh-dao-Dang-cong-tac-phat-hien-xu-ly-vu-viec-vu-an-tham-nhung-2015-4945F.html
2025-05-14 06:48:25,604 - INFO - Found link: https://lawnet.vn/vb/Bo-luat-to-tung-hinh-su-2015-487B4.html
2025-05-14 06:48:25,607 - INFO - Found link: https://lawnet.vn/vb/Bo-luat-hinh-su-2015-486D5.html
2025-05-14 06:48:25,611 - INFO - Found link: https://lawnet.vn/vb/Luat-to-chuc-co-quan-dieu-tra-hinh-su-2015-48D8A.html
2025-05-14 06:48:25,614 - INFO - Found link: https://lawnet.vn/vb/Thong-tu-lien-tich-27-2015-TTLT-BCT-BCA-VKSNDTC-TANDTC-huong-dan-chuyen-ho-so-vu-trom-cap-dien-46342.html
2025-05-14 06:48:25,618 - INFO - Found link: https://lawnet.vn/vb/Chi-thi-04-CT-VKSTC-2015-phong-chong-oan-sai-trach-nhiem-giai-quyet-boi-thuong-thiet-hai-59317.html
2025-05-14 06:48:25,621 - INFO - Found link: https://lawnet.vn/vb/Nghi-quyet-96-2015-QH13-phong-chong-oan-sai-bao-dam-boi-thuong-cho-nguoi-bi-thiet-hai-to-tung-hinh-su-45208.html
2025-05-14 06:48:25,625 - INFO - Found link: https://lawnet.vn/vb/Thong-bao-50-2017-TB-LPQT-hieu-luc-Hiep-dinh-hop-tac-chong-toi-pham-Viet-Nam-Bun-ga-ri-5B8B8.html
2025-05-14 06:48:25,628 - INFO - Found link: https://lawnet.vn/vb/Quyet-dinh-1059-QD-TCHQ-2015-thanh-lap-Nhom-lam-viec-trien-khai-Chuong-trinh-Kiem-soat-Cong-ten-no-422C7.html
2025-05-14 06:48:25,632 - INFO - Found link: https://lawnet.vn/vb/Quyet-dinh-65-2014-QD-UBND-che-do-ho-tro-cong-tac-giam-dinh-phap-y-tam-than-ky-thuat-hinh-su-Binh-Duong-42862.html
2025-05-14 06:48:26,595 - INFO - Found link: https://lawnet.vn/vb/Nghi-quyet-178-2014-NQ-HDND-phong-chong-vi-pham-phap-luat-toi-pham-Long-An-471CB.html
2025-05-14 06:48:26,608 - INFO - Found link: https://lawnet.vn/vb/Quyet-dinh-590-QD-VKSTC-V3-2014-lap-ho-so-kiem-sat-an-hinh-su-43E30.html
2025-05-14 06:48:26,614 - INFO - Found link: https://lawnet.vn/vb/Nghi-quyet-821-NQ-UBTVQH13-2014-thanh-lap-Doan-giam-sat-Tinh-hinh-oan-sai-3E59A.html
2025-05-14 06:48:26,624 - INFO - Found link: https://lawnet.vn/vb/Quyet-dinh-41-2014-QD-UBND-thanh-lap-quan-ly-su-dung-Quy-Phong-chong-toi-pham-Long-An-3D3E5.html
2025-05-14 06:48:26,640 - INFO - Found link: https://lawnet.vn/vb/Quyet-dinh-1491-QD-NHNN-2014-thuc-hien-312-QD-TTg-phong-chong-toi-pham-nganh-ngan-hang-3DDFF.html
2025-05-14 06:48:26,644 - INFO - Found link: https://lawnet.vn/vb/Quyet-dinh-2260-QD-UBND-nam-2014-thanh-lap-Quy-Phong-chong-toi-pham-Dong-Nai-3B2B5.html
2025-05-14 06:48:26,648 - INFO - Found link: https://lawnet.vn/vb/Thong-bao-77-2016-TB-LPQT-hieu-luc-hiep-dinh-hop-tac-dau-tranh-phong-chong-toi-pham-Viet-Nam-I-ta-li-a-528C7.html
2025-05-14 06:48:26,652 - INFO - Found link: https://lawnet.vn/vb/Quyet-dinh-899-QD-UBND-nam-2014-thanh-lap-quan-ly-su-dung-Quy-phong-chong-toi-pham-Tien-Giang-38297.html
2025-05-14 06:48:26,657 - INFO - Found link: https://lawnet.vn/vb/Nghi-dinh-25-2014-ND-CP-phong-chong-toi-pham-vi-pham-phap-luat-co-su-dung-cong-nghe-cao-371CB.html
2025-05-14 06:48:26,661 - INFO - Found link: https://lawnet.vn/vb/Quyet-dinh-521-QD-UBND-2014-Ke-hoach-thuc-hien-Quyet-dinh-312-QD-TTg-phong-chong-toi-pham-Ca-Mau-384DE.html
2025-05-14 06:48:26,665 - INFO - Found link: https://lawnet.vn/vb/Thong-tu-lien-tich-13-2013-TTLT-BCA-BQP-VKSNDTC-TANDTC-huong-dan-Bo-luat-to-tung-hinh-su-35CC9.html
2025-05-14 06:48:26,669 - INFO - Found link: https://lawnet.vn/vb/Chi-thi-22-CT-UBND-nam-2013-dau-tranh-phong-chong-te-nan-co-bac-so-de-Ha-Noi-33AC4.html
2025-05-14 06:48:26,672 - INFO - Found link: https://lawnet.vn/vb/Thong-tu-lien-tich-09-2013-TTLT-BCA-BQP-BTP-VKSNDTC-TANDTC-xam-pham-trat-tu-an-toan-giao-thong-33644.html
2025-05-14 06:48:26,676 - INFO - Found link: https://lawnet.vn/vb/Thong-tu-lien-tich-02-2013-TTLT-VKSNDTC-TANDTC-BCA-BTP-BNG-tiep-nhan-chuyen-giao-ho-so-vat-chung-33547.html
2025-05-14 06:48:26,679 - INFO - Found link: https://lawnet.vn/vb/Thong-tu-lien-tich-10-2013-TTLT-BTP-BCA-TANDTC-VKSNDTC-BTC-huong-dan-BLHS-1999-308B8.html
2025-05-14 06:48:26,683 - INFO - Found link: https://lawnet.vn/vb/Quyet-dinh-1871-QD-UBND-phoi-hop-xu-ly-viec-co-dau-hieu-vi-pham-hinh-su-doi-voi-hanh-vi-vi-pham-hanh-chinh-ve-hang-gia-xam-pham-quyen-so-huu-tri-tue-33063.html
2025-05-14 06:48:26,686 - INFO - Found link: https://lawnet.vn/vb/Thong-tu-lien-tich-02-2013-TTLT-BCA-BQP-TANDTC-VKSNDTC-huong-dan-thi-hanh-2F4C4.html
2025-05-14 06:48:26,690 - INFO - Found link: https://lawnet.vn/vb/Thong-tu-lien-tich-03-2013-TTLT-BCA-TANDTC-VKSNDTC-BQP-BYT-huong-dan-an-phat-tu-2F4C6.html
2025-05-14 06:48:26,693 - INFO - Found link: https://lawnet.vn/vb/Quyet-dinh-807-QD-NHNN-2013-Ke-hoach-chuong-trinh-muc-tieu-quoc-gia-phong-chong-toi-pham-3DE0B.html
2025-05-14 06:48:26,697 - INFO - Found link: https://lawnet.vn/vb/Quyet-dinh-11-2013-QD-UBND-phong-chong-toi-pham-thong-tin-truyen-thong-Soc-Trang-2CDE3.html
2025-05-14 06:48:28,051 - INFO - Found link: https://lawnet.vn/vb/Quyet-dinh-648-QD-UBND-nam-2012-Ke-hoach-thuc-hien-Chuong-trinh-muc-tieu-25A27.html
2025-05-14 06:48:28,055 - INFO - Found link: https://lawnet.vn/vb/Quyet-dinh-1775-QD-UBND-nam-2012-Ke-hoach-thuc-hien-Chuong-trinh-muc-tieu-251EB.html
2025-05-14 06:48:28,058 - INFO - Found link: https://lawnet.vn/vb/Quyet-dinh-1450-QD-UBND-nam-2012-Ke-hoach-thuc-hien-Chuong-trinh-muc-tieu-24EBF.html
2025-05-14 06:48:28,062 - INFO - Found link: https://lawnet.vn/vb/Thong-tu-lien-tich-13-2012-TTLT-BCA-BTP-VKSNDTC-TANDTC-huong-dan-Bo-luat-to-tung-24B0C.html
2025-05-14 06:48:28,066 - INFO - Found link: https://lawnet.vn/vb/Quyet-dinh-1236-QD-TTg-nam-2012-phe-duyet-Ke-hoach-tong-ket-thi-hanh-Bo-luat-23FD5.html
2025-05-14 06:48:28,069 - INFO - Found link: https://lawnet.vn/vb/Thong-tu-lien-tich-10-2012-TTLT-BCA-BQP-BTP-BTTTT-VKSNDTC-TANDTC-huong-dan-24585.html
2025-05-14 06:48:28,073 - INFO - Found link: https://lawnet.vn/vb/Quyet-dinh-2332-QD-UBND-Chuong-trinh-hanh-dong-phong-chong-toi-pham-mua-ban-223AD.html
2025-05-14 06:48:28,077 - INFO - Found link: https://lawnet.vn/vb/Quyet-dinh-911-QD-UBND-nam-2012-phong-chong-toi-pham-mua-ban-nguoi-2012-2015-23401.html
2025-05-14 06:48:28,080 - INFO - Found link: https://lawnet.vn/vb/Quyet-dinh-188-QD-UBND-Chuong-trinh-hanh-dong-phong-chong-toi-pham-21BBB.html
2025-05-14 06:48:28,084 - INFO - Found link: https://lawnet.vn/vb/Quyet-dinh-86-QD-UBND-2012-thanh-lap-BCD-phong-chong-toi-pham-bao-ve-an-ninh-Binh-Phuoc-38475.html
2025-05-14 06:48:28,087 - INFO - Found link: https://lawnet.vn/vb/Thong-tu-lien-tich-09-2011-TTLT-BCA-BQP-BTP-NHNNVN-VKSNDTC-TANDTC-20933.html
2025-05-14 06:48:28,091 - INFO - Found link: https://lawnet.vn/vb/Quyet-dinh-3087-QD-UBND-phong-chong-toi-pham-mua-ban-nguoi-20036.html
2025-05-14 06:48:28,094 - INFO - Found link: https://lawnet.vn/vb/Thong-tu-so-63-2011-TT-BCA-quy-dinh-cac-loai-bieu-mau-so-sach-ve-cong-tac-thi-hanh-an-hinh-su-31A5A.html
2025-05-14 06:48:28,098 - INFO - Found link: https://lawnet.vn/vb/Quyet-dinh-1427-QD-TTg-Chuong-trinh-hanh-dong-phong-chong-toi-1F45F.html
2025-05-14 06:48:28,101 - INFO - Found link: https://lawnet.vn/vb/Quyet-dinh-1173-QD-TTg-thi-hanh-Luat-Phong-chong-mua-ban-nguoi-1EEDF.html
2025-05-14 06:48:28,105 - INFO - Found link: https://lawnet.vn/vb/Thong-bao-hieu-luc-Hiep-dinh-hop-tac-trong-linh-vuc-phong-chong-toi-pham-20509.html
2025-05-14 06:48:28,108 - INFO - Found link: https://lawnet.vn/vb/Quyet-dinh-1039-QD-BNV-Ke-hoach-thuc-hien-Quyet-dinh-282-QD-TTg-1E55B.html
2025-05-14 06:48:28,112 - INFO - Found link: https://lawnet.vn/vb/Quyet-dinh-1576-QD-BCA-C41-kien-toan-Ban-Chi-dao-thuc-hien-Chuong-trinh-1E77C.html
2025-05-14 06:48:28,115 - INFO - Found link: https://lawnet.vn/vb/Quyet-dinh-218-QD-UBND-2011-lanh-dao-cong-tac-phong-chong-toi-pham-Binh-Dinh-2F9F7.html
2025-05-14 06:48:28,119 - INFO - Found link: https://lawnet.vn/vb/Quyet-dinh-410-QD-BCNDA4-Ke-hoach-hanh-dong-cua-De-an-4-1D944.html
2025-05-14 06:48:29,099 - INFO - Found link: https://lawnet.vn/vb/Quyet-dinh-282-QD-TTg-cong-tac-phong-chong-toi-pham-1D201.html
2025-05-14 06:48:29,102 - INFO - Found link: https://lawnet.vn/vb/Quyet-dinh-207-QD-TTg-phe-duyet-Hiep-dinh-hop-tac-phong-chong-buon-nguoi-2B36D.html
2025-05-14 06:48:29,106 - INFO - Found link: https://lawnet.vn/vb/Chi-thi-02-CT-UBND-2011-dau-tranh-ngan-chan-xu-ly-hanh-vi-danh-bac-to-chuc-danh-bac-Thanh-Hoa-463D6.html
2025-05-14 06:48:29,110 - INFO - Found link: https://lawnet.vn/vb/Quyet-dinh-15-QD-TTg-Ke-hoach-trien-khai-thi-hanh-Luat-Thi-hanh-an-hinh-su-1C984.html
2025-05-14 06:48:29,113 - INFO - Found link: https://lawnet.vn/vb/Chi-thi-25-CT-UBND-tang-cuong-cong-tac-dau-tranh-phong-chong-toi-pham-1C281.html
2025-05-14 06:48:29,116 - INFO - Found link: https://lawnet.vn/vb/Chi-thi-48-CT-TW-cong-tac-phong-chong-toi-pham-trong-tinh-hinh-moi-1F3D6.html
2025-05-14 06:48:29,120 - INFO - Found link: https://lawnet.vn/vb/Chi-thi-98-CT-BCStang-cuong-cong-tac-phong-chong-vi-pham-phap-luat-1BA35.html
2025-05-14 06:48:29,123 - INFO - Found link: https://lawnet.vn/vb/Thong-bao-hieu-luc-Hiep-dinh-ve-hop-tac-phong-chong-khung-bo-toi-pham-co-to-chu-1DCAD.html
2025-05-14 06:48:29,127 - INFO - Found link: https://lawnet.vn/vb/Quyet-dinh-782-QD-UBND-nam-2010-thanh-vien-ban-chi-dao-phong-chong-toi-pham-An-Giang-2D275.html
2025-05-14 06:48:29,130 - INFO - Found link: https://lawnet.vn/vb/Chi-thi-16-CT-UBND-2010-ve-tang-cuong-cong-tac-thi-hanh-an-hinh-su-Thua-Thien-Hue-46459.html
2025-05-14 06:48:29,134 - INFO - Found link: https://lawnet.vn/vb/Bao-cao-128-BC-LDTBXH-CT138-ket-qua-cong-tac-phong-chong-toi-pham-nganh-lao-dong-thuong-binh-va-xa-hoi-nam-2009-17E80.html
2025-05-14 06:48:29,138 - INFO - Found link: https://lawnet.vn/vb/Chi-thi-1762-CT-TTg-trien-khai-thi-hanh-luat-sua-doi-bo-sung-Bo-luat-hinh-su-Nghi-quyet-33-2009-QH12-17B1C.html
2025-05-14 06:48:29,141 - INFO - Found link: https://lawnet.vn/vb/Quyet-dinh-19-2009-QD-UBND-tuyen-truyen-van-dong-toan-dan-phong-chong-toi-pham-2A9BB.html
2025-05-14 06:48:29,145 - INFO - Found link: https://lawnet.vn/vb/Lenh-cong-bo-Luat-bo-sung-Bo-luat-Hinh-su-13-2009-L-CTN-16C1B.html
2025-05-14 06:48:29,149 - INFO - Found link: https://lawnet.vn/vb/Nghi-quyet-33-2009-QH12-thi-hanh-Luat-bo-sung-Bo-luat-Hinh-su-16421.html
2025-05-14 06:48:29,152 - INFO - Found link: https://lawnet.vn/vb/Thong-tu-lien-tich-06-2008-TTLT-BCA-VKSNDTC-TANDTC-huong-dan-truy-cuu-trach-nhiem-hinh-su-su-dung-trai-phep-phao-no-va-thuoc-phao-14709.html
2025-05-14 06:48:29,157 - INFO - Found link: https://lawnet.vn/vb/Chi-thi-26-CT-UBND-tang-cuong-cong-tac-bao-ve-moi-truong-phong-chong-toi-pham-1CD70.html
2025-05-14 06:48:29,160 - INFO - Found link: https://lawnet.vn/vb/Quyet-dinh-836-2008-QD-UBND-Quy-che-cong-tac-phoi-hop-phong-chong-toi-pham-25726.html
2025-05-14 06:48:29,165 - INFO - Found link: https://lawnet.vn/vb/Hiep-dinh-hop-tac-song-phuong-nham-loai-tru-nan-buon-ban-nguoi-phu-nu-tre-em-giup-do-nan-nhan-bi-buon-ban-giua-Viet-Nam-Thai-Lan-2008-162D9.html
2025-05-14 06:48:29,169 - INFO - Found link: https://lawnet.vn/vb/Quyet-dinh-245-QD-TTg-phe-duyet-de-an-tang-cuong-nang-luc-giao-duc-day-nghe-cho-pham-nhan-trong-cac-trai-giam-F6B0.html
2025-05-14 06:48:30,153 - INFO - Found link: https://lawnet.vn/vb/Quyet-dinh-107-2008-QD-UBND-quy-dinh-cong-tac-phoi-hop-phong-chong-toi-pham-trong-linh-vuc-buu-chinh-vien-thong-va-CNTT-tren-dia-ban-Thanh-Hoa-F0B7.html
2025-05-14 06:48:30,157 - INFO - Found link: https://lawnet.vn/vb/Thong-tu-lien-tich-17-2007-TTLT-BCA-VKSNDTC-TANDTC-BTP-huong-dan-ap-dung-quy-dinh-tai-Chuong-18-Cac-toi-pham-ve-ma-tuy-F0F3.html
2025-05-14 06:48:30,161 - INFO - Found link: https://lawnet.vn/vb/Quy-che-phoi-hop-5341-QCPH-TCHQ-TCCS-giua-luc-luong-Hai-quan-Canh-sat-nhan-dan-trong-dau-tranh-phong-chong-toi-pham-va-cac-hanh-vi-vi-pham-phap-luat-118B5.html
2025-05-14 06:48:30,165 - INFO - Found link: https://lawnet.vn/vb/Quyet-dinh-34-2007-QD-UBND-phong-chong-toi-pham-buu-chinh-vien-thong-Can-Tho-2E491.html
2025-05-14 06:48:30,168 - INFO - Found link: https://lawnet.vn/vb/Quyet-dinh-70-2007-QD-UBND-phoi-hop-phong-chong-toi-pham-buu-chinh-vien-thong-2E3EB.html
2025-05-14 06:48:30,172 - INFO - Found link: https://lawnet.vn/vb/Hiep-dinh-hop-tac-dau-tranh-phong-chong-khung-bo-quoc-te-toi-pham-co-to-chuc-buon-ban-trai-phep-chat-ma-tuy-chat-huong-than-tien-chat-2007-162D8.html
2025-05-14 06:48:30,175 - INFO - Found link: https://lawnet.vn/vb/Quyet-dinh-2486-QD-BNN-dinh-chinh-Thong-tu-lien-tich-19-2007-TTLT-BNNPTNT-BTP-BCA-VKSNDTC-TANDTC-toi-pham-quan-ly-bao-ve-rung-lam-san-D8DA.html
2025-05-14 06:48:30,179 - INFO - Found link: https://lawnet.vn/vb/Chi-thi-26-2007-CT-UBND-phong-chong-toi-pham-buon-ban-phu-nu-tre-em-Phu-Yen-2DEF0.html
2025-05-14 06:48:30,182 - INFO - Found link: https://lawnet.vn/vb/Chi-thi-15-2007-CT-UBND-phong-chong-toi-pham-buu-chinh-vien-thong-Quang-Ninh-2EB70.html
2025-05-14 06:48:30,186 - INFO - Found link: https://lawnet.vn/vb/Chi-thi-05-CT-TU-tang-cuong-lanh-dao-cong-tac-dau-tranh-phong-chong-toi-pham-dia-ban-Ho-Chi-Minh-E5AE.html
2025-05-14 06:48:30,189 - INFO - Found link: https://lawnet.vn/vb/Chi-thi-16-2007-CT-TTg-tang-cuong-thuc-hien-Chuong-trinh-hanh-dong-phong-chong-toi-pham-buon-ban-phu-nu-tre-em-56EC.html
2025-05-14 06:48:30,193 - INFO - Found link: https://lawnet.vn/vb/Chi-thi-18-2007-CT-UBND-phong-ngua-dau-tranh-chong-toi-pham-tien-gia-Dong-Thap-2DCB2.html
2025-05-14 06:48:30,197 - INFO - Found link: https://lawnet.vn/vb/Chi-thi-22-CT-UBND-nam-2007-phoi-hop-phong-chong-toi-pham-buu-chinh-vien-thong-Son-La-2DE05.html
2025-05-14 06:48:30,200 - INFO - Found link: https://lawnet.vn/vb/Thong-tu-04-2007-TT-BTC-huong-dan-lap-du-toan-quan-ly-su-dung-kinh-phi-ngan-sach-nha-nuoc-bao-dam-cong-tac-thong-ke-hinh-su-toi-pham-4036.html
2025-05-14 06:48:30,204 - INFO - Found link: https://lawnet.vn/vb/Chi-thi-02-2007-CT-UBND-tang-cuong-nang-cao-hieu-qua-cong-tac-thi-hanh-an-phat-tu-huong-an-treo-hinh-phat-cai-tao-khong-giam-giu-E08C.html
2025-05-14 06:48:30,207 - INFO - Found link: https://lawnet.vn/vb/Quyet-dinh-261-2006-QD-TTg-Hiep-dinh-giua-Viet-Nam-va-Lien-bang-Duc-hop-tac-chong-toi-pham-nguy-hiem-co-to-chuc-3D88.html
2025-05-14 06:48:30,211 - INFO - Found link: https://lawnet.vn/vb/Thong-tu-lien-tich-09-2006-TTLT-BLDTBXH-BCA-VKSNDTC-TANDTC-huong-dan-truy-cuu-trach-nhiem-hinh-su-nguoi-co-hanh-vi-pham-phap-luat-xuat-khau-lao-dong-3440.html
2025-05-14 06:48:30,214 - INFO - Found link: https://lawnet.vn/vb/Chi-thi-09-CT-UBND-tang-cuong-phong-chong-toi-pham-tai-nan-te-nan-xa-hoi-dam-bao-an-ninh-trat-tu-to-chuc-Dai-hoi-Dang-toan-quoc-lan-10-Tien-Giang-2D3C.html
2025-05-14 06:48:30,218 - INFO - Found link: https://lawnet.vn/cv/Cong-van-225-2005-KHXX-hieu-luc-cua-TT-21-2004-TTLT-BCA-TANDTC-VKSNDTC-BTP-E567.html
2025-05-14 06:48:30,221 - INFO - Found link: https://lawnet.vn/vb/Chi-thi-01-2005-CT-CA-cong-tac-dau-tranh-phong-chong-toi-pham-hinh-su-nganh-toa-an-nhan-dan-tinh-hinh-hien-nay-422C.html
2025-05-14 06:48:31,201 - INFO - Found link: https://lawnet.vn/vb/Quyet-dinh-1306-QD-CT-nam-2005-Quy-che-hoat-dong-Ban-chi-dao-phong-chong-toi-pham-ma-tuy-mai-dam-Phu-Tho-3F7DA.html
2025-05-14 06:48:31,221 - INFO - Found link: https://lawnet.vn/vb/Quyet-dinh-55-2005-QD-TTg-Quy-che-hoat-dong-Ban-Chi-dao-Chuong-trinh-Quoc-gia-phong-chong-toi-pham-CEC9.html
2025-05-14 06:48:31,225 - INFO - Found link: https://lawnet.vn/vb/Nghi-quyet-727-2004-NQ-UBTVQH11-thi-hanh-Phap-lenh-To-chuc-dieu-tra-hinh-su-CC6F.html
2025-05-14 06:48:31,229 - INFO - Found link: https://lawnet.vn/vb/Quyet-dinh-59-2004-QD-TTg-thanh-lap-Ban-Chi-dao-Chuong-trinh-quoc-gia-phong-chong-toi-pham-CB57.html
2025-05-14 06:48:31,232 - INFO - Found link: https://lawnet.vn/cv/Cong-van-105-2003-KHXX-ap-dung-luat-Hinh-su-C818.html
2025-05-14 06:48:31,236 - INFO - Found link: https://lawnet.vn/cv/Cong-van-97-2003-KHXX-xac-dinh-tinh-tiet-gay-co-tat-nhe-cho-nan-nhan-6E7C.html
2025-05-14 06:48:31,239 - INFO - Found link: https://lawnet.vn/vb/Hiep-dinh-hop-tac-chong-toi-pham-co-to-chuc-giua-Viet-Nam-Balan-2003-E006.html
2025-05-14 06:48:31,243 - INFO - Found link: https://lawnet.vn/cv/Cong-van-174-2002-KHXX-giai-quyet-yeu-cau-bi-can-bi-cao-nguoi-bi-hai-giam-dinh-hoac-giam-dinh-bo-sung-C445.html
2025-05-14 06:48:31,246 - INFO - Found link: https://lawnet.vn/cv/Cong-van-172-2002-KHXX-giai-quyet-de-nghi-cua-Luat-su-xac-dinh-tuoi-cua-nguoi-bi-hai-bang-giam-dinh-xuong-C447.html
2025-05-14 06:48:31,250 - INFO - Found link: https://lawnet.vn/cv/Cong-van-173-2002-KHXX-ap-dung-phap-luat-khi-xet-xu-toi-hiep-dam-tre-em-chua-du-13-tuoi-C448.html
2025-05-14 06:48:31,253 - INFO - Found link: https://lawnet.vn/cv/Cong-van-162-2002-KHXX-ap-dung-hinh-phat-tien-C44E.html
2025-05-14 06:48:31,256 - INFO - Found link: https://lawnet.vn/cv/Cong-van-148-2002-KHXX-huong-dan-ap-dung-Dieu-46-47-Bo-luat-hinh-su-C44A.html
2025-05-14 06:48:31,260 - INFO - Found link: https://lawnet.vn/cv/Cong-van-96-2002-KHXX-hoan-chap-hanh-hinh-phat-tu-C451.html
2025-05-14 06:48:31,263 - INFO - Found link: https://lawnet.vn/cv/Cong-van-988-KSDT-TA-xin-y-kien-ve-dinh-luong-Dieu-253-Bo-luat-hinh-su-2002-49828.html
2025-05-14 06:48:31,267 - INFO - Found link: https://lawnet.vn/vb/Thong-tu-lien-tich-01-2001-TTLT-BTP-BCA-TANDTC-VKSNDTC-quy-dinh-tai-Chuong-XV-toi-xam-pham-che-do-hon-nhan-gia-dinh-theo-bo-luat-hinh-su-1999-BD63.html
2025-05-14 06:48:31,270 - INFO - Found link: https://lawnet.vn/cv/Cong-van-93-2000-KHXX-tham-quyen-xet-xu-cua-Toa-an-lien-quan-den-thi-hanh-Bo-luat-hinh-su-nam-1999-B5F8.html
2025-05-14 06:48:31,274 - INFO - Found link: https://lawnet.vn/vb/Chi-thi-04-2000-CT-TTg-to-chuc-thi-hanh-Bo-luat-Hinh-su-B4CE.html
2025-05-14 06:48:31,278 - INFO - Found link: https://lawnet.vn/vb/Nghi-quyet-229-2000-NQ-UBTVQH10-trien-khai-thuc-hien-Muc-3-Nghi-quyet-cua-Quoc-hoi-Ve-viec-thi-hanh-Bo-luat-Hinh-su-B5FB.html
2025-05-14 06:48:31,281 - INFO - Found link: https://lawnet.vn/cv/Cong-van-10-2000-KHXX-thi-hanh-NQ-thi-hanh-Bo-luat-Hinh-su-B528.html
2025-05-14 06:48:31,284 - INFO - Found link: https://lawnet.vn/vb/Lenh-cong-bo-Bo-luat-hinh-su-01-L-CTN-E981.html
2025-05-14 06:48:32,198 - INFO - Found link: https://lawnet.vn/cv/Cong-van-03-VKS-huong-dan-thong-nhat-duong-loi-xu-ly-truong-hop-cu-the-thuoc-cac-toi-pham-ve-ma-tuy-E5D6.html
2025-05-14 06:48:32,202 - INFO - Found link: https://lawnet.vn/vb/Nghi-quyet-32-1999-NQ-QH10-thi-hanh-Bo-luat-Hinh-su-B3ED.html
2025-05-14 06:48:32,205 - INFO - Found link: https://lawnet.vn/cv/Cong-van-77-1999-KHXX-huong-dan-ap-dung-khoan-3-Dieu-38-BLHS-B2FC.html
2025-05-14 06:48:32,209 - INFO - Found link: https://lawnet.vn/cv/Cong-van-52-1999-KHXX-thuc-hien-quy-dinh-cua-Bo-luat-To-tung-Hinh-su-bi-cao-la-nguoi-chua-thanh-nien-B205.html
2025-05-14 06:48:32,213 - INFO - Found link: https://lawnet.vn/vb/Quyet-dinh-45-1999-QD-UB-Ban-chi-dao-phong-chong-toi-pham-Hoa-Binh-2BD6E.html
2025-05-14 06:48:32,216 - INFO - Found link: https://lawnet.vn/cv/Cong-van-53-1999-KHXX-huong-dan-ap-dung-Bo-luat-hinh-su-B2F9.html
2025-05-14 06:48:32,219 - INFO - Found link: https://lawnet.vn/cv/Cong-van-24-1999-KHXX-giai-dap-van-de-ap-dung-phap-luat-B206.html
2025-05-14 06:48:32,223 - INFO - Found link: https://lawnet.vn/cv/Cong-van05-1999-KHXX-xac-dinh-gia-tri-tai-san-theo-Bo-luat-Hinh-su-B208.html
2025-05-14 06:48:32,227 - INFO - Found link: https://lawnet.vn/vb/Nghi-quyet-1-1998-NQ-HDTP-huong-dan-viec-ap-dung-quy-dinh-Bo-Luat-hinh-su-20C83.html
2025-05-14 06:48:32,230 - INFO - Found link: https://lawnet.vn/vb/Chi-thi-09-1998-CT-UB-quan-ly-giao-duc-dau-tranh-phong-chong-toi-pham-Bac-Lieu-2BF13.html
2025-05-14 06:48:32,234 - INFO - Found link: https://lawnet.vn/cv/Cong-van-59-KHXX-ap-dung-quy-dinh-cua-Luat-bo-sung-Bo-luat-Hinh-su-B6FD.html
2025-05-14 06:48:32,237 - INFO - Found link: https://lawnet.vn/vb/Thong-bao-11-1997-TBLN-xu-ly-hinh-su-hanh-vi-san-xuat-van-chuyen-mua-ban-dot-phao-9DC1.html
2025-05-14 06:48:32,241 - INFO - Found link: https://lawnet.vn/vb/Thong-tu-lien-nganh-01-TTLN-huong-dan-Dieu-95-96-Bo-luat-hinh-su-9971.html
2025-05-14 06:48:32,244 - INFO - Found link: https://lawnet.vn/cv/Cong-van-133-NCPL-huong-dan-duong-loi-xu-ly-nguoi-tron-di-nuoc-ngoai-da-tu-nguyen-hoi-huong-A766.html
2025-05-14 06:48:32,248 - INFO - Found link: https://lawnet.vn/cv/Cong-van-48-VP-xet-xu-hanh-vi-cat-pha-duong-day-thong-tin-lien-lac-293E.html
2025-05-14 06:48:32,251 - INFO - Found link: https://lawnet.vn/cv/Cong-van-03-TATC-huong-dan-Bo-luat-hinh-su-A76A.html
2025-05-14 06:48:32,255 - INFO - Found link: https://lawnet.vn/cv/Cong-van-785-HS-xu-ly-toi-pham-gay-thiet-hai-cho-cong-trinh-phuong-tien-giao-thong-van-tai-thong-tin-2901.html
2025-05-14 06:48:32,255 - INFO - Waiting 12 seconds before next download...
2025-05-14 06:48:44,256 - INFO -  Done. Total 557 links saved to file_link_download_hinhsu.txt
